[INFO ] 2018-08-27T07:32:51,412Z [main] manifests.Manifests.info - 111 attributes loaded from 123 stream(s) in 481ms, 111 saved, 1956 ignored: ["ActiveMQ-Version", "Agent-Class", "Ant-Version", "Application-Class", "Application-Library-Allowable-Codebase", "Application-Name", "Application-Version", "Archiver-Version", "Automatic-Module-Name", "Bnd-LastModified", "Branch", "Build-Date", "Build-Host", "Build-Id", "Build-Java-Version", "Build-Jdk", "Build-Job", "Build-Number", "Build-Timestamp", "Built-By", "Built-OS", "Built-Status", "Bundle-Activator", "Bundle-Category", "Bundle-ClassPath", "Bundle-Copyright", "Bundle-Description", "Bundle-DocURL", "Bundle-License", "Bundle-ManifestVersion", "Bundle-Name", "Bundle-RequiredExecutionEnvironment", "Bundle-SymbolicName", "Bundle-Vendor", "Bundle-Version", "Caller-Allowable-Codebase", "Can-Redefine-Classes", "Can-Retransform-Classes", "Can-Set-Native-Method-Prefix", "Caplets", "Change", "Codebase", "Corda-Platform-Version", "Corda-Release-Version", "Corda-Revision", "Corda-Vendor", "Created-By", "DynamicImport-Package", "Eclipse-BuddyPolicy", "Eclipse-LazyStart", "Export-Package", "Extension-Name", "Fragment-Host", "Gradle-Version", "Ignore-Package", "Implementation-Build", "Implementation-Build-Date", "Implementation-Title", "Implementation-URL", "Implementation-Url", "Implementation-Vendor", "Implementation-Vendor-Id", "Implementation-Version", "Import-Package", "Include-Resource", "JCabi-Build", "JCabi-Date", "JCabi-Version", "JVM-Args", "Java-Agents", "Java-Vendor", "Java-Version", "Kotlin-Runtime-Component", "Kotlin-Version", "Log4jReleaseKey", "Log4jReleaseManager", "Log4jReleaseVersion", "Main-Class", "Main-class", "Manifest-Version", "Min-Java-Version", "Min-Update-Version", "Module-Email", "Module-Origin", "Module-Owner", "Module-Source", "Multi-Release", "Originally-Created-By", "Os-Arch", "Os-Name", "Os-Version", "Package", "Permissions", "Premain-Class", "Private-Package", "Provide-Capability", "Require-Capability", "SCM-Revision", "SCM-url", "Scm-Connection", "Scm-Revision", "Scm-Url", "Service-Component", "Specification-Title", "Specification-Vendor", "Specification-Version", "System-Properties", "Tool", "Trusted-Library", "X-Compile-Source-JDK", "X-Compile-Target-JDK"] {}
[INFO ] 2018-08-27T07:32:51,596Z [main] BasicInfo.printBasicNodeInfo - Logs can be found in                    : /home/parnika/workspace/checkgithubContri/PropertyListing/build/nodes/PartyA/logs {}
[INFO ] 2018-08-27T07:32:51,672Z [main] config.ConfigHelper.loadConfig - Config:
{
    # reference.conf @ jar:file:/home/parnika/workspace/checkgithubContri/PropertyListing/build/nodes/PartyA/corda.jar!/reference.conf: 20
    "activeMQServer" : {
        # reference.conf @ jar:file:/home/parnika/workspace/checkgithubContri/PropertyListing/build/nodes/PartyA/corda.jar!/reference.conf: 21
        "bridge" : {
            # reference.conf @ jar:file:/home/parnika/workspace/checkgithubContri/PropertyListing/build/nodes/PartyA/corda.jar!/reference.conf: 24
            "maxRetryIntervalMin" : 3,
            # reference.conf @ jar:file:/home/parnika/workspace/checkgithubContri/PropertyListing/build/nodes/PartyA/corda.jar!/reference.conf: 22
            "retryIntervalMs" : 5000,
            # reference.conf @ jar:file:/home/parnika/workspace/checkgithubContri/PropertyListing/build/nodes/PartyA/corda.jar!/reference.conf: 23
            "retryIntervalMultiplier" : 1.5
        }
    },
    # hardcoded value
    "baseDirectory" : "/home/parnika/workspace/checkgithubContri/PropertyListing/build/nodes/PartyA",
    # merge of reference.conf @ jar:file:/home/parnika/workspace/checkgithubContri/PropertyListing/build/nodes/PartyA/corda.jar!/reference.conf: 6,reference.conf @ jar:file:/home/parnika/workspace/checkgithubContri/PropertyListing/build/nodes/.cache/apps/net.corda.node.Corda_3.2-corda/corda-node-3.2-corda.jar!/reference.conf: 6
    "dataSourceProperties" : {
        # reference.conf @ jar:file:/home/parnika/workspace/checkgithubContri/PropertyListing/build/nodes/PartyA/corda.jar!/reference.conf: 10
        "dataSource.password" : "",
        # merge of reference.conf @ jar:file:/home/parnika/workspace/checkgithubContri/PropertyListing/build/nodes/PartyA/corda.jar!/reference.conf: 8,hardcoded value,reference.conf @ jar:file:/home/parnika/workspace/checkgithubContri/PropertyListing/build/nodes/PartyA/corda.jar!/reference.conf: 8,reference.conf @ jar:file:/home/parnika/workspace/checkgithubContri/PropertyListing/build/nodes/PartyA/corda.jar!/reference.conf: 17
        "dataSource.url" : "jdbc:h2:file:/home/parnika/workspace/checkgithubContri/PropertyListing/build/nodes/PartyA/persistence;DB_CLOSE_ON_EXIT=FALSE;LOCK_TIMEOUT=10000;WRITE_DELAY=100;AUTO_SERVER_PORT=0",
        # reference.conf @ jar:file:/home/parnika/workspace/checkgithubContri/PropertyListing/build/nodes/PartyA/corda.jar!/reference.conf: 9
        "dataSource.user" : "sa",
        # reference.conf @ jar:file:/home/parnika/workspace/checkgithubContri/PropertyListing/build/nodes/PartyA/corda.jar!/reference.conf: 7
        "dataSourceClassName" : "org.h2.jdbcx.JdbcDataSource"
    },
    # reference.conf @ jar:file:/home/parnika/workspace/checkgithubContri/PropertyListing/build/nodes/PartyA/corda.jar!/reference.conf: 12
    "database" : {
        # reference.conf @ jar:file:/home/parnika/workspace/checkgithubContri/PropertyListing/build/nodes/PartyA/corda.jar!/reference.conf: 14
        "exportHibernateJMXStatistics" : "false",
        # reference.conf @ jar:file:/home/parnika/workspace/checkgithubContri/PropertyListing/build/nodes/PartyA/corda.jar!/reference.conf: 13
        "transactionIsolationLevel" : "REPEATABLE_READ"
    },
    # reference.conf @ jar:file:/home/parnika/workspace/checkgithubContri/PropertyListing/build/nodes/PartyA/corda.jar!/reference.conf: 16
    "devMode" : true,
    # reference.conf @ jar:file:/home/parnika/workspace/checkgithubContri/PropertyListing/build/nodes/PartyA/corda.jar!/reference.conf: 2
    "emailAddress" : "admin@company.com",
    # reference.conf @ jar:file:/home/parnika/workspace/checkgithubContri/PropertyListing/build/nodes/PartyA/corda.jar!/reference.conf: 3
    "exportJMXto" : "http",
    # reference.conf @ jar:file:/home/parnika/workspace/checkgithubContri/PropertyListing/build/nodes/PartyA/corda.jar!/reference.conf: 17
    "h2port" : 0,
    # reference.conf @ jar:file:/home/parnika/workspace/checkgithubContri/PropertyListing/build/nodes/PartyA/corda.jar!/reference.conf: 4
    "keyStorePassword" : "cordacadevpass",
    # /home/parnika/workspace/checkgithubContri/PropertyListing/build/nodes/PartyA/node.conf: 1
    "myLegalName" : "O=PartyA,L=London,C=GB",
    # /home/parnika/workspace/checkgithubContri/PropertyListing/build/nodes/PartyA/node.conf: 2
    "p2pAddress" : "localhost:10005",
    # merge of /home/parnika/workspace/checkgithubContri/PropertyListing/build/nodes/PartyA/node.conf: 3,reference.conf @ jar:file:/home/parnika/workspace/checkgithubContri/PropertyListing/build/nodes/PartyA/corda.jar!/reference.conf: 27
    "rpcSettings" : {
        # /home/parnika/workspace/checkgithubContri/PropertyListing/build/nodes/PartyA/node.conf: 4
        "address" : "localhost:10006",
        # /home/parnika/workspace/checkgithubContri/PropertyListing/build/nodes/PartyA/node.conf: 5
        "adminAddress" : "localhost:10046",
        # reference.conf @ jar:file:/home/parnika/workspace/checkgithubContri/PropertyListing/build/nodes/PartyA/corda.jar!/reference.conf: 29
        "standAloneBroker" : false,
        # reference.conf @ jar:file:/home/parnika/workspace/checkgithubContri/PropertyListing/build/nodes/PartyA/corda.jar!/reference.conf: 28
        "useSsl" : false
    },
    # /home/parnika/workspace/checkgithubContri/PropertyListing/build/nodes/PartyA/node.conf: 7
    "rpcUsers" : [
        # /home/parnika/workspace/checkgithubContri/PropertyListing/build/nodes/PartyA/node.conf: 8
        {
            # /home/parnika/workspace/checkgithubContri/PropertyListing/build/nodes/PartyA/node.conf: 9
            "password" : "test",
            # /home/parnika/workspace/checkgithubContri/PropertyListing/build/nodes/PartyA/node.conf: 10
            "permissions" : [
                # /home/parnika/workspace/checkgithubContri/PropertyListing/build/nodes/PartyA/node.conf: 11
                "ALL"
            ],
            # /home/parnika/workspace/checkgithubContri/PropertyListing/build/nodes/PartyA/node.conf: 13
            "user" : "user1"
        }
    ],
    # reference.conf @ jar:file:/home/parnika/workspace/checkgithubContri/PropertyListing/build/nodes/PartyA/corda.jar!/reference.conf: 5
    "trustStorePassword" : "trustpass",
    # reference.conf @ jar:file:/home/parnika/workspace/checkgithubContri/PropertyListing/build/nodes/PartyA/corda.jar!/reference.conf: 18
    "useTestClock" : false,
    # reference.conf @ jar:file:/home/parnika/workspace/checkgithubContri/PropertyListing/build/nodes/PartyA/corda.jar!/reference.conf: 19
    "verifierType" : "InMemory",
    # /home/parnika/workspace/checkgithubContri/PropertyListing/build/nodes/PartyA/node.conf: 16
    "webAddress" : "localhost:10007"
}
 {}
[WARN ] 2018-08-27T07:32:52,629Z [main] internal.config.defaultToOldPath - Config key user has been deprecated and will be removed in a future release. Use username instead {}
[INFO ] 2018-08-27T07:32:52,710Z [main] internal.Node.logStartupInfo - Vendor: Corda Open Source {}
[INFO ] 2018-08-27T07:32:52,711Z [main] internal.Node.logStartupInfo - Release: 3.2-corda {}
[INFO ] 2018-08-27T07:32:52,711Z [main] internal.Node.logStartupInfo - Platform Version: 3 {}
[INFO ] 2018-08-27T07:32:52,711Z [main] internal.Node.logStartupInfo - Revision: 5ae8325980ad22df8146b983afeaca344fc03c3e {}
[INFO ] 2018-08-27T07:32:52,712Z [main] internal.Node.logStartupInfo - PID: 31481 {}
[INFO ] 2018-08-27T07:32:52,712Z [main] internal.Node.logStartupInfo - Main class: /home/parnika/workspace/checkgithubContri/PropertyListing/build/nodes/.cache/apps/net.corda.node.Corda_3.2-corda/corda-node-3.2-corda.jar {}
[INFO ] 2018-08-27T07:32:52,712Z [main] internal.Node.logStartupInfo - CommandLine Args: -Xmx200m -XX:+UseG1GC -javaagent:/home/parnika/workspace/checkgithubContri/PropertyListing/build/nodes/.cache/apps/net.corda.node.Corda_3.2-corda/quasar-core-0.7.9-jdk8.jar=x(antlr**;bftsmart**;ch**;co.paralleluniverse**;com.codahale**;com.esotericsoftware**;com.fasterxml**;com.google**;com.ibm**;com.intellij**;com.jcabi**;com.nhaarman**;com.opengamma**;com.typesafe**;com.zaxxer**;de.javakaffee**;groovy**;groovyjarjarantlr**;groovyjarjarasm**;io.atomix**;io.github**;io.netty**;jdk**;joptsimple**;junit**;kotlin**;net.bytebuddy**;net.i2p**;org.apache**;org.assertj**;org.bouncycastle**;org.codehaus**;org.crsh**;org.dom4j**;org.fusesource**;org.h2**;org.hamcrest**;org.hibernate**;org.jboss**;org.jcp**;org.joda**;org.junit**;org.mockito**;org.objectweb**;org.objenesis**;org.slf4j**;org.w3c**;org.xml**;org.yaml**;reflectasm**;rx**;org.jolokia**) -Dvisualvm.display.name=Corda -Djava.library.path=/usr/java/packages/lib/amd64:/usr/lib64:/lib64:/lib:/usr/lib:/home/parnika/workspace/checkgithubContri/PropertyListing/build/nodes/.cache/apps/net.corda.node.Corda_3.2-corda -Dcapsule.app=net.corda.node.Corda_3.2-corda -Dcapsule.dir=/home/parnika/workspace/checkgithubContri/PropertyListing/build/nodes/.cache/apps/net.corda.node.Corda_3.2-corda -Dcapsule.jar=/home/parnika/workspace/checkgithubContri/PropertyListing/build/nodes/PartyA/corda.jar {}
[INFO ] 2018-08-27T07:32:52,713Z [main] internal.Node.logStartupInfo - Application Args: --just-generate-node-info {}
[INFO ] 2018-08-27T07:32:52,713Z [main] internal.Node.logStartupInfo - bootclasspath: /usr/lib/jvm/java-8-oracle/jre/lib/resources.jar:/usr/lib/jvm/java-8-oracle/jre/lib/rt.jar:/usr/lib/jvm/java-8-oracle/jre/lib/sunrsasign.jar:/usr/lib/jvm/java-8-oracle/jre/lib/jsse.jar:/usr/lib/jvm/java-8-oracle/jre/lib/jce.jar:/usr/lib/jvm/java-8-oracle/jre/lib/charsets.jar:/usr/lib/jvm/java-8-oracle/jre/lib/jfr.jar:/usr/lib/jvm/java-8-oracle/jre/classes {}
[INFO ] 2018-08-27T07:32:52,713Z [main] internal.Node.logStartupInfo - classpath: /home/parnika/workspace/checkgithubContri/PropertyListing/build/nodes/PartyA/corda.jar:/home/parnika/workspace/checkgithubContri/PropertyListing/build/nodes/.cache/apps/net.corda.node.Corda_3.2-corda/corda-rpc-3.2-corda.jar:/home/parnika/workspace/checkgithubContri/PropertyListing/build/nodes/.cache/apps/net.corda.node.Corda_3.2-corda/corda-node-api-3.2-corda.jar:/home/parnika/workspace/checkgithubContri/PropertyListing/build/nodes/.cache/apps/net.corda.node.Corda_3.2-corda/corda-confidential-identities-3.2-corda.jar:/home/parnika/workspace/checkgithubContri/PropertyListing/build/nodes/.cache/apps/net.corda.node.Corda_3.2-corda/cordform-common-3.1.0.jar:/home/parnika/workspace/checkgithubContri/PropertyListing/build/nodes/.cache/apps/net.corda.node.Corda_3.2-corda/log4j-slf4j-impl-2.9.1.jar:/home/parnika/workspace/checkgithubContri/PropertyListing/build/nodes/.cache/apps/net.corda.node.Corda_3.2-corda/log4j-web-2.9.1.jar:/home/parnika/workspace/checkgithubContri/PropertyListing/build/nodes/.cache/apps/net.corda.node.Corda_3.2-corda/jul-to-slf4j-1.7.25.jar:/home/parnika/workspace/checkgithubContri/PropertyListing/build/nodes/.cache/apps/net.corda.node.Corda_3.2-corda/corda-jackson-3.2-corda.jar:/home/parnika/workspace/checkgithubContri/PropertyListing/build/nodes/.cache/apps/net.corda.node.Corda_3.2-corda/corda-core-3.2-corda.jar:/home/parnika/workspace/checkgithubContri/PropertyListing/build/nodes/.cache/apps/net.corda.node.Corda_3.2-corda/kotlin-stdlib-jre8-1.1.60.jar:/home/parnika/workspace/checkgithubContri/PropertyListing/build/nodes/.cache/apps/net.corda.node.Corda_3.2-corda/jackson-module-kotlin-2.9.2.jar:/home/parnika/workspace/checkgithubContri/PropertyListing/build/nodes/.cache/apps/net.corda.node.Corda_3.2-corda/kotlin-reflect-1.1.60.jar:/home/parnika/workspace/checkgithubContri/PropertyListing/build/nodes/.cache/apps/net.corda.node.Corda_3.2-corda/jimfs-1.1.jar:/home/parnika/workspace/checkgithubContri/PropertyListing/build/nodes/.cache/apps/net.corda.node.Corda_3.2-corda/artemis-amqp-protocol-2.2.0.jar:/home/parnika/workspace/checkgithubContri/PropertyListing/build/nodes/.cache/apps/net.corda.node.Corda_3.2-corda/artemis-server-2.2.0.jar:/home/parnika/workspace/checkgithubContri/PropertyListing/build/nodes/.cache/apps/net.corda.node.Corda_3.2-corda/artemis-jdbc-store-2.2.0.jar:/home/parnika/workspace/checkgithubContri/PropertyListing/build/nodes/.cache/apps/net.corda.node.Corda_3.2-corda/artemis-jms-client-2.2.0.jar:/home/parnika/workspace/checkgithubContri/PropertyListing/build/nodes/.cache/apps/net.corda.node.Corda_3.2-corda/artemis-core-client-2.2.0.jar:/home/parnika/workspace/checkgithubContri/PropertyListing/build/nodes/.cache/apps/net.corda.node.Corda_3.2-corda/artemis-journal-2.2.0.jar:/home/parnika/workspace/checkgithubContri/PropertyListing/build/nodes/.cache/apps/net.corda.node.Corda_3.2-corda/artemis-commons-2.2.0.jar:/home/parnika/workspace/checkgithubContri/PropertyListing/build/nodes/.cache/apps/net.corda.node.Corda_3.2-corda/guava-21.0.jar:/home/parnika/workspace/checkgithubContri/PropertyListing/build/nodes/.cache/apps/net.corda.node.Corda_3.2-corda/jopt-simple-5.0.2.jar:/home/parnika/workspace/checkgithubContri/PropertyListing/build/nodes/.cache/apps/net.corda.node.Corda_3.2-corda/commons-collections4-4.1.jar:/home/parnika/workspace/checkgithubContri/PropertyListing/build/nodes/.cache/apps/net.corda.node.Corda_3.2-corda/shiro-core-1.4.0.jar:/home/parnika/workspace/checkgithubContri/PropertyListing/build/nodes/.cache/apps/net.corda.node.Corda_3.2-corda/shiro-config-ogdl-1.4.0.jar:/home/parnika/workspace/checkgithubContri/PropertyListing/build/nodes/.cache/apps/net.corda.node.Corda_3.2-corda/commons-beanutils-1.9.3.jar:/home/parnika/workspace/checkgithubContri/PropertyListing/build/nodes/.cache/apps/net.corda.node.Corda_3.2-corda/jansi-1.14.jar:/home/parnika/workspace/checkgithubContri/PropertyListing/build/nodes/.cache/apps/net.corda.node.Corda_3.2-corda/jcabi-manifests-1.1.jar:/home/parnika/workspace/checkgithubContri/PropertyListing/build/nodes/.cache/apps/net.corda.node.Corda_3.2-corda/forms_rt-7.0.3.jar:/home/parnika/workspace/checkgithubContri/PropertyListing/build/nodes/.cache/apps/net.corda.node.Corda_3.2-corda/metrics-core-3.1.2.jar:/home/parnika/workspace/checkgithubContri/PropertyListing/build/nodes/.cache/apps/net.corda.node.Corda_3.2-corda/config-1.3.1.jar:/home/parnika/workspace/checkgithubContri/PropertyListing/build/nodes/.cache/apps/net.corda.node.Corda_3.2-corda/h2-1.4.194.jar:/home/parnika/workspace/checkgithubContri/PropertyListing/build/nodes/.cache/apps/net.corda.node.Corda_3.2-corda/postgresql-42.1.4.jar:/home/parnika/workspace/checkgithubContri/PropertyListing/build/nodes/.cache/apps/net.corda.node.Corda_3.2-corda/HikariCP-2.5.1.jar:/home/parnika/workspace/checkgithubContri/PropertyListing/build/nodes/.cache/apps/net.corda.node.Corda_3.2-corda/hibernate-java8-5.2.6.Final.jar:/home/parnika/workspace/checkgithubContri/PropertyListing/build/nodes/.cache/apps/net.corda.node.Corda_3.2-corda/hibernate-core-5.2.6.Final.jar:/home/parnika/workspace/checkgithubContri/PropertyListing/build/nodes/.cache/apps/net.corda.node.Corda_3.2-corda/copycat-client-1.2.3.jar:/home/parnika/workspace/checkgithubContri/PropertyListing/build/nodes/.cache/apps/net.corda.node.Corda_3.2-corda/copycat-server-1.2.3.jar:/home/parnika/workspace/checkgithubContri/PropertyListing/build/nodes/.cache/apps/net.corda.node.Corda_3.2-corda/catalyst-netty-1.1.2.jar:/home/parnika/workspace/checkgithubContri/PropertyListing/build/nodes/.cache/apps/net.corda.node.Corda_3.2-corda/netty-all-4.1.9.Final.jar:/home/parnika/workspace/checkgithubContri/PropertyListing/build/nodes/.cache/apps/net.corda.node.Corda_3.2-corda/crash.connectors.ssh-cadb53544fbb3c0fb901445da614998a6a419488.jar:/home/parnika/workspace/checkgithubContri/PropertyListing/build/nodes/.cache/apps/net.corda.node.Corda_3.2-corda/crash.shell-cadb53544fbb3c0fb901445da614998a6a419488.jar:/home/parnika/workspace/checkgithubContri/PropertyListing/build/nodes/.cache/apps/net.corda.node.Corda_3.2-corda/okhttp-3.5.0.jar:/home/parnika/workspace/checkgithubContri/PropertyListing/build/nodes/.cache/apps/net.corda.node.Corda_3.2-corda/commons-codec-1.10.jar:/home/parnika/workspace/checkgithubContri/PropertyListing/build/nodes/.cache/apps/net.corda.node.Corda_3.2-corda/library-master-v1.1-beta-g6215ec8-87.jar:/home/parnika/workspace/checkgithubContri/PropertyListing/build/nodes/.cache/apps/net.corda.node.Corda_3.2-corda/jolokia-jvm-1.6.0-agent.jar:/home/parnika/workspace/checkgithubContri/PropertyListing/build/nodes/.cache/apps/net.corda.node.Corda_3.2-corda/quasar-core-0.7.9-jdk8.jar:/home/parnika/workspace/checkgithubContri/PropertyListing/build/nodes/.cache/apps/net.corda.node.Corda_3.2-corda/commons-fileupload-1.3.3.jar:/home/parnika/workspace/checkgithubContri/PropertyListing/build/nodes/.cache/apps/net.corda.node.Corda_3.2-corda/kryo-serializers-0.41.jar:/home/parnika/workspace/checkgithubContri/PropertyListing/build/nodes/.cache/apps/net.corda.node.Corda_3.2-corda/kryo-4.0.0.jar:/home/parnika/workspace/checkgithubContri/PropertyListing/build/nodes/.cache/apps/net.corda.node.Corda_3.2-corda/proton-j-0.21.0.jar:/home/parnika/workspace/checkgithubContri/PropertyListing/build/nodes/.cache/apps/net.corda.node.Corda_3.2-corda/fast-classpath-scanner-2.12.3.jar:/home/parnika/workspace/checkgithubContri/PropertyListing/build/nodes/.cache/apps/net.corda.node.Corda_3.2-corda/jsr305-3.0.2.jar:/home/parnika/workspace/checkgithubContri/PropertyListing/build/nodes/.cache/apps/net.corda.node.Corda_3.2-corda/jcabi-log-0.14.jar:/home/parnika/workspace/checkgithubContri/PropertyListing/build/nodes/.cache/apps/net.corda.node.Corda_3.2-corda/copycat-protocol-1.2.3.jar:/home/parnika/workspace/checkgithubContri/PropertyListing/build/nodes/.cache/apps/net.corda.node.Corda_3.2-corda/catalyst-transport-1.1.2.jar:/home/parnika/workspace/checkgithubContri/PropertyListing/build/nodes/.cache/apps/net.corda.node.Corda_3.2-corda/mina-core-2.0.16.jar:/home/parnika/workspace/checkgithubContri/PropertyListing/build/nodes/.cache/apps/net.corda.node.Corda_3.2-corda/shiro-cache-1.4.0.jar:/home/parnika/workspace/checkgithubContri/PropertyListing/build/nodes/.cache/apps/net.corda.node.Corda_3.2-corda/shiro-crypto-hash-1.4.0.jar:/home/parnika/workspace/checkgithubContri/PropertyListing/build/nodes/.cache/apps/net.corda.node.Corda_3.2-corda/shiro-crypto-cipher-1.4.0.jar:/home/parnika/workspace/checkgithubContri/PropertyListing/build/nodes/.cache/apps/net.corda.node.Corda_3.2-corda/shiro-config-core-1.4.0.jar:/home/parnika/workspace/checkgithubContri/PropertyListing/build/nodes/.cache/apps/net.corda.node.Corda_3.2-corda/shiro-event-1.4.0.jar:/home/parnika/workspace/checkgithubContri/PropertyListing/build/nodes/.cache/apps/net.corda.node.Corda_3.2-corda/shiro-crypto-core-1.4.0.jar:/home/parnika/workspace/checkgithubContri/PropertyListing/build/nodes/.cache/apps/net.corda.node.Corda_3.2-corda/shiro-lang-1.4.0.jar:/home/parnika/workspace/checkgithubContri/PropertyListing/build/nodes/.cache/apps/net.corda.node.Corda_3.2-corda/jcl-over-slf4j-1.7.25.jar:/home/parnika/workspace/checkgithubContri/PropertyListing/build/nodes/.cache/apps/net.corda.node.Corda_3.2-corda/catalyst-concurrent-1.1.2.jar:/home/parnika/workspace/checkgithubContri/PropertyListing/build/nodes/.cache/apps/net.corda.node.Corda_3.2-corda/catalyst-serializer-1.1.2.jar:/home/parnika/workspace/checkgithubContri/PropertyListing/build/nodes/.cache/apps/net.corda.node.Corda_3.2-corda/catalyst-buffer-1.1.2.jar:/home/parnika/workspace/checkgithubContri/PropertyListing/build/nodes/.cache/apps/net.corda.node.Corda_3.2-corda/catalyst-common-1.1.2.jar:/home/parnika/workspace/checkgithubContri/PropertyListing/build/nodes/.cache/apps/net.corda.node.Corda_3.2-corda/sshd-pam-0.11.0.jar:/home/parnika/workspace/checkgithubContri/PropertyListing/build/nodes/.cache/apps/net.corda.node.Corda_3.2-corda/sshd-core-1.6.0.jar:/home/parnika/workspace/checkgithubContri/PropertyListing/build/nodes/.cache/apps/net.corda.node.Corda_3.2-corda/slf4j-api-1.7.25.jar:/home/parnika/workspace/checkgithubContri/PropertyListing/build/nodes/.cache/apps/net.corda.node.Corda_3.2-corda/log4j-core-2.9.1.jar:/home/parnika/workspace/checkgithubContri/PropertyListing/build/nodes/.cache/apps/net.corda.node.Corda_3.2-corda/log4j-api-2.9.1.jar:/home/parnika/workspace/checkgithubContri/PropertyListing/build/nodes/.cache/apps/net.corda.node.Corda_3.2-corda/kotlin-stdlib-jre7-1.1.60.jar:/home/parnika/workspace/checkgithubContri/PropertyListing/build/nodes/.cache/apps/net.corda.node.Corda_3.2-corda/kotlin-stdlib-1.1.60.jar:/home/parnika/workspace/checkgithubContri/PropertyListing/build/nodes/.cache/apps/net.corda.node.Corda_3.2-corda/commons-collections-3.2.2.jar:/home/parnika/workspace/checkgithubContri/PropertyListing/build/nodes/.cache/apps/net.corda.node.Corda_3.2-corda/hibernate-commons-annotations-5.0.1.Final.jar:/home/parnika/workspace/checkgithubContri/PropertyListing/build/nodes/.cache/apps/net.corda.node.Corda_3.2-corda/artemis-native-2.2.0.jar:/home/parnika/workspace/checkgithubContri/PropertyListing/build/nodes/.cache/apps/net.corda.node.Corda_3.2-corda/jboss-logging-3.3.0.Final.jar:/home/parnika/workspace/checkgithubContri/PropertyListing/build/nodes/.cache/apps/net.corda.node.Corda_3.2-corda/artemis-selector-2.2.0.jar:/home/parnika/workspace/checkgithubContri/PropertyListing/build/nodes/.cache/apps/net.corda.node.Corda_3.2-corda/jgroups-3.6.13.Final.jar:/home/parnika/workspace/checkgithubContri/PropertyListing/build/nodes/.cache/apps/net.corda.node.Corda_3.2-corda/geronimo-json_1.0_spec-1.0-alpha-1.jar:/home/parnika/workspace/checkgithubContri/PropertyListing/build/nodes/.cache/apps/net.corda.node.Corda_3.2-corda/johnzon-core-0.9.5.jar:/home/parnika/workspace/checkgithubContri/PropertyListing/build/nodes/.cache/apps/net.corda.node.Corda_3.2-corda/forms-1.1-preview.jar:/home/parnika/workspace/checkgithubContri/PropertyListing/build/nodes/.cache/apps/net.corda.node.Corda_3.2-corda/jdom-1.0.jar:/home/parnika/workspace/checkgithubContri/PropertyListing/build/nodes/.cache/apps/net.corda.node.Corda_3.2-corda/jackson-dataformat-yaml-2.9.2.jar:/home/parnika/workspace/checkgithubContri/PropertyListing/build/nodes/.cache/apps/net.corda.node.Corda_3.2-corda/jackson-datatype-jsr310-2.9.2.jar:/home/parnika/workspace/checkgithubContri/PropertyListing/build/nodes/.cache/apps/net.corda.node.Corda_3.2-corda/hibernate-jpa-2.1-api-1.0.0.Final.jar:/home/parnika/workspace/checkgithubContri/PropertyListing/build/nodes/.cache/apps/net.corda.node.Corda_3.2-corda/javassist-3.20.0-GA.jar:/home/parnika/workspace/checkgithubContri/PropertyListing/build/nodes/.cache/apps/net.corda.node.Corda_3.2-corda/antlr-2.7.7.jar:/home/parnika/workspace/checkgithubContri/PropertyListing/build/nodes/.cache/apps/net.corda.node.Corda_3.2-corda/geronimo-jta_1.1_spec-1.1.1.jar:/home/parnika/workspace/checkgithubContri/PropertyListing/build/nodes/.cache/apps/net.corda.node.Corda_3.2-corda/jandex-2.0.3.Final.jar:/home/parnika/workspace/checkgithubContri/PropertyListing/build/nodes/.cache/apps/net.corda.node.Corda_3.2-corda/classmate-1.3.0.jar:/home/parnika/workspace/checkgithubContri/PropertyListing/build/nodes/.cache/apps/net.corda.node.Corda_3.2-corda/dom4j-1.6.1.jar:/home/parnika/workspace/checkgithubContri/PropertyListing/build/nodes/.cache/apps/net.corda.node.Corda_3.2-corda/cdi-api-1.1.jar:/home/parnika/workspace/checkgithubContri/PropertyListing/build/nodes/.cache/apps/net.corda.node.Corda_3.2-corda/crash.cli-cadb53544fbb3c0fb901445da614998a6a419488.jar:/home/parnika/workspace/checkgithubContri/PropertyListing/build/nodes/.cache/apps/net.corda.node.Corda_3.2-corda/groovy-all-1.8.9.jar:/home/parnika/workspace/checkgithubContri/PropertyListing/build/nodes/.cache/apps/net.corda.node.Corda_3.2-corda/okio-1.11.0.jar:/home/parnika/workspace/checkgithubContri/PropertyListing/build/nodes/.cache/apps/net.corda.node.Corda_3.2-corda/jolokia-core-1.6.0.jar:/home/parnika/workspace/checkgithubContri/PropertyListing/build/nodes/.cache/apps/net.corda.node.Corda_3.2-corda/json-simple-1.1.1.jar:/home/parnika/workspace/checkgithubContri/PropertyListing/build/nodes/.cache/apps/net.corda.node.Corda_3.2-corda/rxjava-1.2.4.jar:/home/parnika/workspace/checkgithubContri/PropertyListing/build/nodes/.cache/apps/net.corda.node.Corda_3.2-corda/commons-jexl3-3.0.jar:/home/parnika/workspace/checkgithubContri/PropertyListing/build/nodes/.cache/apps/net.corda.node.Corda_3.2-corda/jackson-databind-2.9.2.jar:/home/parnika/workspace/checkgithubContri/PropertyListing/build/nodes/.cache/apps/net.corda.node.Corda_3.2-corda/eddsa-0.2.0.jar:/home/parnika/workspace/checkgithubContri/PropertyListing/build/nodes/.cache/apps/net.corda.node.Corda_3.2-corda/bcpkix-jdk15on-1.57.jar:/home/parnika/workspace/checkgithubContri/PropertyListing/build/nodes/.cache/apps/net.corda.node.Corda_3.2-corda/bcprov-jdk15on-1.57.jar:/home/parnika/workspace/checkgithubContri/PropertyListing/build/nodes/.cache/apps/net.corda.node.Corda_3.2-corda/commons-io-2.2.jar:/home/parnika/workspace/checkgithubContri/PropertyListing/build/nodes/.cache/apps/net.corda.node.Corda_3.2-corda/reflectasm-1.11.3.jar:/home/parnika/workspace/checkgithubContri/PropertyListing/build/nodes/.cache/apps/net.corda.node.Corda_3.2-corda/minlog-1.3.0.jar:/home/parnika/workspace/checkgithubContri/PropertyListing/build/nodes/.cache/apps/net.corda.node.Corda_3.2-corda/objenesis-2.2.jar:/home/parnika/workspace/checkgithubContri/PropertyListing/build/nodes/.cache/apps/net.corda.node.Corda_3.2-corda/annotations-13.0.jar:/home/parnika/workspace/checkgithubContri/PropertyListing/build/nodes/.cache/apps/net.corda.node.Corda_3.2-corda/jackson-annotations-2.9.0.jar:/home/parnika/workspace/checkgithubContri/PropertyListing/build/nodes/.cache/apps/net.corda.node.Corda_3.2-corda/snakeyaml-1.18.jar:/home/parnika/workspace/checkgithubContri/PropertyListing/build/nodes/.cache/apps/net.corda.node.Corda_3.2-corda/jackson-core-2.9.2.jar:/home/parnika/workspace/checkgithubContri/PropertyListing/build/nodes/.cache/apps/net.corda.node.Corda_3.2-corda/el-api-2.2.jar:/home/parnika/workspace/checkgithubContri/PropertyListing/build/nodes/.cache/apps/net.corda.node.Corda_3.2-corda/jboss-interceptors-api_1.1_spec-1.0.0.Beta1.jar:/home/parnika/workspace/checkgithubContri/PropertyListing/build/nodes/.cache/apps/net.corda.node.Corda_3.2-corda/jsr250-api-1.0.jar:/home/parnika/workspace/checkgithubContri/PropertyListing/build/nodes/.cache/apps/net.corda.node.Corda_3.2-corda/javax.inject-1.jar:/home/parnika/workspace/checkgithubContri/PropertyListing/build/nodes/.cache/apps/net.corda.node.Corda_3.2-corda/jpam-1.1.jar:/home/parnika/workspace/checkgithubContri/PropertyListing/build/nodes/.cache/apps/net.corda.node.Corda_3.2-corda/geronimo-jms_2.0_spec-1.0-alpha-2.jar:/home/parnika/workspace/checkgithubContri/PropertyListing/build/nodes/.cache/apps/net.corda.node.Corda_3.2-corda/asm-5.0.4.jar:/home/parnika/workspace/checkgithubContri/PropertyListing/build/nodes/.cache/apps/net.corda.node.Corda_3.2-corda/corda-node-3.2-corda.jar:/home/parnika/workspace/checkgithubContri/PropertyListing/build/nodes/.cache/apps/net.corda.node.Corda_3.2-corda/quasar-core-0.7.9-jdk8.jar {}
[INFO ] 2018-08-27T07:32:52,715Z [main] internal.Node.logStartupInfo - VM Java HotSpot(TM) 64-Bit Server VM Oracle Corporation 25.171-b11 {}
[INFO ] 2018-08-27T07:32:52,716Z [main] internal.Node.logStartupInfo - Machine: BCSLAPY-PARNIKA {}
[INFO ] 2018-08-27T07:32:52,716Z [main] internal.Node.logStartupInfo - Working Directory: /home/parnika/workspace/checkgithubContri/PropertyListing/build/nodes/PartyA {}
[INFO ] 2018-08-27T07:32:52,717Z [main] internal.Node.logStartupInfo - Starting as node on localhost:10005 {}
[INFO ] 2018-08-27T07:32:52,876Z [main] cordapp.CordappLoader.<init> - No CorDapp paths provided {}
[INFO ] 2018-08-27T07:32:53,128Z [main] internal.Node.generateAndSaveNodeInfo - Generating nodeInfo ... {}
[WARN ] 2018-08-27T07:32:53,128Z [main] internal.Node.initCertificate - Corda node is running in dev mode. {}
[INFO ] 2018-08-27T07:32:53,888Z [main] internal.Node.obtainIdentity - identity-private-key not found in key store /home/parnika/workspace/checkgithubContri/PropertyListing/build/nodes/PartyA/certificates/nodekeystore.jks, generating fresh key! {}
[INFO ] 2018-08-27T07:32:54,245Z [main] BasicInfo.printBasicNodeInfo - Database connection url is              : jdbc:h2:tcp://127.0.1.1:34555/node {}
[INFO ] 2018-08-27T07:32:54,446Z [main] hikari.HikariDataSource.<init> - HikariPool-1 - Started. {}
[INFO ] 2018-08-27T07:32:54,702Z [main] internal.Node.invoke - Connected to H2 database. {}
[INFO ] 2018-08-27T07:32:54,760Z [main] persistence.HibernateConfiguration.<init> - Init HibernateConfiguration for schemas: [CommonSchemaV1(name=net.corda.core.schemas.CommonSchema, version=1), VaultSchemaV1(name=net.corda.node.services.vault.VaultSchema, version=1), NodeInfoSchemaV1(name=net.corda.node.internal.schemas.NodeInfoSchema, version=1), NodeCoreV1(name=net.corda.node.services.schema.NodeSchemaService$NodeCore, version=1)] {}
[INFO ] 2018-08-27T07:32:54,763Z [main] persistence.HibernateConfiguration.makeSessionFactoryForSchemas - Creating session factory for schemas: [CommonSchemaV1(name=net.corda.core.schemas.CommonSchema, version=1), VaultSchemaV1(name=net.corda.node.services.vault.VaultSchema, version=1), NodeInfoSchemaV1(name=net.corda.node.internal.schemas.NodeInfoSchema, version=1), NodeCoreV1(name=net.corda.node.services.schema.NodeSchemaService$NodeCore, version=1)] {}
[INFO ] 2018-08-27T07:32:54,946Z [main] hibernate.Version.logVersion - HHH000412: Hibernate Core {5.2.6.Final} {}
[INFO ] 2018-08-27T07:32:54,948Z [main] cfg.Environment.<clinit> - HHH000206: hibernate.properties not found {}
[INFO ] 2018-08-27T07:32:54,997Z [main] common.Version.<clinit> - HCANN000001: Hibernate Commons Annotations {5.0.1.Final} {}
[INFO ] 2018-08-27T07:32:55,099Z [main] internal.ConnectionProviderInitiator.initiateService - HHH000130: Instantiating explicit connection provider: net.corda.nodeapi.internal.persistence.HibernateConfiguration$NodeDatabaseConnectionProvider {}
[INFO ] 2018-08-27T07:32:55,143Z [main] dialect.Dialect.<init> - HHH000400: Using dialect: org.hibernate.dialect.H2Dialect {}
[INFO ] 2018-08-27T07:32:55,403Z [main] type.BasicTypeRegistry.register - HHH000270: Type registration [materialized_blob] overrides previous : org.hibernate.type.MaterializedBlobType@e784320 {}
[INFO ] 2018-08-27T07:32:57,324Z [main] connections.access.getIsolatedConnection - HHH10001501: Connection obtained from JdbcConnectionAccess [org.hibernate.engine.jdbc.env.internal.JdbcEnvironmentInitiator$ConnectionProviderJdbcConnectionAccess@4b28a7bf] for (non-JTA) DDL execution was not in auto-commit mode; the Connection 'local transaction' will be committed and the Connection will be set into auto-commit mode. {}
[INFO ] 2018-08-27T07:32:57,491Z [main] persistence.HibernateConfiguration.makeSessionFactoryForSchemas - Created session factory for schemas: [CommonSchemaV1(name=net.corda.core.schemas.CommonSchema, version=1), VaultSchemaV1(name=net.corda.node.services.vault.VaultSchema, version=1), NodeInfoSchemaV1(name=net.corda.node.internal.schemas.NodeInfoSchema, version=1), NodeCoreV1(name=net.corda.node.services.schema.NodeSchemaService$NodeCore, version=1)] {}
[INFO ] 2018-08-27T07:32:57,765Z [main] internal.QueryTranslatorFactoryInitiator.initiateService - HHH000397: Using ASTQueryTranslatorFactory {}
[INFO ] 2018-08-27T07:32:57,973Z [main] internal.Node.updateNodeInfo - Node-info has changed so submitting update. Old node-info was null {}
[INFO ] 2018-08-27T07:32:57,974Z [main] network.PersistentNetworkMapCache.addNode - Adding node with info: NodeInfo(addresses=[localhost:10005], legalIdentitiesAndCerts=[O=PartyA, L=London, C=GB], platformVersion=3, serial=1535355177974) {}
[INFO ] 2018-08-27T07:32:58,015Z [main] network.PersistentNetworkMapCache.addNode - No previous node found {}
[INFO ] 2018-08-27T07:32:58,819Z [main] network.PersistentNetworkMapCache.addNode - Done adding node with info: NodeInfo(addresses=[localhost:10005], legalIdentitiesAndCerts=[O=PartyA, L=London, C=GB], platformVersion=3, serial=1535355177974) {}
[INFO ] 2018-08-27T07:32:58,819Z [main] internal.Node.updateNodeInfo - New node-info: NodeInfo(addresses=[localhost:10005], legalIdentitiesAndCerts=[O=PartyA, L=London, C=GB], platformVersion=3, serial=1535355177974) {}
[INFO ] 2018-08-27T07:32:59,167Z [main] internal.Node.run - Node exiting successfully {}
[INFO ] 2018-08-27T07:34:13,127Z [main] manifests.Manifests.info - 111 attributes loaded from 127 stream(s) in 705ms, 111 saved, 1970 ignored: ["ActiveMQ-Version", "Agent-Class", "Ant-Version", "Application-Class", "Application-Library-Allowable-Codebase", "Application-Name", "Application-Version", "Archiver-Version", "Automatic-Module-Name", "Bnd-LastModified", "Branch", "Build-Date", "Build-Host", "Build-Id", "Build-Java-Version", "Build-Jdk", "Build-Job", "Build-Number", "Build-Timestamp", "Built-By", "Built-OS", "Built-Status", "Bundle-Activator", "Bundle-Category", "Bundle-ClassPath", "Bundle-Copyright", "Bundle-Description", "Bundle-DocURL", "Bundle-License", "Bundle-ManifestVersion", "Bundle-Name", "Bundle-RequiredExecutionEnvironment", "Bundle-SymbolicName", "Bundle-Vendor", "Bundle-Version", "Caller-Allowable-Codebase", "Can-Redefine-Classes", "Can-Retransform-Classes", "Can-Set-Native-Method-Prefix", "Caplets", "Change", "Codebase", "Corda-Platform-Version", "Corda-Release-Version", "Corda-Revision", "Corda-Vendor", "Created-By", "DynamicImport-Package", "Eclipse-BuddyPolicy", "Eclipse-LazyStart", "Export-Package", "Extension-Name", "Fragment-Host", "Gradle-Version", "Ignore-Package", "Implementation-Build", "Implementation-Build-Date", "Implementation-Title", "Implementation-URL", "Implementation-Url", "Implementation-Vendor", "Implementation-Vendor-Id", "Implementation-Version", "Import-Package", "Include-Resource", "JCabi-Build", "JCabi-Date", "JCabi-Version", "JVM-Args", "Java-Agents", "Java-Vendor", "Java-Version", "Kotlin-Runtime-Component", "Kotlin-Version", "Log4jReleaseKey", "Log4jReleaseManager", "Log4jReleaseVersion", "Main-Class", "Main-class", "Manifest-Version", "Min-Java-Version", "Min-Update-Version", "Module-Email", "Module-Origin", "Module-Owner", "Module-Source", "Multi-Release", "Originally-Created-By", "Os-Arch", "Os-Name", "Os-Version", "Package", "Permissions", "Premain-Class", "Private-Package", "Provide-Capability", "Require-Capability", "SCM-Revision", "SCM-url", "Scm-Connection", "Scm-Revision", "Scm-Url", "Service-Component", "Specification-Title", "Specification-Vendor", "Specification-Version", "System-Properties", "Tool", "Trusted-Library", "X-Compile-Source-JDK", "X-Compile-Target-JDK"] {}
[INFO ] 2018-08-27T07:34:13,623Z [main] BasicInfo.printBasicNodeInfo - Logs can be found in                    : /home/parnika/workspace/checkgithubContri/PropertyListing/build/nodes/PartyA/logs {}
[INFO ] 2018-08-27T07:34:13,745Z [main] config.ConfigHelper.loadConfig - Config:
{
    # reference.conf @ jar:file:/home/parnika/workspace/checkgithubContri/PropertyListing/build/nodes/PartyA/corda.jar!/reference.conf: 20
    "activeMQServer" : {
        # reference.conf @ jar:file:/home/parnika/workspace/checkgithubContri/PropertyListing/build/nodes/PartyA/corda.jar!/reference.conf: 21
        "bridge" : {
            # reference.conf @ jar:file:/home/parnika/workspace/checkgithubContri/PropertyListing/build/nodes/PartyA/corda.jar!/reference.conf: 24
            "maxRetryIntervalMin" : 3,
            # reference.conf @ jar:file:/home/parnika/workspace/checkgithubContri/PropertyListing/build/nodes/PartyA/corda.jar!/reference.conf: 22
            "retryIntervalMs" : 5000,
            # reference.conf @ jar:file:/home/parnika/workspace/checkgithubContri/PropertyListing/build/nodes/PartyA/corda.jar!/reference.conf: 23
            "retryIntervalMultiplier" : 1.5
        }
    },
    # hardcoded value
    "baseDirectory" : "/home/parnika/workspace/checkgithubContri/PropertyListing/build/nodes/PartyA",
    # merge of reference.conf @ jar:file:/home/parnika/workspace/checkgithubContri/PropertyListing/build/nodes/PartyA/corda.jar!/reference.conf: 6,reference.conf @ jar:file:/home/parnika/.capsule/apps/net.corda.node.Corda_3.2-corda/corda-node-3.2-corda.jar!/reference.conf: 6
    "dataSourceProperties" : {
        # reference.conf @ jar:file:/home/parnika/workspace/checkgithubContri/PropertyListing/build/nodes/PartyA/corda.jar!/reference.conf: 10
        "dataSource.password" : "",
        # merge of reference.conf @ jar:file:/home/parnika/workspace/checkgithubContri/PropertyListing/build/nodes/PartyA/corda.jar!/reference.conf: 8,hardcoded value,reference.conf @ jar:file:/home/parnika/workspace/checkgithubContri/PropertyListing/build/nodes/PartyA/corda.jar!/reference.conf: 8,reference.conf @ jar:file:/home/parnika/workspace/checkgithubContri/PropertyListing/build/nodes/PartyA/corda.jar!/reference.conf: 17
        "dataSource.url" : "jdbc:h2:file:/home/parnika/workspace/checkgithubContri/PropertyListing/build/nodes/PartyA/persistence;DB_CLOSE_ON_EXIT=FALSE;LOCK_TIMEOUT=10000;WRITE_DELAY=100;AUTO_SERVER_PORT=0",
        # reference.conf @ jar:file:/home/parnika/workspace/checkgithubContri/PropertyListing/build/nodes/PartyA/corda.jar!/reference.conf: 9
        "dataSource.user" : "sa",
        # reference.conf @ jar:file:/home/parnika/workspace/checkgithubContri/PropertyListing/build/nodes/PartyA/corda.jar!/reference.conf: 7
        "dataSourceClassName" : "org.h2.jdbcx.JdbcDataSource"
    },
    # reference.conf @ jar:file:/home/parnika/workspace/checkgithubContri/PropertyListing/build/nodes/PartyA/corda.jar!/reference.conf: 12
    "database" : {
        # reference.conf @ jar:file:/home/parnika/workspace/checkgithubContri/PropertyListing/build/nodes/PartyA/corda.jar!/reference.conf: 14
        "exportHibernateJMXStatistics" : "false",
        # reference.conf @ jar:file:/home/parnika/workspace/checkgithubContri/PropertyListing/build/nodes/PartyA/corda.jar!/reference.conf: 13
        "transactionIsolationLevel" : "REPEATABLE_READ"
    },
    # reference.conf @ jar:file:/home/parnika/workspace/checkgithubContri/PropertyListing/build/nodes/PartyA/corda.jar!/reference.conf: 16
    "devMode" : true,
    # reference.conf @ jar:file:/home/parnika/workspace/checkgithubContri/PropertyListing/build/nodes/PartyA/corda.jar!/reference.conf: 2
    "emailAddress" : "admin@company.com",
    # reference.conf @ jar:file:/home/parnika/workspace/checkgithubContri/PropertyListing/build/nodes/PartyA/corda.jar!/reference.conf: 3
    "exportJMXto" : "http",
    # reference.conf @ jar:file:/home/parnika/workspace/checkgithubContri/PropertyListing/build/nodes/PartyA/corda.jar!/reference.conf: 17
    "h2port" : 0,
    # reference.conf @ jar:file:/home/parnika/workspace/checkgithubContri/PropertyListing/build/nodes/PartyA/corda.jar!/reference.conf: 4
    "keyStorePassword" : "cordacadevpass",
    # /home/parnika/workspace/checkgithubContri/PropertyListing/build/nodes/PartyA/node.conf: 1
    "myLegalName" : "O=PartyA,L=London,C=GB",
    # /home/parnika/workspace/checkgithubContri/PropertyListing/build/nodes/PartyA/node.conf: 2
    "p2pAddress" : "localhost:10005",
    # merge of /home/parnika/workspace/checkgithubContri/PropertyListing/build/nodes/PartyA/node.conf: 3,reference.conf @ jar:file:/home/parnika/workspace/checkgithubContri/PropertyListing/build/nodes/PartyA/corda.jar!/reference.conf: 27
    "rpcSettings" : {
        # /home/parnika/workspace/checkgithubContri/PropertyListing/build/nodes/PartyA/node.conf: 4
        "address" : "localhost:10006",
        # /home/parnika/workspace/checkgithubContri/PropertyListing/build/nodes/PartyA/node.conf: 5
        "adminAddress" : "localhost:10046",
        # reference.conf @ jar:file:/home/parnika/workspace/checkgithubContri/PropertyListing/build/nodes/PartyA/corda.jar!/reference.conf: 29
        "standAloneBroker" : false,
        # reference.conf @ jar:file:/home/parnika/workspace/checkgithubContri/PropertyListing/build/nodes/PartyA/corda.jar!/reference.conf: 28
        "useSsl" : false
    },
    # /home/parnika/workspace/checkgithubContri/PropertyListing/build/nodes/PartyA/node.conf: 7
    "rpcUsers" : [
        # /home/parnika/workspace/checkgithubContri/PropertyListing/build/nodes/PartyA/node.conf: 8
        {
            # /home/parnika/workspace/checkgithubContri/PropertyListing/build/nodes/PartyA/node.conf: 9
            "password" : "test",
            # /home/parnika/workspace/checkgithubContri/PropertyListing/build/nodes/PartyA/node.conf: 10
            "permissions" : [
                # /home/parnika/workspace/checkgithubContri/PropertyListing/build/nodes/PartyA/node.conf: 11
                "ALL"
            ],
            # /home/parnika/workspace/checkgithubContri/PropertyListing/build/nodes/PartyA/node.conf: 13
            "user" : "user1"
        }
    ],
    # reference.conf @ jar:file:/home/parnika/workspace/checkgithubContri/PropertyListing/build/nodes/PartyA/corda.jar!/reference.conf: 5
    "trustStorePassword" : "trustpass",
    # reference.conf @ jar:file:/home/parnika/workspace/checkgithubContri/PropertyListing/build/nodes/PartyA/corda.jar!/reference.conf: 18
    "useTestClock" : false,
    # reference.conf @ jar:file:/home/parnika/workspace/checkgithubContri/PropertyListing/build/nodes/PartyA/corda.jar!/reference.conf: 19
    "verifierType" : "InMemory",
    # /home/parnika/workspace/checkgithubContri/PropertyListing/build/nodes/PartyA/node.conf: 16
    "webAddress" : "localhost:10007"
}
 {}
[WARN ] 2018-08-27T07:34:16,278Z [main] internal.config.defaultToOldPath - Config key user has been deprecated and will be removed in a future release. Use username instead {}
[INFO ] 2018-08-27T07:34:16,490Z [main] internal.Node.logStartupInfo - Vendor: Corda Open Source {}
[INFO ] 2018-08-27T07:34:16,490Z [main] internal.Node.logStartupInfo - Release: 3.2-corda {}
[INFO ] 2018-08-27T07:34:16,490Z [main] internal.Node.logStartupInfo - Platform Version: 3 {}
[INFO ] 2018-08-27T07:34:16,490Z [main] internal.Node.logStartupInfo - Revision: 5ae8325980ad22df8146b983afeaca344fc03c3e {}
[INFO ] 2018-08-27T07:34:16,491Z [main] internal.Node.logStartupInfo - PID: 31847 {}
[INFO ] 2018-08-27T07:34:16,492Z [main] internal.Node.logStartupInfo - Main class: /home/parnika/.capsule/apps/net.corda.node.Corda_3.2-corda/corda-node-3.2-corda.jar {}
[INFO ] 2018-08-27T07:34:16,492Z [main] internal.Node.logStartupInfo - CommandLine Args: -Xmx200m -XX:+UseG1GC -agentlib:jdwp=transport=dt_socket,server=y,suspend=n,address=5005 -javaagent:drivers/jolokia-jvm-1.3.7-agent.jar=port=7005,logHandlerClass=net.corda.node.JolokiaSlf4Adapter -javaagent:/home/parnika/.capsule/apps/net.corda.node.Corda_3.2-corda/quasar-core-0.7.9-jdk8.jar=x(antlr**;bftsmart**;ch**;co.paralleluniverse**;com.codahale**;com.esotericsoftware**;com.fasterxml**;com.google**;com.ibm**;com.intellij**;com.jcabi**;com.nhaarman**;com.opengamma**;com.typesafe**;com.zaxxer**;de.javakaffee**;groovy**;groovyjarjarantlr**;groovyjarjarasm**;io.atomix**;io.github**;io.netty**;jdk**;joptsimple**;junit**;kotlin**;net.bytebuddy**;net.i2p**;org.apache**;org.assertj**;org.bouncycastle**;org.codehaus**;org.crsh**;org.dom4j**;org.fusesource**;org.h2**;org.hamcrest**;org.hibernate**;org.jboss**;org.jcp**;org.joda**;org.junit**;org.mockito**;org.objectweb**;org.objenesis**;org.slf4j**;org.w3c**;org.xml**;org.yaml**;reflectasm**;rx**;org.jolokia**) -Dvisualvm.display.name=Corda -Djava.library.path=/usr/java/packages/lib/amd64:/usr/lib64:/lib64:/lib:/usr/lib:/home/parnika/.capsule/apps/net.corda.node.Corda_3.2-corda -Dcapsule.app=net.corda.node.Corda_3.2-corda -Dname=PartyA-corda.jar -Dcapsule.dir=/home/parnika/.capsule/apps/net.corda.node.Corda_3.2-corda -Dcapsule.jar=/home/parnika/workspace/checkgithubContri/PropertyListing/build/nodes/PartyA/corda.jar {}
[INFO ] 2018-08-27T07:34:16,492Z [main] internal.Node.logStartupInfo - Application Args:  {}
[INFO ] 2018-08-27T07:34:16,498Z [main] internal.Node.logStartupInfo - bootclasspath: /usr/lib/jvm/java-8-oracle/jre/lib/resources.jar:/usr/lib/jvm/java-8-oracle/jre/lib/rt.jar:/usr/lib/jvm/java-8-oracle/jre/lib/sunrsasign.jar:/usr/lib/jvm/java-8-oracle/jre/lib/jsse.jar:/usr/lib/jvm/java-8-oracle/jre/lib/jce.jar:/usr/lib/jvm/java-8-oracle/jre/lib/charsets.jar:/usr/lib/jvm/java-8-oracle/jre/lib/jfr.jar:/usr/lib/jvm/java-8-oracle/jre/classes {}
[INFO ] 2018-08-27T07:34:16,498Z [main] internal.Node.logStartupInfo - classpath: /home/parnika/workspace/checkgithubContri/PropertyListing/build/nodes/PartyA/corda.jar:/home/parnika/.capsule/apps/net.corda.node.Corda_3.2-corda/corda-rpc-3.2-corda.jar:/home/parnika/.capsule/apps/net.corda.node.Corda_3.2-corda/corda-node-api-3.2-corda.jar:/home/parnika/.capsule/apps/net.corda.node.Corda_3.2-corda/corda-confidential-identities-3.2-corda.jar:/home/parnika/.capsule/apps/net.corda.node.Corda_3.2-corda/cordform-common-3.1.0.jar:/home/parnika/.capsule/apps/net.corda.node.Corda_3.2-corda/log4j-slf4j-impl-2.9.1.jar:/home/parnika/.capsule/apps/net.corda.node.Corda_3.2-corda/log4j-web-2.9.1.jar:/home/parnika/.capsule/apps/net.corda.node.Corda_3.2-corda/jul-to-slf4j-1.7.25.jar:/home/parnika/.capsule/apps/net.corda.node.Corda_3.2-corda/corda-jackson-3.2-corda.jar:/home/parnika/.capsule/apps/net.corda.node.Corda_3.2-corda/corda-core-3.2-corda.jar:/home/parnika/.capsule/apps/net.corda.node.Corda_3.2-corda/kotlin-stdlib-jre8-1.1.60.jar:/home/parnika/.capsule/apps/net.corda.node.Corda_3.2-corda/jackson-module-kotlin-2.9.2.jar:/home/parnika/.capsule/apps/net.corda.node.Corda_3.2-corda/kotlin-reflect-1.1.60.jar:/home/parnika/.capsule/apps/net.corda.node.Corda_3.2-corda/jimfs-1.1.jar:/home/parnika/.capsule/apps/net.corda.node.Corda_3.2-corda/artemis-amqp-protocol-2.2.0.jar:/home/parnika/.capsule/apps/net.corda.node.Corda_3.2-corda/artemis-server-2.2.0.jar:/home/parnika/.capsule/apps/net.corda.node.Corda_3.2-corda/artemis-jdbc-store-2.2.0.jar:/home/parnika/.capsule/apps/net.corda.node.Corda_3.2-corda/artemis-jms-client-2.2.0.jar:/home/parnika/.capsule/apps/net.corda.node.Corda_3.2-corda/artemis-core-client-2.2.0.jar:/home/parnika/.capsule/apps/net.corda.node.Corda_3.2-corda/artemis-journal-2.2.0.jar:/home/parnika/.capsule/apps/net.corda.node.Corda_3.2-corda/artemis-commons-2.2.0.jar:/home/parnika/.capsule/apps/net.corda.node.Corda_3.2-corda/guava-21.0.jar:/home/parnika/.capsule/apps/net.corda.node.Corda_3.2-corda/jopt-simple-5.0.2.jar:/home/parnika/.capsule/apps/net.corda.node.Corda_3.2-corda/commons-collections4-4.1.jar:/home/parnika/.capsule/apps/net.corda.node.Corda_3.2-corda/shiro-core-1.4.0.jar:/home/parnika/.capsule/apps/net.corda.node.Corda_3.2-corda/shiro-config-ogdl-1.4.0.jar:/home/parnika/.capsule/apps/net.corda.node.Corda_3.2-corda/commons-beanutils-1.9.3.jar:/home/parnika/.capsule/apps/net.corda.node.Corda_3.2-corda/jansi-1.14.jar:/home/parnika/.capsule/apps/net.corda.node.Corda_3.2-corda/jcabi-manifests-1.1.jar:/home/parnika/.capsule/apps/net.corda.node.Corda_3.2-corda/forms_rt-7.0.3.jar:/home/parnika/.capsule/apps/net.corda.node.Corda_3.2-corda/metrics-core-3.1.2.jar:/home/parnika/.capsule/apps/net.corda.node.Corda_3.2-corda/config-1.3.1.jar:/home/parnika/.capsule/apps/net.corda.node.Corda_3.2-corda/h2-1.4.194.jar:/home/parnika/.capsule/apps/net.corda.node.Corda_3.2-corda/postgresql-42.1.4.jar:/home/parnika/.capsule/apps/net.corda.node.Corda_3.2-corda/HikariCP-2.5.1.jar:/home/parnika/.capsule/apps/net.corda.node.Corda_3.2-corda/hibernate-java8-5.2.6.Final.jar:/home/parnika/.capsule/apps/net.corda.node.Corda_3.2-corda/hibernate-core-5.2.6.Final.jar:/home/parnika/.capsule/apps/net.corda.node.Corda_3.2-corda/copycat-client-1.2.3.jar:/home/parnika/.capsule/apps/net.corda.node.Corda_3.2-corda/copycat-server-1.2.3.jar:/home/parnika/.capsule/apps/net.corda.node.Corda_3.2-corda/catalyst-netty-1.1.2.jar:/home/parnika/.capsule/apps/net.corda.node.Corda_3.2-corda/netty-all-4.1.9.Final.jar:/home/parnika/.capsule/apps/net.corda.node.Corda_3.2-corda/crash.connectors.ssh-cadb53544fbb3c0fb901445da614998a6a419488.jar:/home/parnika/.capsule/apps/net.corda.node.Corda_3.2-corda/crash.shell-cadb53544fbb3c0fb901445da614998a6a419488.jar:/home/parnika/.capsule/apps/net.corda.node.Corda_3.2-corda/okhttp-3.5.0.jar:/home/parnika/.capsule/apps/net.corda.node.Corda_3.2-corda/commons-codec-1.10.jar:/home/parnika/.capsule/apps/net.corda.node.Corda_3.2-corda/library-master-v1.1-beta-g6215ec8-87.jar:/home/parnika/.capsule/apps/net.corda.node.Corda_3.2-corda/jolokia-jvm-1.6.0-agent.jar:/home/parnika/.capsule/apps/net.corda.node.Corda_3.2-corda/quasar-core-0.7.9-jdk8.jar:/home/parnika/.capsule/apps/net.corda.node.Corda_3.2-corda/commons-fileupload-1.3.3.jar:/home/parnika/.capsule/apps/net.corda.node.Corda_3.2-corda/kryo-serializers-0.41.jar:/home/parnika/.capsule/apps/net.corda.node.Corda_3.2-corda/kryo-4.0.0.jar:/home/parnika/.capsule/apps/net.corda.node.Corda_3.2-corda/proton-j-0.21.0.jar:/home/parnika/.capsule/apps/net.corda.node.Corda_3.2-corda/fast-classpath-scanner-2.12.3.jar:/home/parnika/.capsule/apps/net.corda.node.Corda_3.2-corda/jsr305-3.0.2.jar:/home/parnika/.capsule/apps/net.corda.node.Corda_3.2-corda/jcabi-log-0.14.jar:/home/parnika/.capsule/apps/net.corda.node.Corda_3.2-corda/copycat-protocol-1.2.3.jar:/home/parnika/.capsule/apps/net.corda.node.Corda_3.2-corda/catalyst-transport-1.1.2.jar:/home/parnika/.capsule/apps/net.corda.node.Corda_3.2-corda/mina-core-2.0.16.jar:/home/parnika/.capsule/apps/net.corda.node.Corda_3.2-corda/shiro-cache-1.4.0.jar:/home/parnika/.capsule/apps/net.corda.node.Corda_3.2-corda/shiro-crypto-hash-1.4.0.jar:/home/parnika/.capsule/apps/net.corda.node.Corda_3.2-corda/shiro-crypto-cipher-1.4.0.jar:/home/parnika/.capsule/apps/net.corda.node.Corda_3.2-corda/shiro-config-core-1.4.0.jar:/home/parnika/.capsule/apps/net.corda.node.Corda_3.2-corda/shiro-event-1.4.0.jar:/home/parnika/.capsule/apps/net.corda.node.Corda_3.2-corda/shiro-crypto-core-1.4.0.jar:/home/parnika/.capsule/apps/net.corda.node.Corda_3.2-corda/shiro-lang-1.4.0.jar:/home/parnika/.capsule/apps/net.corda.node.Corda_3.2-corda/jcl-over-slf4j-1.7.25.jar:/home/parnika/.capsule/apps/net.corda.node.Corda_3.2-corda/catalyst-concurrent-1.1.2.jar:/home/parnika/.capsule/apps/net.corda.node.Corda_3.2-corda/catalyst-serializer-1.1.2.jar:/home/parnika/.capsule/apps/net.corda.node.Corda_3.2-corda/catalyst-buffer-1.1.2.jar:/home/parnika/.capsule/apps/net.corda.node.Corda_3.2-corda/catalyst-common-1.1.2.jar:/home/parnika/.capsule/apps/net.corda.node.Corda_3.2-corda/sshd-pam-0.11.0.jar:/home/parnika/.capsule/apps/net.corda.node.Corda_3.2-corda/sshd-core-1.6.0.jar:/home/parnika/.capsule/apps/net.corda.node.Corda_3.2-corda/slf4j-api-1.7.25.jar:/home/parnika/.capsule/apps/net.corda.node.Corda_3.2-corda/log4j-core-2.9.1.jar:/home/parnika/.capsule/apps/net.corda.node.Corda_3.2-corda/log4j-api-2.9.1.jar:/home/parnika/.capsule/apps/net.corda.node.Corda_3.2-corda/kotlin-stdlib-jre7-1.1.60.jar:/home/parnika/.capsule/apps/net.corda.node.Corda_3.2-corda/kotlin-stdlib-1.1.60.jar:/home/parnika/.capsule/apps/net.corda.node.Corda_3.2-corda/commons-collections-3.2.2.jar:/home/parnika/.capsule/apps/net.corda.node.Corda_3.2-corda/hibernate-commons-annotations-5.0.1.Final.jar:/home/parnika/.capsule/apps/net.corda.node.Corda_3.2-corda/artemis-native-2.2.0.jar:/home/parnika/.capsule/apps/net.corda.node.Corda_3.2-corda/jboss-logging-3.3.0.Final.jar:/home/parnika/.capsule/apps/net.corda.node.Corda_3.2-corda/artemis-selector-2.2.0.jar:/home/parnika/.capsule/apps/net.corda.node.Corda_3.2-corda/jgroups-3.6.13.Final.jar:/home/parnika/.capsule/apps/net.corda.node.Corda_3.2-corda/geronimo-json_1.0_spec-1.0-alpha-1.jar:/home/parnika/.capsule/apps/net.corda.node.Corda_3.2-corda/johnzon-core-0.9.5.jar:/home/parnika/.capsule/apps/net.corda.node.Corda_3.2-corda/forms-1.1-preview.jar:/home/parnika/.capsule/apps/net.corda.node.Corda_3.2-corda/jdom-1.0.jar:/home/parnika/.capsule/apps/net.corda.node.Corda_3.2-corda/jackson-dataformat-yaml-2.9.2.jar:/home/parnika/.capsule/apps/net.corda.node.Corda_3.2-corda/jackson-datatype-jsr310-2.9.2.jar:/home/parnika/.capsule/apps/net.corda.node.Corda_3.2-corda/hibernate-jpa-2.1-api-1.0.0.Final.jar:/home/parnika/.capsule/apps/net.corda.node.Corda_3.2-corda/javassist-3.20.0-GA.jar:/home/parnika/.capsule/apps/net.corda.node.Corda_3.2-corda/antlr-2.7.7.jar:/home/parnika/.capsule/apps/net.corda.node.Corda_3.2-corda/geronimo-jta_1.1_spec-1.1.1.jar:/home/parnika/.capsule/apps/net.corda.node.Corda_3.2-corda/jandex-2.0.3.Final.jar:/home/parnika/.capsule/apps/net.corda.node.Corda_3.2-corda/classmate-1.3.0.jar:/home/parnika/.capsule/apps/net.corda.node.Corda_3.2-corda/dom4j-1.6.1.jar:/home/parnika/.capsule/apps/net.corda.node.Corda_3.2-corda/cdi-api-1.1.jar:/home/parnika/.capsule/apps/net.corda.node.Corda_3.2-corda/crash.cli-cadb53544fbb3c0fb901445da614998a6a419488.jar:/home/parnika/.capsule/apps/net.corda.node.Corda_3.2-corda/groovy-all-1.8.9.jar:/home/parnika/.capsule/apps/net.corda.node.Corda_3.2-corda/okio-1.11.0.jar:/home/parnika/.capsule/apps/net.corda.node.Corda_3.2-corda/jolokia-core-1.6.0.jar:/home/parnika/.capsule/apps/net.corda.node.Corda_3.2-corda/json-simple-1.1.1.jar:/home/parnika/.capsule/apps/net.corda.node.Corda_3.2-corda/rxjava-1.2.4.jar:/home/parnika/.capsule/apps/net.corda.node.Corda_3.2-corda/commons-jexl3-3.0.jar:/home/parnika/.capsule/apps/net.corda.node.Corda_3.2-corda/jackson-databind-2.9.2.jar:/home/parnika/.capsule/apps/net.corda.node.Corda_3.2-corda/eddsa-0.2.0.jar:/home/parnika/.capsule/apps/net.corda.node.Corda_3.2-corda/bcpkix-jdk15on-1.57.jar:/home/parnika/.capsule/apps/net.corda.node.Corda_3.2-corda/bcprov-jdk15on-1.57.jar:/home/parnika/.capsule/apps/net.corda.node.Corda_3.2-corda/commons-io-2.2.jar:/home/parnika/.capsule/apps/net.corda.node.Corda_3.2-corda/reflectasm-1.11.3.jar:/home/parnika/.capsule/apps/net.corda.node.Corda_3.2-corda/minlog-1.3.0.jar:/home/parnika/.capsule/apps/net.corda.node.Corda_3.2-corda/objenesis-2.2.jar:/home/parnika/.capsule/apps/net.corda.node.Corda_3.2-corda/annotations-13.0.jar:/home/parnika/.capsule/apps/net.corda.node.Corda_3.2-corda/jackson-annotations-2.9.0.jar:/home/parnika/.capsule/apps/net.corda.node.Corda_3.2-corda/snakeyaml-1.18.jar:/home/parnika/.capsule/apps/net.corda.node.Corda_3.2-corda/jackson-core-2.9.2.jar:/home/parnika/.capsule/apps/net.corda.node.Corda_3.2-corda/el-api-2.2.jar:/home/parnika/.capsule/apps/net.corda.node.Corda_3.2-corda/jboss-interceptors-api_1.1_spec-1.0.0.Beta1.jar:/home/parnika/.capsule/apps/net.corda.node.Corda_3.2-corda/jsr250-api-1.0.jar:/home/parnika/.capsule/apps/net.corda.node.Corda_3.2-corda/javax.inject-1.jar:/home/parnika/.capsule/apps/net.corda.node.Corda_3.2-corda/jpam-1.1.jar:/home/parnika/.capsule/apps/net.corda.node.Corda_3.2-corda/geronimo-jms_2.0_spec-1.0-alpha-2.jar:/home/parnika/.capsule/apps/net.corda.node.Corda_3.2-corda/asm-5.0.4.jar:/home/parnika/.capsule/apps/net.corda.node.Corda_3.2-corda/corda-node-3.2-corda.jar:/home/parnika/workspace/checkgithubContri/PropertyListing/build/nodes/PartyA/cordapps/PropertyListing-0.1.jar:/home/parnika/workspace/checkgithubContri/PropertyListing/build/nodes/PartyA/cordapps/cordapp-contracts-states-0.1.jar:/home/parnika/workspace/checkgithubContri/PropertyListing/build/nodes/PartyA/cordapps/cordapp-0.1.jar:drivers/jolokia-jvm-1.3.7-agent.jar:/home/parnika/.capsule/apps/net.corda.node.Corda_3.2-corda/quasar-core-0.7.9-jdk8.jar {}
[INFO ] 2018-08-27T07:34:16,500Z [main] internal.Node.logStartupInfo - VM Java HotSpot(TM) 64-Bit Server VM Oracle Corporation 25.171-b11 {}
[INFO ] 2018-08-27T07:34:16,505Z [main] internal.Node.logStartupInfo - Machine: BCSLAPY-PARNIKA {}
[INFO ] 2018-08-27T07:34:16,507Z [main] internal.Node.logStartupInfo - Working Directory: /home/parnika/workspace/checkgithubContri/PropertyListing/build/nodes/PartyA {}
[INFO ] 2018-08-27T07:34:16,507Z [main] internal.Node.logStartupInfo - Debug port: dt_socket:5005 {}
[INFO ] 2018-08-27T07:34:16,507Z [main] internal.Node.logStartupInfo - Starting as node on localhost:10005 {}
[INFO ] 2018-08-27T07:34:16,817Z [main] cordapp.CordappLoader.<init> - Loading CorDapps from file:/home/parnika/workspace/checkgithubContri/PropertyListing/build/nodes/PartyA/cordapps/PropertyListing-0.1.jar, file:/home/parnika/workspace/checkgithubContri/PropertyListing/build/nodes/PartyA/cordapps/cordapp-contracts-states-0.1.jar, file:/home/parnika/workspace/checkgithubContri/PropertyListing/build/nodes/PartyA/cordapps/cordapp-0.1.jar {}
[INFO ] 2018-08-27T07:34:17,112Z [main] cordapp.CordappLoader.scanCordapp - Scanning CorDapp in file:/home/parnika/workspace/checkgithubContri/PropertyListing/build/nodes/PartyA/cordapps/PropertyListing-0.1.jar {}
[INFO ] 2018-08-27T07:34:17,460Z [main] cordapp.CordappLoader.scanCordapp - Scanning CorDapp in file:/home/parnika/workspace/checkgithubContri/PropertyListing/build/nodes/PartyA/cordapps/cordapp-contracts-states-0.1.jar {}
[INFO ] 2018-08-27T07:34:17,644Z [main] cordapp.CordappLoader.scanCordapp - Scanning CorDapp in file:/home/parnika/workspace/checkgithubContri/PropertyListing/build/nodes/PartyA/cordapps/cordapp-0.1.jar {}
[INFO ] 2018-08-27T07:34:18,331Z [main] internal.Node.start - Node starting up ... {}
[WARN ] 2018-08-27T07:34:18,331Z [main] internal.Node.initCertificate - Corda node is running in dev mode. {}
[INFO ] 2018-08-27T07:34:21,065Z [main] internal.NetworkParametersReader.retrieveNetworkParameters - Loaded network parameters: net.corda.core.internal.SignedDataWithCert@f2a1813 {}
[INFO ] 2018-08-27T07:34:22,103Z [main] BasicInfo.printBasicNodeInfo - Database connection url is              : jdbc:h2:tcp://127.0.1.1:44827/node {}
[INFO ] 2018-08-27T07:34:22,444Z [main] hikari.HikariDataSource.<init> - HikariPool-1 - Started. {}
[INFO ] 2018-08-27T07:34:23,525Z [main] internal.Node.invoke - Connected to H2 database. {}
[INFO ] 2018-08-27T07:34:23,698Z [main] persistence.HibernateConfiguration.<init> - Init HibernateConfiguration for schemas: [CommonSchemaV1(name=net.corda.core.schemas.CommonSchema, version=1), VaultSchemaV1(name=net.corda.node.services.vault.VaultSchema, version=1), NodeInfoSchemaV1(name=net.corda.node.internal.schemas.NodeInfoSchema, version=1), NodeCoreV1(name=net.corda.node.services.schema.NodeSchemaService$NodeCore, version=1), PropertySchema1(name=com.propertylisting.states.PropertySchema, version=1)] {}
[INFO ] 2018-08-27T07:34:23,700Z [main] persistence.HibernateConfiguration.makeSessionFactoryForSchemas - Creating session factory for schemas: [CommonSchemaV1(name=net.corda.core.schemas.CommonSchema, version=1), VaultSchemaV1(name=net.corda.node.services.vault.VaultSchema, version=1), NodeInfoSchemaV1(name=net.corda.node.internal.schemas.NodeInfoSchema, version=1), NodeCoreV1(name=net.corda.node.services.schema.NodeSchemaService$NodeCore, version=1), PropertySchema1(name=com.propertylisting.states.PropertySchema, version=1)] {}
[INFO ] 2018-08-27T07:34:24,048Z [main] hibernate.Version.logVersion - HHH000412: Hibernate Core {5.2.6.Final} {}
[INFO ] 2018-08-27T07:34:24,050Z [main] cfg.Environment.<clinit> - HHH000206: hibernate.properties not found {}
[INFO ] 2018-08-27T07:34:24,164Z [main] common.Version.<clinit> - HCANN000001: Hibernate Commons Annotations {5.0.1.Final} {}
[INFO ] 2018-08-27T07:34:24,463Z [main] internal.ConnectionProviderInitiator.initiateService - HHH000130: Instantiating explicit connection provider: net.corda.nodeapi.internal.persistence.HibernateConfiguration$NodeDatabaseConnectionProvider {}
[INFO ] 2018-08-27T07:34:24,529Z [main] dialect.Dialect.<init> - HHH000400: Using dialect: org.hibernate.dialect.H2Dialect {}
[INFO ] 2018-08-27T07:34:24,747Z [main] type.BasicTypeRegistry.register - HHH000270: Type registration [materialized_blob] overrides previous : org.hibernate.type.MaterializedBlobType@c0c8f96 {}
[INFO ] 2018-08-27T07:34:26,965Z [main] connections.access.getIsolatedConnection - HHH10001501: Connection obtained from JdbcConnectionAccess [org.hibernate.engine.jdbc.env.internal.JdbcEnvironmentInitiator$ConnectionProviderJdbcConnectionAccess@4c79ca55] for (non-JTA) DDL execution was not in auto-commit mode; the Connection 'local transaction' will be committed and the Connection will be set into auto-commit mode. {}
[INFO ] 2018-08-27T07:34:27,473Z [main] persistence.HibernateConfiguration.makeSessionFactoryForSchemas - Created session factory for schemas: [CommonSchemaV1(name=net.corda.core.schemas.CommonSchema, version=1), VaultSchemaV1(name=net.corda.node.services.vault.VaultSchema, version=1), NodeInfoSchemaV1(name=net.corda.node.internal.schemas.NodeInfoSchema, version=1), NodeCoreV1(name=net.corda.node.services.schema.NodeSchemaService$NodeCore, version=1), PropertySchema1(name=com.propertylisting.states.PropertySchema, version=1)] {}
[INFO ] 2018-08-27T07:34:27,989Z [main] internal.QueryTranslatorFactoryInitiator.initiateService - HHH000397: Using ASTQueryTranslatorFactory {}
[INFO ] 2018-08-27T07:34:28,527Z [main] internal.Node.updateNodeInfo - Node-info has changed so submitting update. Old node-info was null {}
[INFO ] 2018-08-27T07:34:28,527Z [main] network.PersistentNetworkMapCache.addNode - Adding node with info: NodeInfo(addresses=[localhost:10005], legalIdentitiesAndCerts=[O=PartyA, L=London, C=GB], platformVersion=3, serial=1535355268527) {}
[INFO ] 2018-08-27T07:34:28,612Z [main] network.PersistentNetworkMapCache.addNode - No previous node found {}
[INFO ] 2018-08-27T07:34:29,221Z [main] network.PersistentNetworkMapCache.addNode - Done adding node with info: NodeInfo(addresses=[localhost:10005], legalIdentitiesAndCerts=[O=PartyA, L=London, C=GB], platformVersion=3, serial=1535355268527) {}
[INFO ] 2018-08-27T07:34:29,221Z [main] internal.Node.updateNodeInfo - New node-info: NodeInfo(addresses=[localhost:10005], legalIdentitiesAndCerts=[O=PartyA, L=London, C=GB], platformVersion=3, serial=1535355268527) {}
[INFO ] 2018-08-27T07:34:29,961Z [main] persistence.NodeAttachmentService.invoke - Stored new attachment 41EF3923C1CBC81B91F2F6DEA1343C1882C158F5A96429573CF3EF0F9B64C4F5 {}
[INFO ] 2018-08-27T07:34:30,198Z [main] security.RPCSecurityManagerImpl.buildImpl - Constructing realm from list of users in config [User(user1, permissions=[ALL])] {}
[INFO ] 2018-08-27T07:34:30,777Z [main] BasicInfo.printBasicNodeInfo - Advertised P2P messaging addresses      : localhost:10005 {}
[INFO ] 2018-08-27T07:34:30,797Z [main] BasicInfo.printBasicNodeInfo - RPC connection address                  : localhost:10006 {}
[INFO ] 2018-08-27T07:34:30,800Z [main] BasicInfo.printBasicNodeInfo - RPC admin connection address            : localhost:10046 {}
[INFO ] 2018-08-27T07:34:33,538Z [main] messaging.ArtemisMessagingServer.configureAndStartServer - P2P messaging server listening on port 10005 {}
[INFO ] 2018-08-27T07:34:35,717Z [main] internal.ArtemisMessagingClient.start - Connecting to message broker: localhost:10005 {}
[INFO ] 2018-08-27T07:34:36,008Z [main] internal.ArtemisMessagingClient.start - Connecting to message broker: localhost:10005 {}
[INFO ] 2018-08-27T07:34:36,136Z [main] internal.ArtemisMessagingClient.start - Connecting to message broker: localhost:10046 {}
[INFO ] 2018-08-27T07:34:36,212Z [main] messaging.P2PMessagingClient.start - Connecting to message broker: localhost:10005 {}
[INFO ] 2018-08-27T07:34:36,263Z [main] messaging.P2PMessagingClient.createQueueIfAbsent - Create fresh queue p2p.inbound.DLE6qjEFayMPGx9RQRu876Jw9v36muUtHBEBkpkXbk2oiu bound on same address {}
[INFO ] 2018-08-27T07:34:36,751Z [Thread-0 (ActiveMQ-client-global-threads)] bridging.BridgeControlListener.processControlMessage - Received bridge control message NodeToBridgeSnapshot(nodeIdentity=DLE6qjEFayMPGx9RQRu876Jw9v36muUtHBEBkpkXbk2oiu, inboxQueues=[p2p.inbound.DLE6qjEFayMPGx9RQRu876Jw9v36muUtHBEBkpkXbk2oiu], sendQueues=[]) {}
[INFO ] 2018-08-27T07:34:37,175Z [main] internal.Node.installCordaService - Installed com.propertylisting.flows.utils.CustomVaultService$Service Corda service {}
[INFO ] 2018-08-27T07:34:37,204Z [main] internal.Node.registerInitiatedFlowInternal - Registered com.propertylisting.flows.RequestPropertyListFlow$Initiator to initiate com.propertylisting.flows.SendPropertyListFlow (version 1) {}
[INFO ] 2018-08-27T07:34:37,217Z [main] internal.Node.registerInitiatedFlowInternal - Registered com.propertylisting.flows.StorePropertyListFlow$Initiator to initiate com.propertylisting.flows.StorePropertyListFlow$Responder (version 1) {}
[INFO ] 2018-08-27T07:34:38,750Z [main] plugin.PluginManager.getPlugins - Loaded plugin Plugin[type=SSHPlugin,interface=SSHPlugin] {}
[INFO ] 2018-08-27T07:34:38,761Z [main] plugin.PluginManager.getPlugins - Loaded plugin Plugin[type=SSHInlinePlugin,interface=CommandPlugin] {}
[INFO ] 2018-08-27T07:34:38,763Z [main] plugin.PluginManager.getPlugins - Loaded plugin Plugin[type=KeyAuthenticationPlugin,interface=KeyAuthenticationPlugin] {}
[INFO ] 2018-08-27T07:34:38,766Z [main] plugin.PluginManager.getPlugins - Loaded plugin Plugin[type=CRaSHShellFactory,interface=ShellFactory] {}
[INFO ] 2018-08-27T07:34:38,775Z [main] plugin.PluginManager.getPlugins - Loaded plugin Plugin[type=GroovyLanguageProxy,interface=Language] {}
[INFO ] 2018-08-27T07:34:38,776Z [main] plugin.PluginManager.getPlugins - Loaded plugin Plugin[type=JavaLanguage,interface=Language] {}
[INFO ] 2018-08-27T07:34:38,789Z [main] plugin.PluginManager.getPlugins - Loaded plugin Plugin[type=ScriptLanguage,interface=Language] {}
[INFO ] 2018-08-27T07:34:38,791Z [main] plugin.PluginManager.getPlugins - Loaded plugin Plugin[type=JaasAuthenticationPlugin,interface=AuthenticationPlugin] {}
[INFO ] 2018-08-27T07:34:38,793Z [main] plugin.PluginManager.getPlugins - Loaded plugin Plugin[type=SimpleAuthenticationPlugin,interface=AuthenticationPlugin] {}
[INFO ] 2018-08-27T07:34:38,809Z [main] ssh.SSHPlugin.init - Could not boot SSHD due to missing due to missing port configuration {}
[INFO ] 2018-08-27T07:34:38,810Z [main] plugin.PluginManager.getPlugins - Initialized plugin Plugin[type=SSHPlugin,interface=SSHPlugin] {}
[INFO ] 2018-08-27T07:34:38,810Z [main] plugin.PluginManager.getPlugins - Initialized plugin Plugin[type=SSHInlinePlugin,interface=CommandPlugin] {}
[INFO ] 2018-08-27T07:34:38,810Z [main] plugin.PluginManager.getPlugins - Initialized plugin Plugin[type=KeyAuthenticationPlugin,interface=KeyAuthenticationPlugin] {}
[INFO ] 2018-08-27T07:34:38,859Z [main] plugin.PluginManager.getPlugins - Initialized plugin Plugin[type=GroovyLanguageProxy,interface=Language] {}
[INFO ] 2018-08-27T07:34:38,859Z [main] plugin.PluginManager.getPlugins - Initialized plugin Plugin[type=ScriptLanguage,interface=Language] {}
[INFO ] 2018-08-27T07:34:38,881Z [main] plugin.PluginManager.getPlugins - Initialized plugin Plugin[type=CRaSHShellFactory,interface=ShellFactory] {}
[INFO ] 2018-08-27T07:34:38,882Z [main] plugin.PluginManager.getPlugins - Initialized plugin Plugin[type=JaasAuthenticationPlugin,interface=AuthenticationPlugin] {}
[INFO ] 2018-08-27T07:34:38,882Z [main] plugin.PluginManager.getPlugins - Initialized plugin Plugin[type=SimpleAuthenticationPlugin,interface=AuthenticationPlugin] {}
[INFO ] 2018-08-27T07:34:38,882Z [main] plugin.PluginManager.getPlugins - Initialized plugin Plugin[type=CordaAuthenticationPlugin,interface=AuthenticationPlugin] {}
[WARN ] 2018-08-27T07:34:41,312Z [main] utilities.AppendOnlyPersistentMapBase.set - Double insert in net.corda.node.utilities.AppendOnlyPersistentMap for entity class class net.corda.node.services.identity.PersistentIdentityService$PersistentIdentity key C2A6EE5C98EB98BB8F6A9C8C3575B48784D3AF2394E5E83B8B415164F0C10D0E, not inserting the second time {}
[INFO ] 2018-08-27T07:34:41,314Z [main] messaging.P2PMessagingClient.updateBridgesOnNetworkChange - Updating bridges on network map change: NodeInfo(addresses=[localhost:10005], legalIdentitiesAndCerts=[O=PartyA, L=London, C=GB], platformVersion=3, serial=1535355268527) {}
[INFO ] 2018-08-27T07:34:41,533Z [main] BasicInfo.printBasicNodeInfo - Loaded CorDapps                         : PropertyListing-0.1, cordapp-contracts-states-0.1, cordapp-0.1, corda-core-3.2-corda {}
[INFO ] 2018-08-27T07:34:41,545Z [main] BasicInfo.printBasicNodeInfo - Node for "PartyA" started up and registered in 30.57 sec {}
[INFO ] 2018-08-27T07:34:41,557Z [main] messaging.RPCServer.start - Starting RPC server with configuration RPCServerConfiguration(rpcThreadPoolSize=4, reapInterval=PT1S, deduplicationCacheExpiry=PT24H) {}
[INFO ] 2018-08-27T07:34:42,576Z [Thread-0 (ActiveMQ-client-global-threads)] messaging.RPCServer.clientArtemisMessageHandler - SUBMITTING {actor_id=user1, actor_owningIdentity=O=PartyA, L=London, C=GB, actor_store_id=NODE_CONFIG, invocation_id=1318bf0f-0b92-495a-ae56-62e7f95820f7, invocation_timestamp=2018-08-27T07:34:42.568Z, session_id=fae150e4-d7f6-4f7f-8725-7d256a45091c, session_timestamp=2018-08-27T07:34:36.207Z}
[INFO ] 2018-08-27T07:34:46,462Z [Thread-1 (ActiveMQ-client-global-threads)] messaging.RPCServer.clientArtemisMessageHandler - SUBMITTING {actor_id=user1, actor_owningIdentity=O=PartyA, L=London, C=GB, actor_store_id=NODE_CONFIG, invocation_id=2e02d7c0-7c16-46c8-92a7-df0cc386039f, invocation_timestamp=2018-08-27T07:34:46.462Z, session_id=fae150e4-d7f6-4f7f-8725-7d256a45091c, session_timestamp=2018-08-27T07:34:36.207Z}
[INFO ] 2018-08-27T07:34:46,516Z [RxIoScheduler-2] network.PersistentNetworkMapCache.addNode - Adding node with info: NodeInfo(addresses=[localhost:10002], legalIdentitiesAndCerts=[O=Notary, L=London, C=GB], platformVersion=3, serial=1535355180681) {}
[INFO ] 2018-08-27T07:34:46,519Z [RxIoScheduler-2] network.PersistentNetworkMapCache.addNode - No previous node found {}
[INFO ] 2018-08-27T07:34:46,581Z [RxIoScheduler-2] messaging.P2PMessagingClient.updateBridgesOnNetworkChange - Updating bridges on network map change: NodeInfo(addresses=[localhost:10002], legalIdentitiesAndCerts=[O=Notary, L=London, C=GB], platformVersion=3, serial=1535355180681) {}
[INFO ] 2018-08-27T07:34:46,669Z [RxIoScheduler-2] network.PersistentNetworkMapCache.addNode - Done adding node with info: NodeInfo(addresses=[localhost:10002], legalIdentitiesAndCerts=[O=Notary, L=London, C=GB], platformVersion=3, serial=1535355180681) {}
[INFO ] 2018-08-27T07:34:46,670Z [RxIoScheduler-2] network.PersistentNetworkMapCache.addNode - Adding node with info: NodeInfo(addresses=[localhost:10008], legalIdentitiesAndCerts=[O=PartyB, L=New York, C=US], platformVersion=3, serial=1535355180639) {}
[INFO ] 2018-08-27T07:34:46,673Z [RxIoScheduler-2] network.PersistentNetworkMapCache.addNode - No previous node found {}
[INFO ] 2018-08-27T07:34:46,757Z [RxIoScheduler-2] messaging.P2PMessagingClient.updateBridgesOnNetworkChange - Updating bridges on network map change: NodeInfo(addresses=[localhost:10008], legalIdentitiesAndCerts=[O=PartyB, L=New York, C=US], platformVersion=3, serial=1535355180639) {}
[INFO ] 2018-08-27T07:34:46,789Z [RxIoScheduler-2] network.PersistentNetworkMapCache.addNode - Done adding node with info: NodeInfo(addresses=[localhost:10008], legalIdentitiesAndCerts=[O=PartyB, L=New York, C=US], platformVersion=3, serial=1535355180639) {}
[INFO ] 2018-08-27T07:34:46,790Z [RxIoScheduler-2] network.PersistentNetworkMapCache.addNode - Adding node with info: NodeInfo(addresses=[localhost:10005], legalIdentitiesAndCerts=[O=PartyA, L=London, C=GB], platformVersion=3, serial=1535355177974) {}
[INFO ] 2018-08-27T07:34:46,861Z [RxIoScheduler-2] network.PersistentNetworkMapCache.addNode - Discarding older nodeInfo for O=PartyA, L=London, C=GB {}
[INFO ] 2018-08-27T07:35:29,682Z [Thread-0 (ActiveMQ-client-global-threads)] messaging.RPCServer.clientArtemisMessageHandler - SUBMITTING {actor_id=user1, actor_owningIdentity=O=PartyA, L=London, C=GB, actor_store_id=NODE_CONFIG, invocation_id=3e6b506e-323a-4866-9e3c-fdf8ac9d5dc9, invocation_timestamp=2018-08-27T07:35:29.682Z, session_id=fae150e4-d7f6-4f7f-8725-7d256a45091c, session_timestamp=2018-08-27T07:34:36.207Z}
[INFO ] 2018-08-27T07:35:30,137Z [Node thread-1] persistence.HibernateConfiguration.makeSessionFactoryForSchemas - Creating session factory for schemas: [PropertySchema1(name=com.propertylisting.states.PropertySchema, version=1)] {}
[INFO ] 2018-08-27T07:35:30,142Z [Node thread-1] internal.ConnectionProviderInitiator.initiateService - HHH000130: Instantiating explicit connection provider: net.corda.nodeapi.internal.persistence.HibernateConfiguration$NodeDatabaseConnectionProvider {}
[INFO ] 2018-08-27T07:35:30,143Z [Node thread-1] dialect.Dialect.<init> - HHH000400: Using dialect: org.hibernate.dialect.H2Dialect {}
[INFO ] 2018-08-27T07:35:30,147Z [Node thread-1] type.BasicTypeRegistry.register - HHH000270: Type registration [materialized_blob] overrides previous : org.hibernate.type.MaterializedBlobType@c0c8f96 {}
[INFO ] 2018-08-27T07:35:30,159Z [Node thread-1] connections.access.getIsolatedConnection - HHH10001501: Connection obtained from JdbcConnectionAccess [org.hibernate.engine.jdbc.env.internal.JdbcEnvironmentInitiator$ConnectionProviderJdbcConnectionAccess@78ae3e20] for (non-JTA) DDL execution was not in auto-commit mode; the Connection 'local transaction' will be committed and the Connection will be set into auto-commit mode. {}
[INFO ] 2018-08-27T07:35:30,171Z [Node thread-1] persistence.HibernateConfiguration.makeSessionFactoryForSchemas - Created session factory for schemas: [PropertySchema1(name=com.propertylisting.states.PropertySchema, version=1)] {}
[INFO ] 2018-08-27T07:35:30,175Z [Node thread-1] persistence.HibernateConfiguration.makeSessionFactoryForSchemas - Creating session factory for schemas: [VaultSchemaV1(name=net.corda.node.services.vault.VaultSchema, version=1)] {}
[INFO ] 2018-08-27T07:35:30,179Z [Node thread-1] internal.ConnectionProviderInitiator.initiateService - HHH000130: Instantiating explicit connection provider: net.corda.nodeapi.internal.persistence.HibernateConfiguration$NodeDatabaseConnectionProvider {}
[INFO ] 2018-08-27T07:35:30,180Z [Node thread-1] dialect.Dialect.<init> - HHH000400: Using dialect: org.hibernate.dialect.H2Dialect {}
[INFO ] 2018-08-27T07:35:30,182Z [Node thread-1] type.BasicTypeRegistry.register - HHH000270: Type registration [materialized_blob] overrides previous : org.hibernate.type.MaterializedBlobType@c0c8f96 {}
[INFO ] 2018-08-27T07:35:30,230Z [Node thread-1] connections.access.getIsolatedConnection - HHH10001501: Connection obtained from JdbcConnectionAccess [org.hibernate.engine.jdbc.env.internal.JdbcEnvironmentInitiator$ConnectionProviderJdbcConnectionAccess@40252019] for (non-JTA) DDL execution was not in auto-commit mode; the Connection 'local transaction' will be committed and the Connection will be set into auto-commit mode. {}
[INFO ] 2018-08-27T07:35:30,248Z [Node thread-1] persistence.HibernateConfiguration.makeSessionFactoryForSchemas - Created session factory for schemas: [VaultSchemaV1(name=net.corda.node.services.vault.VaultSchema, version=1)] {}
[INFO ] 2018-08-27T07:35:31,842Z [Thread-0 (ActiveMQ-client-global-threads)] messaging.RPCServer.clientArtemisMessageHandler - SUBMITTING {actor_id=user1, actor_owningIdentity=O=PartyA, L=London, C=GB, actor_store_id=NODE_CONFIG, invocation_id=89dceec9-c747-491f-b9d8-aba47419bfce, invocation_timestamp=2018-08-27T07:35:31.842Z, session_id=fae150e4-d7f6-4f7f-8725-7d256a45091c, session_timestamp=2018-08-27T07:34:36.207Z}
[INFO ] 2018-08-27T07:35:38,227Z [Thread-0 (ActiveMQ-client-global-threads)] messaging.RPCServer.clientArtemisMessageHandler - SUBMITTING {actor_id=user1, actor_owningIdentity=O=PartyA, L=London, C=GB, actor_store_id=NODE_CONFIG, invocation_id=49225be6-2c61-4b1f-ac21-1932b8c87915, invocation_timestamp=2018-08-27T07:35:38.227Z, session_id=fae150e4-d7f6-4f7f-8725-7d256a45091c, session_timestamp=2018-08-27T07:34:36.207Z}
[INFO ] 2018-08-27T07:35:46,110Z [Thread-0 (ActiveMQ-client-global-threads)] messaging.P2PMessagingClient.artemisToCordaMessage - Received message from: p2p.inbound.DLE6qjEFayMPGx9RQRu876Jw9v36muUtHBEBkpkXbk2oiu user: O=PartyB, L=New York, C=US topic: platform.session uuid: 2183c799-da92-4b7b-bdee-1305ca68f922 {actor_id=user1, actor_owningIdentity=O=PartyA, L=London, C=GB, actor_store_id=NODE_CONFIG, invocation_id=49225be6-2c61-4b1f-ac21-1932b8c87915, invocation_timestamp=2018-08-27T07:35:38.227Z, session_id=fae150e4-d7f6-4f7f-8725-7d256a45091c, session_timestamp=2018-08-27T07:34:36.207Z}
[INFO ] 2018-08-27T07:35:46,185Z [Node thread-1] statemachine.StateMachineManagerImpl.onSessionInit - Accepting flow session from party O=PartyB, L=New York, C=US. Session id for tracing purposes is SessionId(toLong=-4045356622334123209). {invocation_id=199618fb-97c0-43dd-acec-7ed20804c5a5, invocation_timestamp=2018-08-27T07:35:46.183Z, session_id=199618fb-97c0-43dd-acec-7ed20804c5a5, session_timestamp=2018-08-27T07:35:46.183Z}
[INFO ] 2018-08-27T07:35:46,217Z [Messaging DLE6qjEFayMPGx9RQRu876Jw9v36muUtHBEBkpkXbk2oiu] messaging.P2PMessagingClient.createQueueIfAbsent - Create fresh queue internal.peers.DLBwev8F28gQ3PPyAzY5AifbxS8sTBogpudqj2Dw5PvCky bound on same address {}
[INFO ] 2018-08-27T07:35:46,275Z [Thread-1 (ActiveMQ-client-global-threads)] bridging.BridgeControlListener.processControlMessage - Received bridge control message Create(nodeIdentity=DLE6qjEFayMPGx9RQRu876Jw9v36muUtHBEBkpkXbk2oiu, bridgeInfo=BridgeEntry(queueName=internal.peers.DLBwev8F28gQ3PPyAzY5AifbxS8sTBogpudqj2Dw5PvCky, targets=[localhost:10008], legalNames=[O=PartyB, L=New York, C=US])) {actor_id=user1, actor_owningIdentity=O=PartyA, L=London, C=GB, actor_store_id=NODE_CONFIG, invocation_id=2e02d7c0-7c16-46c8-92a7-df0cc386039f, invocation_timestamp=2018-08-27T07:34:46.462Z, session_id=fae150e4-d7f6-4f7f-8725-7d256a45091c, session_timestamp=2018-08-27T07:34:36.207Z}
[INFO ] 2018-08-27T07:35:46,290Z [Thread-1 (ActiveMQ-client-global-threads)] peers.DLBwev8F28gQ3PPyAzY5AifbxS8sTBogpudqj2Dw5PvCky -> localhost:10008:O=PartyB, L=New York, C=US.start - Create new AMQP bridge {actor_id=user1, actor_owningIdentity=O=PartyA, L=London, C=GB, actor_store_id=NODE_CONFIG, invocation_id=2e02d7c0-7c16-46c8-92a7-df0cc386039f, invocation_timestamp=2018-08-27T07:34:46.462Z, session_id=fae150e4-d7f6-4f7f-8725-7d256a45091c, session_timestamp=2018-08-27T07:34:36.207Z}
[INFO ] 2018-08-27T07:35:46,291Z [Thread-1 (ActiveMQ-client-global-threads)] netty.AMQPClient.start - connect to: localhost:10008 {actor_id=user1, actor_owningIdentity=O=PartyA, L=London, C=GB, actor_store_id=NODE_CONFIG, invocation_id=2e02d7c0-7c16-46c8-92a7-df0cc386039f, invocation_timestamp=2018-08-27T07:34:46.462Z, session_id=fae150e4-d7f6-4f7f-8725-7d256a45091c, session_timestamp=2018-08-27T07:34:36.207Z}
[INFO ] 2018-08-27T07:35:46,321Z [nioEventLoopGroup-2-1] netty.AMQPClient.operationComplete - Connected to localhost:10008 {}
[INFO ] 2018-08-27T07:35:46,340Z [nioEventLoopGroup-2-1] O=PartyB, L=New York, C=US.channelActive - New client connection b3c8dd19 from localhost/127.0.0.1:10008 to /127.0.0.1:60870 {}
[INFO ] 2018-08-27T07:35:46,374Z [nioEventLoopGroup-2-1] O=PartyB, L=New York, C=US.userEventTriggered - handshake completed subject: O=PartyB, L=New York, C=US {}
[INFO ] 2018-08-27T07:35:46,396Z [nioEventLoopGroup-2-1] peers.DLBwev8F28gQ3PPyAzY5AifbxS8sTBogpudqj2Dw5PvCky -> localhost:10008:O=PartyB, L=New York, C=US.onSocketConnected - Bridge Connected {}
[INFO ] 2018-08-27T07:35:46,404Z [nioEventLoopGroup-2-1] O=PartyA, L=London, C=GB.onConnectionLocalOpen - Connection local open org.apache.qpid.proton.engine.impl.ConnectionImpl@37d0ba {}
[INFO ] 2018-08-27T07:35:47,032Z [Thread-1 (ActiveMQ-client-global-threads)] messaging.P2PMessagingClient.artemisToCordaMessage - Received message from: p2p.inbound.DLE6qjEFayMPGx9RQRu876Jw9v36muUtHBEBkpkXbk2oiu user: O=PartyB, L=New York, C=US topic: platform.session uuid: f2d4fa9c-7edd-4d34-8269-ef2694d3cfc5 {actor_id=user1, actor_owningIdentity=O=PartyA, L=London, C=GB, actor_store_id=NODE_CONFIG, invocation_id=2e02d7c0-7c16-46c8-92a7-df0cc386039f, invocation_timestamp=2018-08-27T07:34:46.462Z, session_id=fae150e4-d7f6-4f7f-8725-7d256a45091c, session_timestamp=2018-08-27T07:34:36.207Z}
[INFO ] 2018-08-27T07:35:47,053Z [Node thread-1] statemachine.StateMachineManagerImpl.onSessionInit - Accepting flow session from party O=PartyB, L=New York, C=US. Session id for tracing purposes is SessionId(toLong=4855536388373972627). {invocation_id=6c8f679d-7b74-4bba-b10d-7fa80cb6e39f, invocation_timestamp=2018-08-27T07:35:47.052Z, session_id=6c8f679d-7b74-4bba-b10d-7fa80cb6e39f, session_timestamp=2018-08-27T07:35:47.052Z}
[INFO ] 2018-08-27T07:35:47,340Z [Thread-1 (ActiveMQ-client-global-threads)] messaging.P2PMessagingClient.artemisToCordaMessage - Received message from: p2p.inbound.DLE6qjEFayMPGx9RQRu876Jw9v36muUtHBEBkpkXbk2oiu user: O=PartyB, L=New York, C=US topic: platform.session uuid: 0ccfe3b2-61cd-4c38-b666-a77d767517df {actor_id=user1, actor_owningIdentity=O=PartyA, L=London, C=GB, actor_store_id=NODE_CONFIG, invocation_id=2e02d7c0-7c16-46c8-92a7-df0cc386039f, invocation_timestamp=2018-08-27T07:34:46.462Z, session_id=fae150e4-d7f6-4f7f-8725-7d256a45091c, session_timestamp=2018-08-27T07:34:36.207Z}
[INFO ] 2018-08-27T07:35:47,673Z [Thread-0 (ActiveMQ-client-global-threads)] messaging.P2PMessagingClient.artemisToCordaMessage - Received message from: p2p.inbound.DLE6qjEFayMPGx9RQRu876Jw9v36muUtHBEBkpkXbk2oiu user: O=PartyB, L=New York, C=US topic: platform.session uuid: 03a74950-f505-4cbb-a603-bd2862cf9ddd {actor_id=user1, actor_owningIdentity=O=PartyA, L=London, C=GB, actor_store_id=NODE_CONFIG, invocation_id=49225be6-2c61-4b1f-ac21-1932b8c87915, invocation_timestamp=2018-08-27T07:35:38.227Z, session_id=fae150e4-d7f6-4f7f-8725-7d256a45091c, session_timestamp=2018-08-27T07:34:36.207Z}
[INFO ] 2018-08-27T07:35:47,678Z [Node thread-1] statemachine.StateMachineManagerImpl.onSessionInit - Accepting flow session from party O=PartyB, L=New York, C=US. Session id for tracing purposes is SessionId(toLong=1363082639175669684). {invocation_id=0df490d4-7861-4abf-8e93-401275ab969d, invocation_timestamp=2018-08-27T07:35:47.677Z, session_id=0df490d4-7861-4abf-8e93-401275ab969d, session_timestamp=2018-08-27T07:35:47.677Z}
[INFO ] 2018-08-27T07:35:47,918Z [Thread-1 (ActiveMQ-client-global-threads)] messaging.P2PMessagingClient.artemisToCordaMessage - Received message from: p2p.inbound.DLE6qjEFayMPGx9RQRu876Jw9v36muUtHBEBkpkXbk2oiu user: O=PartyB, L=New York, C=US topic: platform.session uuid: c539f415-7a42-4b21-9d18-ef10bf8cf98a {actor_id=user1, actor_owningIdentity=O=PartyA, L=London, C=GB, actor_store_id=NODE_CONFIG, invocation_id=2e02d7c0-7c16-46c8-92a7-df0cc386039f, invocation_timestamp=2018-08-27T07:34:46.462Z, session_id=fae150e4-d7f6-4f7f-8725-7d256a45091c, session_timestamp=2018-08-27T07:34:36.207Z}
[INFO ] 2018-08-27T07:35:58,502Z [Thread-0 (ActiveMQ-client-global-threads)] messaging.RPCServer.clientArtemisMessageHandler - SUBMITTING {actor_id=user1, actor_owningIdentity=O=PartyA, L=London, C=GB, actor_store_id=NODE_CONFIG, invocation_id=2eaf3813-9717-4c67-b4bf-d99246719ecf, invocation_timestamp=2018-08-27T07:35:58.502Z, session_id=fae150e4-d7f6-4f7f-8725-7d256a45091c, session_timestamp=2018-08-27T07:34:36.207Z}
[INFO ] 2018-08-27T07:35:58,506Z [rpc-server-handler-pool-0] vault.NodeVaultService._queryBy - Vault Query for contract type: class com.propertylisting.states.PropertyState, criteria: VaultQueryCriteria(status=UNCONSUMED, contractStateTypes=null, stateRefs=null, notary=null, softLockingCondition=null, timeCondition=null), pagination: PageSpecification(pageNumber=-1, pageSize=200), sorting: Sort(columns=[]) {actor_id=user1, actor_owningIdentity=O=PartyA, L=London, C=GB, actor_store_id=NODE_CONFIG, invocation_id=2eaf3813-9717-4c67-b4bf-d99246719ecf, invocation_timestamp=2018-08-27T07:35:58.502Z, session_id=fae150e4-d7f6-4f7f-8725-7d256a45091c, session_timestamp=2018-08-27T07:34:36.207Z}
[INFO ] 2018-08-27T07:36:35,825Z [Thread-1 (ActiveMQ-client-global-threads)] messaging.RPCServer.clientArtemisMessageHandler - SUBMITTING {actor_id=user1, actor_owningIdentity=O=PartyA, L=London, C=GB, actor_store_id=NODE_CONFIG, invocation_id=f4062563-148e-4a40-a987-26e9a3e5f2b7, invocation_timestamp=2018-08-27T07:36:35.825Z, session_id=fae150e4-d7f6-4f7f-8725-7d256a45091c, session_timestamp=2018-08-27T07:34:36.207Z}
[INFO ] 2018-08-27T07:36:35,825Z [rpc-server-handler-pool-3] vault.NodeVaultService._queryBy - Vault Query for contract type: class com.propertylisting.states.PropertyState, criteria: VaultQueryCriteria(status=UNCONSUMED, contractStateTypes=null, stateRefs=null, notary=null, softLockingCondition=null, timeCondition=null), pagination: PageSpecification(pageNumber=-1, pageSize=200), sorting: Sort(columns=[]) {actor_id=user1, actor_owningIdentity=O=PartyA, L=London, C=GB, actor_store_id=NODE_CONFIG, invocation_id=f4062563-148e-4a40-a987-26e9a3e5f2b7, invocation_timestamp=2018-08-27T07:36:35.825Z, session_id=fae150e4-d7f6-4f7f-8725-7d256a45091c, session_timestamp=2018-08-27T07:34:36.207Z}
[INFO ] 2018-08-27T07:36:42,163Z [Thread-0 (ActiveMQ-client-global-threads)] messaging.RPCServer.clientArtemisMessageHandler - SUBMITTING {actor_id=user1, actor_owningIdentity=O=PartyA, L=London, C=GB, actor_store_id=NODE_CONFIG, invocation_id=e3bd8cfc-5e68-4242-bbaa-efc01d5144b8, invocation_timestamp=2018-08-27T07:36:42.163Z, session_id=fae150e4-d7f6-4f7f-8725-7d256a45091c, session_timestamp=2018-08-27T07:34:36.207Z}
[INFO ] 2018-08-27T07:36:42,163Z [rpc-server-handler-pool-1] vault.NodeVaultService._queryBy - Vault Query for contract type: class com.propertylisting.states.PropertyState, criteria: VaultQueryCriteria(status=UNCONSUMED, contractStateTypes=null, stateRefs=null, notary=null, softLockingCondition=null, timeCondition=null), pagination: PageSpecification(pageNumber=-1, pageSize=200), sorting: Sort(columns=[]) {actor_id=user1, actor_owningIdentity=O=PartyA, L=London, C=GB, actor_store_id=NODE_CONFIG, invocation_id=e3bd8cfc-5e68-4242-bbaa-efc01d5144b8, invocation_timestamp=2018-08-27T07:36:42.163Z, session_id=fae150e4-d7f6-4f7f-8725-7d256a45091c, session_timestamp=2018-08-27T07:34:36.207Z}
[INFO ] 2018-08-27T07:36:48,892Z [Thread-1 (ActiveMQ-client-global-threads)] messaging.RPCServer.clientArtemisMessageHandler - SUBMITTING {actor_id=user1, actor_owningIdentity=O=PartyA, L=London, C=GB, actor_store_id=NODE_CONFIG, invocation_id=201ad541-3233-49b5-81be-08a8d9e226f3, invocation_timestamp=2018-08-27T07:36:48.891Z, session_id=fae150e4-d7f6-4f7f-8725-7d256a45091c, session_timestamp=2018-08-27T07:34:36.207Z}
[INFO ] 2018-08-27T07:36:48,892Z [rpc-server-handler-pool-2] vault.NodeVaultService._queryBy - Vault Query for contract type: class com.propertylisting.states.PropertyState, criteria: VaultQueryCriteria(status=UNCONSUMED, contractStateTypes=null, stateRefs=null, notary=null, softLockingCondition=null, timeCondition=null), pagination: PageSpecification(pageNumber=-1, pageSize=200), sorting: Sort(columns=[]) {actor_id=user1, actor_owningIdentity=O=PartyA, L=London, C=GB, actor_store_id=NODE_CONFIG, invocation_id=201ad541-3233-49b5-81be-08a8d9e226f3, invocation_timestamp=2018-08-27T07:36:48.891Z, session_id=fae150e4-d7f6-4f7f-8725-7d256a45091c, session_timestamp=2018-08-27T07:34:36.207Z}
[INFO ] 2018-08-27T07:37:15,733Z [Thread-0 (ActiveMQ-client-global-threads)] messaging.RPCServer.clientArtemisMessageHandler - SUBMITTING {actor_id=user1, actor_owningIdentity=O=PartyA, L=London, C=GB, actor_store_id=NODE_CONFIG, invocation_id=295c56e2-9981-42a7-83ad-995ef8b60dc1, invocation_timestamp=2018-08-27T07:37:15.733Z, session_id=fae150e4-d7f6-4f7f-8725-7d256a45091c, session_timestamp=2018-08-27T07:34:36.207Z}
[INFO ] 2018-08-27T07:37:15,733Z [rpc-server-handler-pool-0] vault.NodeVaultService._queryBy - Vault Query for contract type: class com.propertylisting.states.PropertyState, criteria: VaultQueryCriteria(status=UNCONSUMED, contractStateTypes=null, stateRefs=null, notary=null, softLockingCondition=null, timeCondition=null), pagination: PageSpecification(pageNumber=-1, pageSize=200), sorting: Sort(columns=[]) {actor_id=user1, actor_owningIdentity=O=PartyA, L=London, C=GB, actor_store_id=NODE_CONFIG, invocation_id=295c56e2-9981-42a7-83ad-995ef8b60dc1, invocation_timestamp=2018-08-27T07:37:15.733Z, session_id=fae150e4-d7f6-4f7f-8725-7d256a45091c, session_timestamp=2018-08-27T07:34:36.207Z}
[INFO ] 2018-08-27T07:37:33,060Z [Thread-1 (ActiveMQ-client-global-threads)] messaging.RPCServer.clientArtemisMessageHandler - SUBMITTING {actor_id=user1, actor_owningIdentity=O=PartyA, L=London, C=GB, actor_store_id=NODE_CONFIG, invocation_id=221c57a1-1a7e-4b92-93fa-b23581ad9db2, invocation_timestamp=2018-08-27T07:37:33.060Z, session_id=fae150e4-d7f6-4f7f-8725-7d256a45091c, session_timestamp=2018-08-27T07:34:36.207Z}
[INFO ] 2018-08-27T07:37:33,060Z [rpc-server-handler-pool-3] vault.NodeVaultService._queryBy - Vault Query for contract type: class com.propertylisting.states.PropertyState, criteria: VaultQueryCriteria(status=UNCONSUMED, contractStateTypes=null, stateRefs=null, notary=null, softLockingCondition=null, timeCondition=null), pagination: PageSpecification(pageNumber=-1, pageSize=200), sorting: Sort(columns=[]) {actor_id=user1, actor_owningIdentity=O=PartyA, L=London, C=GB, actor_store_id=NODE_CONFIG, invocation_id=221c57a1-1a7e-4b92-93fa-b23581ad9db2, invocation_timestamp=2018-08-27T07:37:33.060Z, session_id=fae150e4-d7f6-4f7f-8725-7d256a45091c, session_timestamp=2018-08-27T07:34:36.207Z}
[INFO ] 2018-08-27T07:38:39,207Z [Thread-7] BasicInfo.printBasicNodeInfo - Shutting down ... {}
[INFO ] 2018-08-27T07:38:39,266Z [main] internal.Node.run - Node exiting successfully {}
[INFO ] 2018-08-27T07:38:39,295Z [Thread-7] peers.DLBwev8F28gQ3PPyAzY5AifbxS8sTBogpudqj2Dw5PvCky -> localhost:10008:O=PartyB, L=New York, C=US.stop - Stopping AMQP bridge {}
[INFO ] 2018-08-27T07:38:39,297Z [Thread-7] netty.AMQPClient.stop - disconnect from: localhost:10008 {}
[INFO ] 2018-08-27T07:38:39,297Z [nioEventLoopGroup-2-1] netty.AMQPClient.operationComplete - Disconnected from localhost:10008 {}
[INFO ] 2018-08-27T07:38:39,298Z [Thread-7] netty.AMQPClient.stop - stopped connection to localhost:10008 {}
[INFO ] 2018-08-27T07:38:39,298Z [nioEventLoopGroup-2-1] O=PartyB, L=New York, C=US.channelInactive - Closed client connection b3c8dd19 from localhost/127.0.0.1:10008 to /127.0.0.1:60870 {}
[INFO ] 2018-08-27T07:38:39,298Z [nioEventLoopGroup-2-1] peers.DLBwev8F28gQ3PPyAzY5AifbxS8sTBogpudqj2Dw5PvCky -> localhost:10008:O=PartyB, L=New York, C=US.onSocketConnected - Bridge Disconnected {}
[INFO ] 2018-08-27T07:38:39,298Z [nioEventLoopGroup-2-1] O=PartyA, L=London, C=GB.onConnectionLocalClose - Connection local close org.apache.qpid.proton.engine.impl.ConnectionImpl@37d0ba {}
[INFO ] 2018-08-27T07:38:39,299Z [nioEventLoopGroup-2-1] O=PartyA, L=London, C=GB.onTransportError - Transport Error TransportImpl [_connectionEndpoint=org.apache.qpid.proton.engine.impl.ConnectionImpl@37d0ba, org.apache.qpid.proton.engine.impl.TransportImpl@4c07800d] {}
[INFO ] 2018-08-27T07:38:39,299Z [nioEventLoopGroup-2-1] O=PartyA, L=London, C=GB.onTransportError - Error: connection aborted {}
[INFO ] 2018-08-27T07:38:41,739Z [Thread-7] pool.HikariPool.shutdown - HikariPool-1 - Close initiated... {}
[INFO ] 2018-08-27T07:38:41,760Z [Thread-7] pool.HikariPool.shutdown - HikariPool-1 - Closed. {}
[INFO ] 2018-08-27T07:38:41,763Z [Thread-7] internal.Node.stop - Shutdown complete {}
