[INFO ] 2018-08-27T07:34:14,382Z [main] webserver.CmdLineOptions.loadConfig - Config:
{
    # hardcoded value
    "baseDirectory" : "/home/parnika/workspace/checkgithubContri/PropertyListing/build/nodes/PartyA",
    # web-reference.conf @ jar:file:/home/parnika/.capsule/apps/net.corda.webserver.WebServer_3.2-corda/corda-webserver-impl-3.2-corda.jar!/web-reference.conf: 2
    "keyStorePassword" : "cordacadevpass",
    # /home/parnika/workspace/checkgithubContri/PropertyListing/build/nodes/PartyA/node.conf: 1
    "myLegalName" : "O=PartyA,L=London,C=GB",
    # /home/parnika/workspace/checkgithubContri/PropertyListing/build/nodes/PartyA/node.conf: 2
    "p2pAddress" : "localhost:10005",
    # /home/parnika/workspace/checkgithubContri/PropertyListing/build/nodes/PartyA/node.conf: 3
    "rpcSettings" : {
        # /home/parnika/workspace/checkgithubContri/PropertyListing/build/nodes/PartyA/node.conf: 4
        "address" : "localhost:10006",
        # /home/parnika/workspace/checkgithubContri/PropertyListing/build/nodes/PartyA/node.conf: 5
        "adminAddress" : "localhost:10046"
    },
    # /home/parnika/workspace/checkgithubContri/PropertyListing/build/nodes/PartyA/node.conf: 7
    "rpcUsers" : [
        # /home/parnika/workspace/checkgithubContri/PropertyListing/build/nodes/PartyA/node.conf: 8
        {
            # /home/parnika/workspace/checkgithubContri/PropertyListing/build/nodes/PartyA/node.conf: 9
            "password" : "test",
            # /home/parnika/workspace/checkgithubContri/PropertyListing/build/nodes/PartyA/node.conf: 10
            "permissions" : [
                # /home/parnika/workspace/checkgithubContri/PropertyListing/build/nodes/PartyA/node.conf: 11
                "ALL"
            ],
            # /home/parnika/workspace/checkgithubContri/PropertyListing/build/nodes/PartyA/node.conf: 13
            "user" : "user1"
        }
    ],
    # web-reference.conf @ jar:file:/home/parnika/.capsule/apps/net.corda.webserver.WebServer_3.2-corda/corda-webserver-impl-3.2-corda.jar!/web-reference.conf: 3
    "trustStorePassword" : "trustpass",
    # web-reference.conf @ jar:file:/home/parnika/.capsule/apps/net.corda.webserver.WebServer_3.2-corda/corda-webserver-impl-3.2-corda.jar!/web-reference.conf: 1
    "useHTTPS" : false,
    # /home/parnika/workspace/checkgithubContri/PropertyListing/build/nodes/PartyA/node.conf: 16
    "webAddress" : "localhost:10007"
}
 {}
[INFO ] 2018-08-27T07:34:14,417Z [main] Main.main - Main class: /home/parnika/.capsule/apps/net.corda.webserver.WebServer_3.2-corda/corda-webserver-impl-3.2-corda.jar {}
[INFO ] 2018-08-27T07:34:14,770Z [main] Main.main - CommandLine Args: -Xmx200m -XX:+UseG1GC -agentlib:jdwp=transport=dt_socket,server=y,suspend=n,address=5006 -javaagent:drivers/jolokia-jvm-1.3.7-agent.jar=port=7006,logHandlerClass=net.corda.webserver.JolokiaSlf4Adapter -javaagent:/home/parnika/.capsule/apps/net.corda.webserver.WebServer_3.2-corda/quasar-core-0.7.9-jdk8.jar -Dvisualvm.display.name=Corda -Djava.library.path=/usr/java/packages/lib/amd64:/usr/lib64:/lib64:/lib:/usr/lib:/home/parnika/.capsule/apps/net.corda.webserver.WebServer_3.2-corda -Dcapsule.app=net.corda.webserver.WebServer_3.2-corda -Dname=PartyA-corda-webserver.jar -DWebserver -Dcapsule.dir=/home/parnika/.capsule/apps/net.corda.webserver.WebServer_3.2-corda -Dcapsule.jar=/home/parnika/workspace/checkgithubContri/PropertyListing/build/nodes/PartyA/corda-webserver.jar {}
[INFO ] 2018-08-27T07:34:15,114Z [main] Main.main - Application Args:  {}
[INFO ] 2018-08-27T07:34:15,120Z [main] Main.main - bootclasspath: /usr/lib/jvm/java-8-oracle/jre/lib/resources.jar:/usr/lib/jvm/java-8-oracle/jre/lib/rt.jar:/usr/lib/jvm/java-8-oracle/jre/lib/sunrsasign.jar:/usr/lib/jvm/java-8-oracle/jre/lib/jsse.jar:/usr/lib/jvm/java-8-oracle/jre/lib/jce.jar:/usr/lib/jvm/java-8-oracle/jre/lib/charsets.jar:/usr/lib/jvm/java-8-oracle/jre/lib/jfr.jar:/usr/lib/jvm/java-8-oracle/jre/classes {}
[INFO ] 2018-08-27T07:34:15,121Z [main] Main.main - classpath: /home/parnika/workspace/checkgithubContri/PropertyListing/build/nodes/PartyA/corda-webserver.jar:/home/parnika/.capsule/apps/net.corda.webserver.WebServer_3.2-corda/corda-rpc-3.2-corda.jar:/home/parnika/.capsule/apps/net.corda.webserver.WebServer_3.2-corda/corda-jackson-3.2-corda.jar:/home/parnika/.capsule/apps/net.corda.webserver.WebServer_3.2-corda/corda-node-api-3.2-corda.jar:/home/parnika/.capsule/apps/net.corda.webserver.WebServer_3.2-corda/corda-core-3.2-corda.jar:/home/parnika/.capsule/apps/net.corda.webserver.WebServer_3.2-corda/jetty-webapp-9.4.7.v20170914.jar:/home/parnika/.capsule/apps/net.corda.webserver.WebServer_3.2-corda/jetty-servlet-9.4.7.v20170914.jar:/home/parnika/.capsule/apps/net.corda.webserver.WebServer_3.2-corda/jersey-container-jetty-http-2.25.jar:/home/parnika/.capsule/apps/net.corda.webserver.WebServer_3.2-corda/jetty-security-9.4.7.v20170914.jar:/home/parnika/.capsule/apps/net.corda.webserver.WebServer_3.2-corda/jetty-server-9.4.7.v20170914.jar:/home/parnika/.capsule/apps/net.corda.webserver.WebServer_3.2-corda/javax.servlet-api-3.1.0.jar:/home/parnika/.capsule/apps/net.corda.webserver.WebServer_3.2-corda/commons-fileupload-1.3.3.jar:/home/parnika/.capsule/apps/net.corda.webserver.WebServer_3.2-corda/log4j-slf4j-impl-2.9.1.jar:/home/parnika/.capsule/apps/net.corda.webserver.WebServer_3.2-corda/log4j-core-2.9.1.jar:/home/parnika/.capsule/apps/net.corda.webserver.WebServer_3.2-corda/jopt-simple-5.0.2.jar:/home/parnika/.capsule/apps/net.corda.webserver.WebServer_3.2-corda/jetty-continuation-9.4.7.v20170914.jar:/home/parnika/.capsule/apps/net.corda.webserver.WebServer_3.2-corda/jersey-container-servlet-core-2.25.jar:/home/parnika/.capsule/apps/net.corda.webserver.WebServer_3.2-corda/jersey-server-2.25.jar:/home/parnika/.capsule/apps/net.corda.webserver.WebServer_3.2-corda/jersey-media-json-jackson-2.25.jar:/home/parnika/.capsule/apps/net.corda.webserver.WebServer_3.2-corda/kotlinx-html-jvm-0.6.3.jar:/home/parnika/.capsule/apps/net.corda.webserver.WebServer_3.2-corda/kotlin-stdlib-jre8-1.1.60.jar:/home/parnika/.capsule/apps/net.corda.webserver.WebServer_3.2-corda/jackson-module-kotlin-2.9.2.jar:/home/parnika/.capsule/apps/net.corda.webserver.WebServer_3.2-corda/kotlin-reflect-1.1.60.jar:/home/parnika/.capsule/apps/net.corda.webserver.WebServer_3.2-corda/cordform-common-3.1.0.jar:/home/parnika/.capsule/apps/net.corda.webserver.WebServer_3.2-corda/jsr305-3.0.2.jar:/home/parnika/.capsule/apps/net.corda.webserver.WebServer_3.2-corda/jcl-over-slf4j-1.7.25.jar:/home/parnika/.capsule/apps/net.corda.webserver.WebServer_3.2-corda/slf4j-api-1.7.25.jar:/home/parnika/.capsule/apps/net.corda.webserver.WebServer_3.2-corda/rxjava-1.2.4.jar:/home/parnika/.capsule/apps/net.corda.webserver.WebServer_3.2-corda/commons-jexl3-3.0.jar:/home/parnika/.capsule/apps/net.corda.webserver.WebServer_3.2-corda/jackson-datatype-jsr310-2.9.2.jar:/home/parnika/.capsule/apps/net.corda.webserver.WebServer_3.2-corda/jackson-jaxrs-json-provider-2.8.4.jar:/home/parnika/.capsule/apps/net.corda.webserver.WebServer_3.2-corda/jackson-jaxrs-base-2.8.4.jar:/home/parnika/.capsule/apps/net.corda.webserver.WebServer_3.2-corda/jackson-module-jaxb-annotations-2.8.4.jar:/home/parnika/.capsule/apps/net.corda.webserver.WebServer_3.2-corda/jackson-databind-2.9.2.jar:/home/parnika/.capsule/apps/net.corda.webserver.WebServer_3.2-corda/eddsa-0.2.0.jar:/home/parnika/.capsule/apps/net.corda.webserver.WebServer_3.2-corda/bcpkix-jdk15on-1.57.jar:/home/parnika/.capsule/apps/net.corda.webserver.WebServer_3.2-corda/bcprov-jdk15on-1.57.jar:/home/parnika/.capsule/apps/net.corda.webserver.WebServer_3.2-corda/hibernate-core-5.2.6.Final.jar:/home/parnika/.capsule/apps/net.corda.webserver.WebServer_3.2-corda/hibernate-jpa-2.1-api-1.0.0.Final.jar:/home/parnika/.capsule/apps/net.corda.webserver.WebServer_3.2-corda/quasar-core-0.7.9-jdk8.jar:/home/parnika/.capsule/apps/net.corda.webserver.WebServer_3.2-corda/jackson-dataformat-yaml-2.9.2.jar:/home/parnika/.capsule/apps/net.corda.webserver.WebServer_3.2-corda/artemis-core-client-2.2.0.jar:/home/parnika/.capsule/apps/net.corda.webserver.WebServer_3.2-corda/artemis-commons-2.2.0.jar:/home/parnika/.capsule/apps/net.corda.webserver.WebServer_3.2-corda/guava-21.0.jar:/home/parnika/.capsule/apps/net.corda.webserver.WebServer_3.2-corda/jetty-xml-9.4.7.v20170914.jar:/home/parnika/.capsule/apps/net.corda.webserver.WebServer_3.2-corda/jolokia-jsr160-1.6.0.jar:/home/parnika/.capsule/apps/net.corda.webserver.WebServer_3.2-corda/jolokia-core-1.6.0.jar:/home/parnika/.capsule/apps/net.corda.webserver.WebServer_3.2-corda/commons-io-2.2.jar:/home/parnika/.capsule/apps/net.corda.webserver.WebServer_3.2-corda/log4j-api-2.9.1.jar:/home/parnika/.capsule/apps/net.corda.webserver.WebServer_3.2-corda/jersey-client-2.25.jar:/home/parnika/.capsule/apps/net.corda.webserver.WebServer_3.2-corda/jersey-media-jaxb-2.25.jar:/home/parnika/.capsule/apps/net.corda.webserver.WebServer_3.2-corda/jersey-common-2.25.jar:/home/parnika/.capsule/apps/net.corda.webserver.WebServer_3.2-corda/jersey-entity-filtering-2.25.jar:/home/parnika/.capsule/apps/net.corda.webserver.WebServer_3.2-corda/javax.ws.rs-api-2.0.1.jar:/home/parnika/.capsule/apps/net.corda.webserver.WebServer_3.2-corda/javax.annotation-api-1.2.jar:/home/parnika/.capsule/apps/net.corda.webserver.WebServer_3.2-corda/hk2-locator-2.5.0-b30.jar:/home/parnika/.capsule/apps/net.corda.webserver.WebServer_3.2-corda/hk2-api-2.5.0-b30.jar:/home/parnika/.capsule/apps/net.corda.webserver.WebServer_3.2-corda/javax.inject-2.5.0-b30.jar:/home/parnika/.capsule/apps/net.corda.webserver.WebServer_3.2-corda/validation-api-1.1.0.Final.jar:/home/parnika/.capsule/apps/net.corda.webserver.WebServer_3.2-corda/jetty-http-9.4.7.v20170914.jar:/home/parnika/.capsule/apps/net.corda.webserver.WebServer_3.2-corda/jetty-io-9.4.7.v20170914.jar:/home/parnika/.capsule/apps/net.corda.webserver.WebServer_3.2-corda/jetty-util-9.4.7.v20170914.jar:/home/parnika/.capsule/apps/net.corda.webserver.WebServer_3.2-corda/jackson-annotations-2.9.0.jar:/home/parnika/.capsule/apps/net.corda.webserver.WebServer_3.2-corda/kotlin-stdlib-jre7-1.1.60.jar:/home/parnika/.capsule/apps/net.corda.webserver.WebServer_3.2-corda/kotlin-stdlib-1.1.60.jar:/home/parnika/.capsule/apps/net.corda.webserver.WebServer_3.2-corda/jackson-core-2.9.2.jar:/home/parnika/.capsule/apps/net.corda.webserver.WebServer_3.2-corda/hibernate-commons-annotations-5.0.1.Final.jar:/home/parnika/.capsule/apps/net.corda.webserver.WebServer_3.2-corda/jboss-logging-3.3.0.Final.jar:/home/parnika/.capsule/apps/net.corda.webserver.WebServer_3.2-corda/javassist-3.20.0-GA.jar:/home/parnika/.capsule/apps/net.corda.webserver.WebServer_3.2-corda/antlr-2.7.7.jar:/home/parnika/.capsule/apps/net.corda.webserver.WebServer_3.2-corda/geronimo-jta_1.1_spec-1.1.1.jar:/home/parnika/.capsule/apps/net.corda.webserver.WebServer_3.2-corda/jandex-2.0.3.Final.jar:/home/parnika/.capsule/apps/net.corda.webserver.WebServer_3.2-corda/classmate-1.3.0.jar:/home/parnika/.capsule/apps/net.corda.webserver.WebServer_3.2-corda/dom4j-1.6.1.jar:/home/parnika/.capsule/apps/net.corda.webserver.WebServer_3.2-corda/cdi-api-1.1.jar:/home/parnika/.capsule/apps/net.corda.webserver.WebServer_3.2-corda/commons-collections4-4.1.jar:/home/parnika/.capsule/apps/net.corda.webserver.WebServer_3.2-corda/commons-beanutils-1.9.3.jar:/home/parnika/.capsule/apps/net.corda.webserver.WebServer_3.2-corda/config-1.3.1.jar:/home/parnika/.capsule/apps/net.corda.webserver.WebServer_3.2-corda/kryo-serializers-0.41.jar:/home/parnika/.capsule/apps/net.corda.webserver.WebServer_3.2-corda/kryo-4.0.0.jar:/home/parnika/.capsule/apps/net.corda.webserver.WebServer_3.2-corda/proton-j-0.21.0.jar:/home/parnika/.capsule/apps/net.corda.webserver.WebServer_3.2-corda/fast-classpath-scanner-2.12.3.jar:/home/parnika/.capsule/apps/net.corda.webserver.WebServer_3.2-corda/snakeyaml-1.18.jar:/home/parnika/.capsule/apps/net.corda.webserver.WebServer_3.2-corda/json-simple-1.1.1.jar:/home/parnika/.capsule/apps/net.corda.webserver.WebServer_3.2-corda/jersey-guava-2.25.jar:/home/parnika/.capsule/apps/net.corda.webserver.WebServer_3.2-corda/osgi-resource-locator-1.0.1.jar:/home/parnika/.capsule/apps/net.corda.webserver.WebServer_3.2-corda/hk2-utils-2.5.0-b30.jar:/home/parnika/.capsule/apps/net.corda.webserver.WebServer_3.2-corda/aopalliance-repackaged-2.5.0-b30.jar:/home/parnika/.capsule/apps/net.corda.webserver.WebServer_3.2-corda/el-api-2.2.jar:/home/parnika/.capsule/apps/net.corda.webserver.WebServer_3.2-corda/jboss-interceptors-api_1.1_spec-1.0.0.Beta1.jar:/home/parnika/.capsule/apps/net.corda.webserver.WebServer_3.2-corda/jsr250-api-1.0.jar:/home/parnika/.capsule/apps/net.corda.webserver.WebServer_3.2-corda/javax.inject-1.jar:/home/parnika/.capsule/apps/net.corda.webserver.WebServer_3.2-corda/commons-collections-3.2.2.jar:/home/parnika/.capsule/apps/net.corda.webserver.WebServer_3.2-corda/jgroups-3.6.13.Final.jar:/home/parnika/.capsule/apps/net.corda.webserver.WebServer_3.2-corda/netty-all-4.1.9.Final.jar:/home/parnika/.capsule/apps/net.corda.webserver.WebServer_3.2-corda/geronimo-json_1.0_spec-1.0-alpha-1.jar:/home/parnika/.capsule/apps/net.corda.webserver.WebServer_3.2-corda/johnzon-core-0.9.5.jar:/home/parnika/.capsule/apps/net.corda.webserver.WebServer_3.2-corda/reflectasm-1.11.3.jar:/home/parnika/.capsule/apps/net.corda.webserver.WebServer_3.2-corda/minlog-1.3.0.jar:/home/parnika/.capsule/apps/net.corda.webserver.WebServer_3.2-corda/objenesis-2.2.jar:/home/parnika/.capsule/apps/net.corda.webserver.WebServer_3.2-corda/asm-5.0.4.jar:/home/parnika/.capsule/apps/net.corda.webserver.WebServer_3.2-corda/annotations-13.0.jar:/home/parnika/.capsule/apps/net.corda.webserver.WebServer_3.2-corda/corda-webserver-impl-3.2-corda.jar:/home/parnika/workspace/checkgithubContri/PropertyListing/build/nodes/PartyA/cordapps/PropertyListing-0.1.jar:/home/parnika/workspace/checkgithubContri/PropertyListing/build/nodes/PartyA/cordapps/cordapp-contracts-states-0.1.jar:/home/parnika/workspace/checkgithubContri/PropertyListing/build/nodes/PartyA/cordapps/cordapp-0.1.jar:drivers/jolokia-jvm-1.3.7-agent.jar:/home/parnika/.capsule/apps/net.corda.webserver.WebServer_3.2-corda/quasar-core-0.7.9-jdk8.jar {}
[INFO ] 2018-08-27T07:34:15,129Z [main] Main.main - VM Java HotSpot(TM) 64-Bit Server VM Oracle Corporation 25.171-b11 {}
[INFO ] 2018-08-27T07:34:15,129Z [main] Main.main - Machine: BCSLAPY-PARNIKA {}
[INFO ] 2018-08-27T07:34:15,129Z [main] Main.main - Working Directory: /home/parnika/workspace/checkgithubContri/PropertyListing/build/nodes/PartyA {}
[INFO ] 2018-08-27T07:34:18,121Z [main] Main.main - Starting as webserver on localhost:10007 {}
[INFO ] 2018-08-27T07:34:18,297Z [main] BasicInfo.logAndMaybePrint - Starting as webserver: localhost:10007 {}
[WARN ] 2018-08-27T07:34:19,175Z [main] internal.config.defaultToOldPath - Config key user has been deprecated and will be removed in a future release. Use username instead {}
[INFO ] 2018-08-27T07:34:19,197Z [main] internal.NodeWebServer.connectLocalRpcAsNodeUser - Connecting to node at localhost:10006 as User(user1, permissions=[ALL]) {}
[INFO ] 2018-08-27T07:34:23,922Z [main] internal.RPCClient.logElapsedTime - Startup took 3565 msec {}
[WARN ] 2018-08-27T07:34:24,923Z [main] internal.config.defaultToOldPath - Config key user has been deprecated and will be removed in a future release. Use username instead {}
[INFO ] 2018-08-27T07:34:24,924Z [main] internal.NodeWebServer.connectLocalRpcAsNodeUser - Connecting to node at localhost:10006 as User(user1, permissions=[ALL]) {}
[INFO ] 2018-08-27T07:34:24,979Z [main] internal.RPCClient.logElapsedTime - Startup took 53 msec {}
[WARN ] 2018-08-27T07:34:25,979Z [main] internal.config.defaultToOldPath - Config key user has been deprecated and will be removed in a future release. Use username instead {}
[INFO ] 2018-08-27T07:34:25,980Z [main] internal.NodeWebServer.connectLocalRpcAsNodeUser - Connecting to node at localhost:10006 as User(user1, permissions=[ALL]) {}
[INFO ] 2018-08-27T07:34:26,005Z [main] internal.RPCClient.logElapsedTime - Startup took 21 msec {}
[WARN ] 2018-08-27T07:34:27,006Z [main] internal.config.defaultToOldPath - Config key user has been deprecated and will be removed in a future release. Use username instead {}
[INFO ] 2018-08-27T07:34:27,007Z [main] internal.NodeWebServer.connectLocalRpcAsNodeUser - Connecting to node at localhost:10006 as User(user1, permissions=[ALL]) {}
[INFO ] 2018-08-27T07:34:27,029Z [main] internal.RPCClient.logElapsedTime - Startup took 21 msec {}
[WARN ] 2018-08-27T07:34:28,031Z [main] internal.config.defaultToOldPath - Config key user has been deprecated and will be removed in a future release. Use username instead {}
[INFO ] 2018-08-27T07:34:28,031Z [main] internal.NodeWebServer.connectLocalRpcAsNodeUser - Connecting to node at localhost:10006 as User(user1, permissions=[ALL]) {}
[INFO ] 2018-08-27T07:34:28,053Z [main] internal.RPCClient.logElapsedTime - Startup took 21 msec {}
[WARN ] 2018-08-27T07:34:29,054Z [main] internal.config.defaultToOldPath - Config key user has been deprecated and will be removed in a future release. Use username instead {}
[INFO ] 2018-08-27T07:34:29,060Z [main] internal.NodeWebServer.connectLocalRpcAsNodeUser - Connecting to node at localhost:10006 as User(user1, permissions=[ALL]) {}
[INFO ] 2018-08-27T07:34:29,085Z [main] internal.RPCClient.logElapsedTime - Startup took 23 msec {}
[WARN ] 2018-08-27T07:34:30,089Z [main] internal.config.defaultToOldPath - Config key user has been deprecated and will be removed in a future release. Use username instead {}
[INFO ] 2018-08-27T07:34:30,090Z [main] internal.NodeWebServer.connectLocalRpcAsNodeUser - Connecting to node at localhost:10006 as User(user1, permissions=[ALL]) {}
[INFO ] 2018-08-27T07:34:30,117Z [main] internal.RPCClient.logElapsedTime - Startup took 26 msec {}
[WARN ] 2018-08-27T07:34:31,118Z [main] internal.config.defaultToOldPath - Config key user has been deprecated and will be removed in a future release. Use username instead {}
[INFO ] 2018-08-27T07:34:31,120Z [main] internal.NodeWebServer.connectLocalRpcAsNodeUser - Connecting to node at localhost:10006 as User(user1, permissions=[ALL]) {}
[INFO ] 2018-08-27T07:34:31,137Z [main] internal.RPCClient.logElapsedTime - Startup took 16 msec {}
[WARN ] 2018-08-27T07:34:32,138Z [main] internal.config.defaultToOldPath - Config key user has been deprecated and will be removed in a future release. Use username instead {}
[INFO ] 2018-08-27T07:34:32,138Z [main] internal.NodeWebServer.connectLocalRpcAsNodeUser - Connecting to node at localhost:10006 as User(user1, permissions=[ALL]) {}
[INFO ] 2018-08-27T07:34:32,157Z [main] internal.RPCClient.logElapsedTime - Startup took 18 msec {}
[WARN ] 2018-08-27T07:34:33,158Z [main] internal.config.defaultToOldPath - Config key user has been deprecated and will be removed in a future release. Use username instead {}
[INFO ] 2018-08-27T07:34:33,158Z [main] internal.NodeWebServer.connectLocalRpcAsNodeUser - Connecting to node at localhost:10006 as User(user1, permissions=[ALL]) {}
[INFO ] 2018-08-27T07:34:33,193Z [main] internal.RPCClient.logElapsedTime - Startup took 33 msec {}
[WARN ] 2018-08-27T07:34:34,193Z [main] internal.config.defaultToOldPath - Config key user has been deprecated and will be removed in a future release. Use username instead {}
[INFO ] 2018-08-27T07:34:34,194Z [main] internal.NodeWebServer.connectLocalRpcAsNodeUser - Connecting to node at localhost:10006 as User(user1, permissions=[ALL]) {}
[INFO ] 2018-08-27T07:34:34,201Z [main] internal.RPCClient.logElapsedTime - Startup took 6 msec {}
[WARN ] 2018-08-27T07:34:35,202Z [main] internal.config.defaultToOldPath - Config key user has been deprecated and will be removed in a future release. Use username instead {}
[INFO ] 2018-08-27T07:34:35,202Z [main] internal.NodeWebServer.connectLocalRpcAsNodeUser - Connecting to node at localhost:10006 as User(user1, permissions=[ALL]) {}
[INFO ] 2018-08-27T07:34:35,205Z [main] internal.RPCClient.logElapsedTime - Startup took 2 msec {}
[WARN ] 2018-08-27T07:34:36,206Z [main] internal.config.defaultToOldPath - Config key user has been deprecated and will be removed in a future release. Use username instead {}
[INFO ] 2018-08-27T07:34:36,206Z [main] internal.NodeWebServer.connectLocalRpcAsNodeUser - Connecting to node at localhost:10006 as User(user1, permissions=[ALL]) {}
[INFO ] 2018-08-27T07:34:42,864Z [main] internal.RPCClient.logElapsedTime - Startup took 6657 msec {}
[INFO ] 2018-08-27T07:34:42,925Z [main] util.log.initialized - Logging initialized @33378ms to org.eclipse.jetty.util.log.Slf4jLog {}
[INFO ] 2018-08-27T07:34:46,434Z [main] internal.NodeWebServer.buildServletContextHandler - Add plugin web API from attachment com.propertylisting.PluginKt$sam$Function$c5d0a83a@169d1f92 {}
[INFO ] 2018-08-27T07:34:47,538Z [main] server.Server.doStart - jetty-9.4.7.v20170914 {}
[INFO ] 2018-08-27T07:34:49,380Z [main] handler.ContextHandler.doStart - Started o.e.j.s.ServletContextHandler@5d1d05ff{/,null,AVAILABLE} {}
[INFO ] 2018-08-27T07:34:49,408Z [main] server.AbstractConnector.doStart - Started ServerConnector@3dd8b40e{HTTP/1.1,[http/1.1]}{0.0.0.0:10007} {}
[INFO ] 2018-08-27T07:34:49,409Z [main] server.Server.doStart - Started @39872ms {}
[INFO ] 2018-08-27T07:34:49,409Z [main] internal.NodeWebServer.initWebServer - Starting webserver on address localhost:10007 {}
[WARN ] 2018-08-27T07:38:41,559Z [Thread-3 (ActiveMQ-client-global-threads)] core.client.fail - AMQ212037: Connection failure has been detected: AMQ119015: The connection was disconnected because of server shutdown [code=DISCONNECTED] {}
