[INFO ] 2018-08-27T07:32:53,993Z [main] manifests.Manifests.info - 111 attributes loaded from 123 stream(s) in 961ms, 111 saved, 1956 ignored: ["ActiveMQ-Version", "Agent-Class", "Ant-Version", "Application-Class", "Application-Library-Allowable-Codebase", "Application-Name", "Application-Version", "Archiver-Version", "Automatic-Module-Name", "Bnd-LastModified", "Branch", "Build-Date", "Build-Host", "Build-Id", "Build-Java-Version", "Build-Jdk", "Build-Job", "Build-Number", "Build-Timestamp", "Built-By", "Built-OS", "Built-Status", "Bundle-Activator", "Bundle-Category", "Bundle-ClassPath", "Bundle-Copyright", "Bundle-Description", "Bundle-DocURL", "Bundle-License", "Bundle-ManifestVersion", "Bundle-Name", "Bundle-RequiredExecutionEnvironment", "Bundle-SymbolicName", "Bundle-Vendor", "Bundle-Version", "Caller-Allowable-Codebase", "Can-Redefine-Classes", "Can-Retransform-Classes", "Can-Set-Native-Method-Prefix", "Caplets", "Change", "Codebase", "Corda-Platform-Version", "Corda-Release-Version", "Corda-Revision", "Corda-Vendor", "Created-By", "DynamicImport-Package", "Eclipse-BuddyPolicy", "Eclipse-LazyStart", "Export-Package", "Extension-Name", "Fragment-Host", "Gradle-Version", "Ignore-Package", "Implementation-Build", "Implementation-Build-Date", "Implementation-Title", "Implementation-URL", "Implementation-Url", "Implementation-Vendor", "Implementation-Vendor-Id", "Implementation-Version", "Import-Package", "Include-Resource", "JCabi-Build", "JCabi-Date", "JCabi-Version", "JVM-Args", "Java-Agents", "Java-Vendor", "Java-Version", "Kotlin-Runtime-Component", "Kotlin-Version", "Log4jReleaseKey", "Log4jReleaseManager", "Log4jReleaseVersion", "Main-Class", "Main-class", "Manifest-Version", "Min-Java-Version", "Min-Update-Version", "Module-Email", "Module-Origin", "Module-Owner", "Module-Source", "Multi-Release", "Originally-Created-By", "Os-Arch", "Os-Name", "Os-Version", "Package", "Permissions", "Premain-Class", "Private-Package", "Provide-Capability", "Require-Capability", "SCM-Revision", "SCM-url", "Scm-Connection", "Scm-Revision", "Scm-Url", "Service-Component", "Specification-Title", "Specification-Vendor", "Specification-Version", "System-Properties", "Tool", "Trusted-Library", "X-Compile-Source-JDK", "X-Compile-Target-JDK"] {}
[INFO ] 2018-08-27T07:32:54,441Z [main] BasicInfo.printBasicNodeInfo - Logs can be found in                    : /home/parnika/workspace/checkgithubContri/PropertyListing/build/nodes/Notary/logs {}
[INFO ] 2018-08-27T07:32:54,569Z [main] config.ConfigHelper.loadConfig - Config:
{
    # reference.conf @ jar:file:/home/parnika/workspace/checkgithubContri/PropertyListing/build/nodes/Notary/corda.jar!/reference.conf: 20
    "activeMQServer" : {
        # reference.conf @ jar:file:/home/parnika/workspace/checkgithubContri/PropertyListing/build/nodes/Notary/corda.jar!/reference.conf: 21
        "bridge" : {
            # reference.conf @ jar:file:/home/parnika/workspace/checkgithubContri/PropertyListing/build/nodes/Notary/corda.jar!/reference.conf: 24
            "maxRetryIntervalMin" : 3,
            # reference.conf @ jar:file:/home/parnika/workspace/checkgithubContri/PropertyListing/build/nodes/Notary/corda.jar!/reference.conf: 22
            "retryIntervalMs" : 5000,
            # reference.conf @ jar:file:/home/parnika/workspace/checkgithubContri/PropertyListing/build/nodes/Notary/corda.jar!/reference.conf: 23
            "retryIntervalMultiplier" : 1.5
        }
    },
    # hardcoded value
    "baseDirectory" : "/home/parnika/workspace/checkgithubContri/PropertyListing/build/nodes/Notary",
    # merge of reference.conf @ jar:file:/home/parnika/workspace/checkgithubContri/PropertyListing/build/nodes/Notary/corda.jar!/reference.conf: 6,reference.conf @ jar:file:/home/parnika/workspace/checkgithubContri/PropertyListing/build/nodes/.cache/apps/net.corda.node.Corda_3.2-corda/corda-node-3.2-corda.jar!/reference.conf: 6
    "dataSourceProperties" : {
        # reference.conf @ jar:file:/home/parnika/workspace/checkgithubContri/PropertyListing/build/nodes/Notary/corda.jar!/reference.conf: 10
        "dataSource.password" : "",
        # merge of reference.conf @ jar:file:/home/parnika/workspace/checkgithubContri/PropertyListing/build/nodes/Notary/corda.jar!/reference.conf: 8,hardcoded value,reference.conf @ jar:file:/home/parnika/workspace/checkgithubContri/PropertyListing/build/nodes/Notary/corda.jar!/reference.conf: 8,reference.conf @ jar:file:/home/parnika/workspace/checkgithubContri/PropertyListing/build/nodes/Notary/corda.jar!/reference.conf: 17
        "dataSource.url" : "jdbc:h2:file:/home/parnika/workspace/checkgithubContri/PropertyListing/build/nodes/Notary/persistence;DB_CLOSE_ON_EXIT=FALSE;LOCK_TIMEOUT=10000;WRITE_DELAY=100;AUTO_SERVER_PORT=0",
        # reference.conf @ jar:file:/home/parnika/workspace/checkgithubContri/PropertyListing/build/nodes/Notary/corda.jar!/reference.conf: 9
        "dataSource.user" : "sa",
        # reference.conf @ jar:file:/home/parnika/workspace/checkgithubContri/PropertyListing/build/nodes/Notary/corda.jar!/reference.conf: 7
        "dataSourceClassName" : "org.h2.jdbcx.JdbcDataSource"
    },
    # reference.conf @ jar:file:/home/parnika/workspace/checkgithubContri/PropertyListing/build/nodes/Notary/corda.jar!/reference.conf: 12
    "database" : {
        # reference.conf @ jar:file:/home/parnika/workspace/checkgithubContri/PropertyListing/build/nodes/Notary/corda.jar!/reference.conf: 14
        "exportHibernateJMXStatistics" : "false",
        # reference.conf @ jar:file:/home/parnika/workspace/checkgithubContri/PropertyListing/build/nodes/Notary/corda.jar!/reference.conf: 13
        "transactionIsolationLevel" : "REPEATABLE_READ"
    },
    # reference.conf @ jar:file:/home/parnika/workspace/checkgithubContri/PropertyListing/build/nodes/Notary/corda.jar!/reference.conf: 16
    "devMode" : true,
    # reference.conf @ jar:file:/home/parnika/workspace/checkgithubContri/PropertyListing/build/nodes/Notary/corda.jar!/reference.conf: 2
    "emailAddress" : "admin@company.com",
    # reference.conf @ jar:file:/home/parnika/workspace/checkgithubContri/PropertyListing/build/nodes/Notary/corda.jar!/reference.conf: 3
    "exportJMXto" : "http",
    # reference.conf @ jar:file:/home/parnika/workspace/checkgithubContri/PropertyListing/build/nodes/Notary/corda.jar!/reference.conf: 17
    "h2port" : 0,
    # reference.conf @ jar:file:/home/parnika/workspace/checkgithubContri/PropertyListing/build/nodes/Notary/corda.jar!/reference.conf: 4
    "keyStorePassword" : "cordacadevpass",
    # /home/parnika/workspace/checkgithubContri/PropertyListing/build/nodes/Notary/node.conf: 1
    "myLegalName" : "O=Notary,L=London,C=GB",
    # /home/parnika/workspace/checkgithubContri/PropertyListing/build/nodes/Notary/node.conf: 2
    "notary" : {
        # /home/parnika/workspace/checkgithubContri/PropertyListing/build/nodes/Notary/node.conf: 3
        "validating" : false
    },
    # /home/parnika/workspace/checkgithubContri/PropertyListing/build/nodes/Notary/node.conf: 5
    "p2pAddress" : "localhost:10002",
    # merge of /home/parnika/workspace/checkgithubContri/PropertyListing/build/nodes/Notary/node.conf: 6,reference.conf @ jar:file:/home/parnika/workspace/checkgithubContri/PropertyListing/build/nodes/Notary/corda.jar!/reference.conf: 27
    "rpcSettings" : {
        # /home/parnika/workspace/checkgithubContri/PropertyListing/build/nodes/Notary/node.conf: 7
        "address" : "localhost:10003",
        # /home/parnika/workspace/checkgithubContri/PropertyListing/build/nodes/Notary/node.conf: 8
        "adminAddress" : "localhost:10043",
        # reference.conf @ jar:file:/home/parnika/workspace/checkgithubContri/PropertyListing/build/nodes/Notary/corda.jar!/reference.conf: 29
        "standAloneBroker" : false,
        # reference.conf @ jar:file:/home/parnika/workspace/checkgithubContri/PropertyListing/build/nodes/Notary/corda.jar!/reference.conf: 28
        "useSsl" : false
    },
    # /home/parnika/workspace/checkgithubContri/PropertyListing/build/nodes/Notary/node.conf: 10
    "rpcUsers" : [],
    # reference.conf @ jar:file:/home/parnika/workspace/checkgithubContri/PropertyListing/build/nodes/Notary/corda.jar!/reference.conf: 5
    "trustStorePassword" : "trustpass",
    # reference.conf @ jar:file:/home/parnika/workspace/checkgithubContri/PropertyListing/build/nodes/Notary/corda.jar!/reference.conf: 18
    "useTestClock" : false,
    # reference.conf @ jar:file:/home/parnika/workspace/checkgithubContri/PropertyListing/build/nodes/Notary/corda.jar!/reference.conf: 19
    "verifierType" : "InMemory"
}
 {}
[INFO ] 2018-08-27T07:32:55,720Z [main] internal.Node.logStartupInfo - Vendor: Corda Open Source {}
[INFO ] 2018-08-27T07:32:55,763Z [main] internal.Node.logStartupInfo - Release: 3.2-corda {}
[INFO ] 2018-08-27T07:32:55,764Z [main] internal.Node.logStartupInfo - Platform Version: 3 {}
[INFO ] 2018-08-27T07:32:55,764Z [main] internal.Node.logStartupInfo - Revision: 5ae8325980ad22df8146b983afeaca344fc03c3e {}
[INFO ] 2018-08-27T07:32:55,764Z [main] internal.Node.logStartupInfo - PID: 31526 {}
[INFO ] 2018-08-27T07:32:55,764Z [main] internal.Node.logStartupInfo - Main class: /home/parnika/workspace/checkgithubContri/PropertyListing/build/nodes/.cache/apps/net.corda.node.Corda_3.2-corda/corda-node-3.2-corda.jar {}
[INFO ] 2018-08-27T07:32:55,765Z [main] internal.Node.logStartupInfo - CommandLine Args: -Xmx200m -XX:+UseG1GC -javaagent:/home/parnika/workspace/checkgithubContri/PropertyListing/build/nodes/.cache/apps/net.corda.node.Corda_3.2-corda/quasar-core-0.7.9-jdk8.jar=x(antlr**;bftsmart**;ch**;co.paralleluniverse**;com.codahale**;com.esotericsoftware**;com.fasterxml**;com.google**;com.ibm**;com.intellij**;com.jcabi**;com.nhaarman**;com.opengamma**;com.typesafe**;com.zaxxer**;de.javakaffee**;groovy**;groovyjarjarantlr**;groovyjarjarasm**;io.atomix**;io.github**;io.netty**;jdk**;joptsimple**;junit**;kotlin**;net.bytebuddy**;net.i2p**;org.apache**;org.assertj**;org.bouncycastle**;org.codehaus**;org.crsh**;org.dom4j**;org.fusesource**;org.h2**;org.hamcrest**;org.hibernate**;org.jboss**;org.jcp**;org.joda**;org.junit**;org.mockito**;org.objectweb**;org.objenesis**;org.slf4j**;org.w3c**;org.xml**;org.yaml**;reflectasm**;rx**;org.jolokia**) -Dvisualvm.display.name=Corda -Djava.library.path=/usr/java/packages/lib/amd64:/usr/lib64:/lib64:/lib:/usr/lib:/home/parnika/workspace/checkgithubContri/PropertyListing/build/nodes/.cache/apps/net.corda.node.Corda_3.2-corda -Dcapsule.app=net.corda.node.Corda_3.2-corda -Dcapsule.dir=/home/parnika/workspace/checkgithubContri/PropertyListing/build/nodes/.cache/apps/net.corda.node.Corda_3.2-corda -Dcapsule.jar=/home/parnika/workspace/checkgithubContri/PropertyListing/build/nodes/Notary/corda.jar {}
[INFO ] 2018-08-27T07:32:55,765Z [main] internal.Node.logStartupInfo - Application Args: --just-generate-node-info {}
[INFO ] 2018-08-27T07:32:55,765Z [main] internal.Node.logStartupInfo - bootclasspath: /usr/lib/jvm/java-8-oracle/jre/lib/resources.jar:/usr/lib/jvm/java-8-oracle/jre/lib/rt.jar:/usr/lib/jvm/java-8-oracle/jre/lib/sunrsasign.jar:/usr/lib/jvm/java-8-oracle/jre/lib/jsse.jar:/usr/lib/jvm/java-8-oracle/jre/lib/jce.jar:/usr/lib/jvm/java-8-oracle/jre/lib/charsets.jar:/usr/lib/jvm/java-8-oracle/jre/lib/jfr.jar:/usr/lib/jvm/java-8-oracle/jre/classes {}
[INFO ] 2018-08-27T07:32:55,765Z [main] internal.Node.logStartupInfo - classpath: /home/parnika/workspace/checkgithubContri/PropertyListing/build/nodes/Notary/corda.jar:/home/parnika/workspace/checkgithubContri/PropertyListing/build/nodes/.cache/apps/net.corda.node.Corda_3.2-corda/corda-rpc-3.2-corda.jar:/home/parnika/workspace/checkgithubContri/PropertyListing/build/nodes/.cache/apps/net.corda.node.Corda_3.2-corda/corda-node-api-3.2-corda.jar:/home/parnika/workspace/checkgithubContri/PropertyListing/build/nodes/.cache/apps/net.corda.node.Corda_3.2-corda/corda-confidential-identities-3.2-corda.jar:/home/parnika/workspace/checkgithubContri/PropertyListing/build/nodes/.cache/apps/net.corda.node.Corda_3.2-corda/cordform-common-3.1.0.jar:/home/parnika/workspace/checkgithubContri/PropertyListing/build/nodes/.cache/apps/net.corda.node.Corda_3.2-corda/log4j-slf4j-impl-2.9.1.jar:/home/parnika/workspace/checkgithubContri/PropertyListing/build/nodes/.cache/apps/net.corda.node.Corda_3.2-corda/log4j-web-2.9.1.jar:/home/parnika/workspace/checkgithubContri/PropertyListing/build/nodes/.cache/apps/net.corda.node.Corda_3.2-corda/jul-to-slf4j-1.7.25.jar:/home/parnika/workspace/checkgithubContri/PropertyListing/build/nodes/.cache/apps/net.corda.node.Corda_3.2-corda/corda-jackson-3.2-corda.jar:/home/parnika/workspace/checkgithubContri/PropertyListing/build/nodes/.cache/apps/net.corda.node.Corda_3.2-corda/corda-core-3.2-corda.jar:/home/parnika/workspace/checkgithubContri/PropertyListing/build/nodes/.cache/apps/net.corda.node.Corda_3.2-corda/kotlin-stdlib-jre8-1.1.60.jar:/home/parnika/workspace/checkgithubContri/PropertyListing/build/nodes/.cache/apps/net.corda.node.Corda_3.2-corda/jackson-module-kotlin-2.9.2.jar:/home/parnika/workspace/checkgithubContri/PropertyListing/build/nodes/.cache/apps/net.corda.node.Corda_3.2-corda/kotlin-reflect-1.1.60.jar:/home/parnika/workspace/checkgithubContri/PropertyListing/build/nodes/.cache/apps/net.corda.node.Corda_3.2-corda/jimfs-1.1.jar:/home/parnika/workspace/checkgithubContri/PropertyListing/build/nodes/.cache/apps/net.corda.node.Corda_3.2-corda/artemis-amqp-protocol-2.2.0.jar:/home/parnika/workspace/checkgithubContri/PropertyListing/build/nodes/.cache/apps/net.corda.node.Corda_3.2-corda/artemis-server-2.2.0.jar:/home/parnika/workspace/checkgithubContri/PropertyListing/build/nodes/.cache/apps/net.corda.node.Corda_3.2-corda/artemis-jdbc-store-2.2.0.jar:/home/parnika/workspace/checkgithubContri/PropertyListing/build/nodes/.cache/apps/net.corda.node.Corda_3.2-corda/artemis-jms-client-2.2.0.jar:/home/parnika/workspace/checkgithubContri/PropertyListing/build/nodes/.cache/apps/net.corda.node.Corda_3.2-corda/artemis-core-client-2.2.0.jar:/home/parnika/workspace/checkgithubContri/PropertyListing/build/nodes/.cache/apps/net.corda.node.Corda_3.2-corda/artemis-journal-2.2.0.jar:/home/parnika/workspace/checkgithubContri/PropertyListing/build/nodes/.cache/apps/net.corda.node.Corda_3.2-corda/artemis-commons-2.2.0.jar:/home/parnika/workspace/checkgithubContri/PropertyListing/build/nodes/.cache/apps/net.corda.node.Corda_3.2-corda/guava-21.0.jar:/home/parnika/workspace/checkgithubContri/PropertyListing/build/nodes/.cache/apps/net.corda.node.Corda_3.2-corda/jopt-simple-5.0.2.jar:/home/parnika/workspace/checkgithubContri/PropertyListing/build/nodes/.cache/apps/net.corda.node.Corda_3.2-corda/commons-collections4-4.1.jar:/home/parnika/workspace/checkgithubContri/PropertyListing/build/nodes/.cache/apps/net.corda.node.Corda_3.2-corda/shiro-core-1.4.0.jar:/home/parnika/workspace/checkgithubContri/PropertyListing/build/nodes/.cache/apps/net.corda.node.Corda_3.2-corda/shiro-config-ogdl-1.4.0.jar:/home/parnika/workspace/checkgithubContri/PropertyListing/build/nodes/.cache/apps/net.corda.node.Corda_3.2-corda/commons-beanutils-1.9.3.jar:/home/parnika/workspace/checkgithubContri/PropertyListing/build/nodes/.cache/apps/net.corda.node.Corda_3.2-corda/jansi-1.14.jar:/home/parnika/workspace/checkgithubContri/PropertyListing/build/nodes/.cache/apps/net.corda.node.Corda_3.2-corda/jcabi-manifests-1.1.jar:/home/parnika/workspace/checkgithubContri/PropertyListing/build/nodes/.cache/apps/net.corda.node.Corda_3.2-corda/forms_rt-7.0.3.jar:/home/parnika/workspace/checkgithubContri/PropertyListing/build/nodes/.cache/apps/net.corda.node.Corda_3.2-corda/metrics-core-3.1.2.jar:/home/parnika/workspace/checkgithubContri/PropertyListing/build/nodes/.cache/apps/net.corda.node.Corda_3.2-corda/config-1.3.1.jar:/home/parnika/workspace/checkgithubContri/PropertyListing/build/nodes/.cache/apps/net.corda.node.Corda_3.2-corda/h2-1.4.194.jar:/home/parnika/workspace/checkgithubContri/PropertyListing/build/nodes/.cache/apps/net.corda.node.Corda_3.2-corda/postgresql-42.1.4.jar:/home/parnika/workspace/checkgithubContri/PropertyListing/build/nodes/.cache/apps/net.corda.node.Corda_3.2-corda/HikariCP-2.5.1.jar:/home/parnika/workspace/checkgithubContri/PropertyListing/build/nodes/.cache/apps/net.corda.node.Corda_3.2-corda/hibernate-java8-5.2.6.Final.jar:/home/parnika/workspace/checkgithubContri/PropertyListing/build/nodes/.cache/apps/net.corda.node.Corda_3.2-corda/hibernate-core-5.2.6.Final.jar:/home/parnika/workspace/checkgithubContri/PropertyListing/build/nodes/.cache/apps/net.corda.node.Corda_3.2-corda/copycat-client-1.2.3.jar:/home/parnika/workspace/checkgithubContri/PropertyListing/build/nodes/.cache/apps/net.corda.node.Corda_3.2-corda/copycat-server-1.2.3.jar:/home/parnika/workspace/checkgithubContri/PropertyListing/build/nodes/.cache/apps/net.corda.node.Corda_3.2-corda/catalyst-netty-1.1.2.jar:/home/parnika/workspace/checkgithubContri/PropertyListing/build/nodes/.cache/apps/net.corda.node.Corda_3.2-corda/netty-all-4.1.9.Final.jar:/home/parnika/workspace/checkgithubContri/PropertyListing/build/nodes/.cache/apps/net.corda.node.Corda_3.2-corda/crash.connectors.ssh-cadb53544fbb3c0fb901445da614998a6a419488.jar:/home/parnika/workspace/checkgithubContri/PropertyListing/build/nodes/.cache/apps/net.corda.node.Corda_3.2-corda/crash.shell-cadb53544fbb3c0fb901445da614998a6a419488.jar:/home/parnika/workspace/checkgithubContri/PropertyListing/build/nodes/.cache/apps/net.corda.node.Corda_3.2-corda/okhttp-3.5.0.jar:/home/parnika/workspace/checkgithubContri/PropertyListing/build/nodes/.cache/apps/net.corda.node.Corda_3.2-corda/commons-codec-1.10.jar:/home/parnika/workspace/checkgithubContri/PropertyListing/build/nodes/.cache/apps/net.corda.node.Corda_3.2-corda/library-master-v1.1-beta-g6215ec8-87.jar:/home/parnika/workspace/checkgithubContri/PropertyListing/build/nodes/.cache/apps/net.corda.node.Corda_3.2-corda/jolokia-jvm-1.6.0-agent.jar:/home/parnika/workspace/checkgithubContri/PropertyListing/build/nodes/.cache/apps/net.corda.node.Corda_3.2-corda/quasar-core-0.7.9-jdk8.jar:/home/parnika/workspace/checkgithubContri/PropertyListing/build/nodes/.cache/apps/net.corda.node.Corda_3.2-corda/commons-fileupload-1.3.3.jar:/home/parnika/workspace/checkgithubContri/PropertyListing/build/nodes/.cache/apps/net.corda.node.Corda_3.2-corda/kryo-serializers-0.41.jar:/home/parnika/workspace/checkgithubContri/PropertyListing/build/nodes/.cache/apps/net.corda.node.Corda_3.2-corda/kryo-4.0.0.jar:/home/parnika/workspace/checkgithubContri/PropertyListing/build/nodes/.cache/apps/net.corda.node.Corda_3.2-corda/proton-j-0.21.0.jar:/home/parnika/workspace/checkgithubContri/PropertyListing/build/nodes/.cache/apps/net.corda.node.Corda_3.2-corda/fast-classpath-scanner-2.12.3.jar:/home/parnika/workspace/checkgithubContri/PropertyListing/build/nodes/.cache/apps/net.corda.node.Corda_3.2-corda/jsr305-3.0.2.jar:/home/parnika/workspace/checkgithubContri/PropertyListing/build/nodes/.cache/apps/net.corda.node.Corda_3.2-corda/jcabi-log-0.14.jar:/home/parnika/workspace/checkgithubContri/PropertyListing/build/nodes/.cache/apps/net.corda.node.Corda_3.2-corda/copycat-protocol-1.2.3.jar:/home/parnika/workspace/checkgithubContri/PropertyListing/build/nodes/.cache/apps/net.corda.node.Corda_3.2-corda/catalyst-transport-1.1.2.jar:/home/parnika/workspace/checkgithubContri/PropertyListing/build/nodes/.cache/apps/net.corda.node.Corda_3.2-corda/mina-core-2.0.16.jar:/home/parnika/workspace/checkgithubContri/PropertyListing/build/nodes/.cache/apps/net.corda.node.Corda_3.2-corda/shiro-cache-1.4.0.jar:/home/parnika/workspace/checkgithubContri/PropertyListing/build/nodes/.cache/apps/net.corda.node.Corda_3.2-corda/shiro-crypto-hash-1.4.0.jar:/home/parnika/workspace/checkgithubContri/PropertyListing/build/nodes/.cache/apps/net.corda.node.Corda_3.2-corda/shiro-crypto-cipher-1.4.0.jar:/home/parnika/workspace/checkgithubContri/PropertyListing/build/nodes/.cache/apps/net.corda.node.Corda_3.2-corda/shiro-config-core-1.4.0.jar:/home/parnika/workspace/checkgithubContri/PropertyListing/build/nodes/.cache/apps/net.corda.node.Corda_3.2-corda/shiro-event-1.4.0.jar:/home/parnika/workspace/checkgithubContri/PropertyListing/build/nodes/.cache/apps/net.corda.node.Corda_3.2-corda/shiro-crypto-core-1.4.0.jar:/home/parnika/workspace/checkgithubContri/PropertyListing/build/nodes/.cache/apps/net.corda.node.Corda_3.2-corda/shiro-lang-1.4.0.jar:/home/parnika/workspace/checkgithubContri/PropertyListing/build/nodes/.cache/apps/net.corda.node.Corda_3.2-corda/jcl-over-slf4j-1.7.25.jar:/home/parnika/workspace/checkgithubContri/PropertyListing/build/nodes/.cache/apps/net.corda.node.Corda_3.2-corda/catalyst-concurrent-1.1.2.jar:/home/parnika/workspace/checkgithubContri/PropertyListing/build/nodes/.cache/apps/net.corda.node.Corda_3.2-corda/catalyst-serializer-1.1.2.jar:/home/parnika/workspace/checkgithubContri/PropertyListing/build/nodes/.cache/apps/net.corda.node.Corda_3.2-corda/catalyst-buffer-1.1.2.jar:/home/parnika/workspace/checkgithubContri/PropertyListing/build/nodes/.cache/apps/net.corda.node.Corda_3.2-corda/catalyst-common-1.1.2.jar:/home/parnika/workspace/checkgithubContri/PropertyListing/build/nodes/.cache/apps/net.corda.node.Corda_3.2-corda/sshd-pam-0.11.0.jar:/home/parnika/workspace/checkgithubContri/PropertyListing/build/nodes/.cache/apps/net.corda.node.Corda_3.2-corda/sshd-core-1.6.0.jar:/home/parnika/workspace/checkgithubContri/PropertyListing/build/nodes/.cache/apps/net.corda.node.Corda_3.2-corda/slf4j-api-1.7.25.jar:/home/parnika/workspace/checkgithubContri/PropertyListing/build/nodes/.cache/apps/net.corda.node.Corda_3.2-corda/log4j-core-2.9.1.jar:/home/parnika/workspace/checkgithubContri/PropertyListing/build/nodes/.cache/apps/net.corda.node.Corda_3.2-corda/log4j-api-2.9.1.jar:/home/parnika/workspace/checkgithubContri/PropertyListing/build/nodes/.cache/apps/net.corda.node.Corda_3.2-corda/kotlin-stdlib-jre7-1.1.60.jar:/home/parnika/workspace/checkgithubContri/PropertyListing/build/nodes/.cache/apps/net.corda.node.Corda_3.2-corda/kotlin-stdlib-1.1.60.jar:/home/parnika/workspace/checkgithubContri/PropertyListing/build/nodes/.cache/apps/net.corda.node.Corda_3.2-corda/commons-collections-3.2.2.jar:/home/parnika/workspace/checkgithubContri/PropertyListing/build/nodes/.cache/apps/net.corda.node.Corda_3.2-corda/hibernate-commons-annotations-5.0.1.Final.jar:/home/parnika/workspace/checkgithubContri/PropertyListing/build/nodes/.cache/apps/net.corda.node.Corda_3.2-corda/artemis-native-2.2.0.jar:/home/parnika/workspace/checkgithubContri/PropertyListing/build/nodes/.cache/apps/net.corda.node.Corda_3.2-corda/jboss-logging-3.3.0.Final.jar:/home/parnika/workspace/checkgithubContri/PropertyListing/build/nodes/.cache/apps/net.corda.node.Corda_3.2-corda/artemis-selector-2.2.0.jar:/home/parnika/workspace/checkgithubContri/PropertyListing/build/nodes/.cache/apps/net.corda.node.Corda_3.2-corda/jgroups-3.6.13.Final.jar:/home/parnika/workspace/checkgithubContri/PropertyListing/build/nodes/.cache/apps/net.corda.node.Corda_3.2-corda/geronimo-json_1.0_spec-1.0-alpha-1.jar:/home/parnika/workspace/checkgithubContri/PropertyListing/build/nodes/.cache/apps/net.corda.node.Corda_3.2-corda/johnzon-core-0.9.5.jar:/home/parnika/workspace/checkgithubContri/PropertyListing/build/nodes/.cache/apps/net.corda.node.Corda_3.2-corda/forms-1.1-preview.jar:/home/parnika/workspace/checkgithubContri/PropertyListing/build/nodes/.cache/apps/net.corda.node.Corda_3.2-corda/jdom-1.0.jar:/home/parnika/workspace/checkgithubContri/PropertyListing/build/nodes/.cache/apps/net.corda.node.Corda_3.2-corda/jackson-dataformat-yaml-2.9.2.jar:/home/parnika/workspace/checkgithubContri/PropertyListing/build/nodes/.cache/apps/net.corda.node.Corda_3.2-corda/jackson-datatype-jsr310-2.9.2.jar:/home/parnika/workspace/checkgithubContri/PropertyListing/build/nodes/.cache/apps/net.corda.node.Corda_3.2-corda/hibernate-jpa-2.1-api-1.0.0.Final.jar:/home/parnika/workspace/checkgithubContri/PropertyListing/build/nodes/.cache/apps/net.corda.node.Corda_3.2-corda/javassist-3.20.0-GA.jar:/home/parnika/workspace/checkgithubContri/PropertyListing/build/nodes/.cache/apps/net.corda.node.Corda_3.2-corda/antlr-2.7.7.jar:/home/parnika/workspace/checkgithubContri/PropertyListing/build/nodes/.cache/apps/net.corda.node.Corda_3.2-corda/geronimo-jta_1.1_spec-1.1.1.jar:/home/parnika/workspace/checkgithubContri/PropertyListing/build/nodes/.cache/apps/net.corda.node.Corda_3.2-corda/jandex-2.0.3.Final.jar:/home/parnika/workspace/checkgithubContri/PropertyListing/build/nodes/.cache/apps/net.corda.node.Corda_3.2-corda/classmate-1.3.0.jar:/home/parnika/workspace/checkgithubContri/PropertyListing/build/nodes/.cache/apps/net.corda.node.Corda_3.2-corda/dom4j-1.6.1.jar:/home/parnika/workspace/checkgithubContri/PropertyListing/build/nodes/.cache/apps/net.corda.node.Corda_3.2-corda/cdi-api-1.1.jar:/home/parnika/workspace/checkgithubContri/PropertyListing/build/nodes/.cache/apps/net.corda.node.Corda_3.2-corda/crash.cli-cadb53544fbb3c0fb901445da614998a6a419488.jar:/home/parnika/workspace/checkgithubContri/PropertyListing/build/nodes/.cache/apps/net.corda.node.Corda_3.2-corda/groovy-all-1.8.9.jar:/home/parnika/workspace/checkgithubContri/PropertyListing/build/nodes/.cache/apps/net.corda.node.Corda_3.2-corda/okio-1.11.0.jar:/home/parnika/workspace/checkgithubContri/PropertyListing/build/nodes/.cache/apps/net.corda.node.Corda_3.2-corda/jolokia-core-1.6.0.jar:/home/parnika/workspace/checkgithubContri/PropertyListing/build/nodes/.cache/apps/net.corda.node.Corda_3.2-corda/json-simple-1.1.1.jar:/home/parnika/workspace/checkgithubContri/PropertyListing/build/nodes/.cache/apps/net.corda.node.Corda_3.2-corda/rxjava-1.2.4.jar:/home/parnika/workspace/checkgithubContri/PropertyListing/build/nodes/.cache/apps/net.corda.node.Corda_3.2-corda/commons-jexl3-3.0.jar:/home/parnika/workspace/checkgithubContri/PropertyListing/build/nodes/.cache/apps/net.corda.node.Corda_3.2-corda/jackson-databind-2.9.2.jar:/home/parnika/workspace/checkgithubContri/PropertyListing/build/nodes/.cache/apps/net.corda.node.Corda_3.2-corda/eddsa-0.2.0.jar:/home/parnika/workspace/checkgithubContri/PropertyListing/build/nodes/.cache/apps/net.corda.node.Corda_3.2-corda/bcpkix-jdk15on-1.57.jar:/home/parnika/workspace/checkgithubContri/PropertyListing/build/nodes/.cache/apps/net.corda.node.Corda_3.2-corda/bcprov-jdk15on-1.57.jar:/home/parnika/workspace/checkgithubContri/PropertyListing/build/nodes/.cache/apps/net.corda.node.Corda_3.2-corda/commons-io-2.2.jar:/home/parnika/workspace/checkgithubContri/PropertyListing/build/nodes/.cache/apps/net.corda.node.Corda_3.2-corda/reflectasm-1.11.3.jar:/home/parnika/workspace/checkgithubContri/PropertyListing/build/nodes/.cache/apps/net.corda.node.Corda_3.2-corda/minlog-1.3.0.jar:/home/parnika/workspace/checkgithubContri/PropertyListing/build/nodes/.cache/apps/net.corda.node.Corda_3.2-corda/objenesis-2.2.jar:/home/parnika/workspace/checkgithubContri/PropertyListing/build/nodes/.cache/apps/net.corda.node.Corda_3.2-corda/annotations-13.0.jar:/home/parnika/workspace/checkgithubContri/PropertyListing/build/nodes/.cache/apps/net.corda.node.Corda_3.2-corda/jackson-annotations-2.9.0.jar:/home/parnika/workspace/checkgithubContri/PropertyListing/build/nodes/.cache/apps/net.corda.node.Corda_3.2-corda/snakeyaml-1.18.jar:/home/parnika/workspace/checkgithubContri/PropertyListing/build/nodes/.cache/apps/net.corda.node.Corda_3.2-corda/jackson-core-2.9.2.jar:/home/parnika/workspace/checkgithubContri/PropertyListing/build/nodes/.cache/apps/net.corda.node.Corda_3.2-corda/el-api-2.2.jar:/home/parnika/workspace/checkgithubContri/PropertyListing/build/nodes/.cache/apps/net.corda.node.Corda_3.2-corda/jboss-interceptors-api_1.1_spec-1.0.0.Beta1.jar:/home/parnika/workspace/checkgithubContri/PropertyListing/build/nodes/.cache/apps/net.corda.node.Corda_3.2-corda/jsr250-api-1.0.jar:/home/parnika/workspace/checkgithubContri/PropertyListing/build/nodes/.cache/apps/net.corda.node.Corda_3.2-corda/javax.inject-1.jar:/home/parnika/workspace/checkgithubContri/PropertyListing/build/nodes/.cache/apps/net.corda.node.Corda_3.2-corda/jpam-1.1.jar:/home/parnika/workspace/checkgithubContri/PropertyListing/build/nodes/.cache/apps/net.corda.node.Corda_3.2-corda/geronimo-jms_2.0_spec-1.0-alpha-2.jar:/home/parnika/workspace/checkgithubContri/PropertyListing/build/nodes/.cache/apps/net.corda.node.Corda_3.2-corda/asm-5.0.4.jar:/home/parnika/workspace/checkgithubContri/PropertyListing/build/nodes/.cache/apps/net.corda.node.Corda_3.2-corda/corda-node-3.2-corda.jar:/home/parnika/workspace/checkgithubContri/PropertyListing/build/nodes/.cache/apps/net.corda.node.Corda_3.2-corda/quasar-core-0.7.9-jdk8.jar {}
[INFO ] 2018-08-27T07:32:55,770Z [main] internal.Node.logStartupInfo - VM Java HotSpot(TM) 64-Bit Server VM Oracle Corporation 25.171-b11 {}
[INFO ] 2018-08-27T07:32:55,771Z [main] internal.Node.logStartupInfo - Machine: BCSLAPY-PARNIKA {}
[INFO ] 2018-08-27T07:32:55,771Z [main] internal.Node.logStartupInfo - Working Directory: /home/parnika/workspace/checkgithubContri/PropertyListing/build/nodes/Notary {}
[INFO ] 2018-08-27T07:32:55,771Z [main] internal.Node.logStartupInfo - Starting as node on localhost:10002 {}
[INFO ] 2018-08-27T07:32:55,979Z [main] cordapp.CordappLoader.<init> - No CorDapp paths provided {}
[INFO ] 2018-08-27T07:32:56,254Z [main] internal.Node.generateAndSaveNodeInfo - Generating nodeInfo ... {}
[WARN ] 2018-08-27T07:32:56,255Z [main] internal.Node.initCertificate - Corda node is running in dev mode. {}
[INFO ] 2018-08-27T07:32:57,355Z [main] internal.Node.obtainIdentity - identity-private-key not found in key store /home/parnika/workspace/checkgithubContri/PropertyListing/build/nodes/Notary/certificates/nodekeystore.jks, generating fresh key! {}
[INFO ] 2018-08-27T07:32:57,776Z [main] BasicInfo.printBasicNodeInfo - Database connection url is              : jdbc:h2:tcp://127.0.1.1:33155/node {}
[INFO ] 2018-08-27T07:32:57,990Z [main] hikari.HikariDataSource.<init> - HikariPool-1 - Started. {}
[INFO ] 2018-08-27T07:32:58,306Z [main] internal.Node.invoke - Connected to H2 database. {}
[INFO ] 2018-08-27T07:32:58,392Z [main] persistence.HibernateConfiguration.<init> - Init HibernateConfiguration for schemas: [CommonSchemaV1(name=net.corda.core.schemas.CommonSchema, version=1), VaultSchemaV1(name=net.corda.node.services.vault.VaultSchema, version=1), NodeInfoSchemaV1(name=net.corda.node.internal.schemas.NodeInfoSchema, version=1), NodeCoreV1(name=net.corda.node.services.schema.NodeSchemaService$NodeCore, version=1)] {}
[INFO ] 2018-08-27T07:32:58,405Z [main] persistence.HibernateConfiguration.makeSessionFactoryForSchemas - Creating session factory for schemas: [CommonSchemaV1(name=net.corda.core.schemas.CommonSchema, version=1), VaultSchemaV1(name=net.corda.node.services.vault.VaultSchema, version=1), NodeInfoSchemaV1(name=net.corda.node.internal.schemas.NodeInfoSchema, version=1), NodeCoreV1(name=net.corda.node.services.schema.NodeSchemaService$NodeCore, version=1)] {}
[INFO ] 2018-08-27T07:32:58,538Z [main] hibernate.Version.logVersion - HHH000412: Hibernate Core {5.2.6.Final} {}
[INFO ] 2018-08-27T07:32:58,540Z [main] cfg.Environment.<clinit> - HHH000206: hibernate.properties not found {}
[INFO ] 2018-08-27T07:32:58,583Z [main] common.Version.<clinit> - HCANN000001: Hibernate Commons Annotations {5.0.1.Final} {}
[INFO ] 2018-08-27T07:32:58,677Z [main] internal.ConnectionProviderInitiator.initiateService - HHH000130: Instantiating explicit connection provider: net.corda.nodeapi.internal.persistence.HibernateConfiguration$NodeDatabaseConnectionProvider {}
[INFO ] 2018-08-27T07:32:58,700Z [main] dialect.Dialect.<init> - HHH000400: Using dialect: org.hibernate.dialect.H2Dialect {}
[INFO ] 2018-08-27T07:32:58,876Z [main] type.BasicTypeRegistry.register - HHH000270: Type registration [materialized_blob] overrides previous : org.hibernate.type.MaterializedBlobType@163042ea {}
[INFO ] 2018-08-27T07:33:00,236Z [main] connections.access.getIsolatedConnection - HHH10001501: Connection obtained from JdbcConnectionAccess [org.hibernate.engine.jdbc.env.internal.JdbcEnvironmentInitiator$ConnectionProviderJdbcConnectionAccess@3bbb8c16] for (non-JTA) DDL execution was not in auto-commit mode; the Connection 'local transaction' will be committed and the Connection will be set into auto-commit mode. {}
[INFO ] 2018-08-27T07:33:00,378Z [main] persistence.HibernateConfiguration.makeSessionFactoryForSchemas - Created session factory for schemas: [CommonSchemaV1(name=net.corda.core.schemas.CommonSchema, version=1), VaultSchemaV1(name=net.corda.node.services.vault.VaultSchema, version=1), NodeInfoSchemaV1(name=net.corda.node.internal.schemas.NodeInfoSchema, version=1), NodeCoreV1(name=net.corda.node.services.schema.NodeSchemaService$NodeCore, version=1)] {}
[INFO ] 2018-08-27T07:33:00,549Z [main] internal.QueryTranslatorFactoryInitiator.initiateService - HHH000397: Using ASTQueryTranslatorFactory {}
[INFO ] 2018-08-27T07:33:00,681Z [main] internal.Node.updateNodeInfo - Node-info has changed so submitting update. Old node-info was null {}
[INFO ] 2018-08-27T07:33:00,681Z [main] network.PersistentNetworkMapCache.addNode - Adding node with info: NodeInfo(addresses=[localhost:10002], legalIdentitiesAndCerts=[O=Notary, L=London, C=GB], platformVersion=3, serial=1535355180681) {}
[INFO ] 2018-08-27T07:33:00,712Z [main] network.PersistentNetworkMapCache.addNode - No previous node found {}
[INFO ] 2018-08-27T07:33:01,243Z [main] network.PersistentNetworkMapCache.addNode - Done adding node with info: NodeInfo(addresses=[localhost:10002], legalIdentitiesAndCerts=[O=Notary, L=London, C=GB], platformVersion=3, serial=1535355180681) {}
[INFO ] 2018-08-27T07:33:01,243Z [main] internal.Node.updateNodeInfo - New node-info: NodeInfo(addresses=[localhost:10002], legalIdentitiesAndCerts=[O=Notary, L=London, C=GB], platformVersion=3, serial=1535355180681) {}
[INFO ] 2018-08-27T07:33:01,475Z [main] internal.Node.run - Node exiting successfully {}
[INFO ] 2018-08-27T07:34:16,053Z [main] manifests.Manifests.info - 111 attributes loaded from 127 stream(s) in 806ms, 111 saved, 1970 ignored: ["ActiveMQ-Version", "Agent-Class", "Ant-Version", "Application-Class", "Application-Library-Allowable-Codebase", "Application-Name", "Application-Version", "Archiver-Version", "Automatic-Module-Name", "Bnd-LastModified", "Branch", "Build-Date", "Build-Host", "Build-Id", "Build-Java-Version", "Build-Jdk", "Build-Job", "Build-Number", "Build-Timestamp", "Built-By", "Built-OS", "Built-Status", "Bundle-Activator", "Bundle-Category", "Bundle-ClassPath", "Bundle-Copyright", "Bundle-Description", "Bundle-DocURL", "Bundle-License", "Bundle-ManifestVersion", "Bundle-Name", "Bundle-RequiredExecutionEnvironment", "Bundle-SymbolicName", "Bundle-Vendor", "Bundle-Version", "Caller-Allowable-Codebase", "Can-Redefine-Classes", "Can-Retransform-Classes", "Can-Set-Native-Method-Prefix", "Caplets", "Change", "Codebase", "Corda-Platform-Version", "Corda-Release-Version", "Corda-Revision", "Corda-Vendor", "Created-By", "DynamicImport-Package", "Eclipse-BuddyPolicy", "Eclipse-LazyStart", "Export-Package", "Extension-Name", "Fragment-Host", "Gradle-Version", "Ignore-Package", "Implementation-Build", "Implementation-Build-Date", "Implementation-Title", "Implementation-URL", "Implementation-Url", "Implementation-Vendor", "Implementation-Vendor-Id", "Implementation-Version", "Import-Package", "Include-Resource", "JCabi-Build", "JCabi-Date", "JCabi-Version", "JVM-Args", "Java-Agents", "Java-Vendor", "Java-Version", "Kotlin-Runtime-Component", "Kotlin-Version", "Log4jReleaseKey", "Log4jReleaseManager", "Log4jReleaseVersion", "Main-Class", "Main-class", "Manifest-Version", "Min-Java-Version", "Min-Update-Version", "Module-Email", "Module-Origin", "Module-Owner", "Module-Source", "Multi-Release", "Originally-Created-By", "Os-Arch", "Os-Name", "Os-Version", "Package", "Permissions", "Premain-Class", "Private-Package", "Provide-Capability", "Require-Capability", "SCM-Revision", "SCM-url", "Scm-Connection", "Scm-Revision", "Scm-Url", "Service-Component", "Specification-Title", "Specification-Vendor", "Specification-Version", "System-Properties", "Tool", "Trusted-Library", "X-Compile-Source-JDK", "X-Compile-Target-JDK"] {}
[INFO ] 2018-08-27T07:34:16,778Z [main] BasicInfo.printBasicNodeInfo - Logs can be found in                    : /home/parnika/workspace/checkgithubContri/PropertyListing/build/nodes/Notary/logs {}
[INFO ] 2018-08-27T07:34:17,092Z [main] config.ConfigHelper.loadConfig - Config:
{
    # reference.conf @ jar:file:/home/parnika/workspace/checkgithubContri/PropertyListing/build/nodes/Notary/corda.jar!/reference.conf: 20
    "activeMQServer" : {
        # reference.conf @ jar:file:/home/parnika/workspace/checkgithubContri/PropertyListing/build/nodes/Notary/corda.jar!/reference.conf: 21
        "bridge" : {
            # reference.conf @ jar:file:/home/parnika/workspace/checkgithubContri/PropertyListing/build/nodes/Notary/corda.jar!/reference.conf: 24
            "maxRetryIntervalMin" : 3,
            # reference.conf @ jar:file:/home/parnika/workspace/checkgithubContri/PropertyListing/build/nodes/Notary/corda.jar!/reference.conf: 22
            "retryIntervalMs" : 5000,
            # reference.conf @ jar:file:/home/parnika/workspace/checkgithubContri/PropertyListing/build/nodes/Notary/corda.jar!/reference.conf: 23
            "retryIntervalMultiplier" : 1.5
        }
    },
    # hardcoded value
    "baseDirectory" : "/home/parnika/workspace/checkgithubContri/PropertyListing/build/nodes/Notary",
    # merge of reference.conf @ jar:file:/home/parnika/workspace/checkgithubContri/PropertyListing/build/nodes/Notary/corda.jar!/reference.conf: 6,reference.conf @ jar:file:/home/parnika/.capsule/apps/net.corda.node.Corda_3.2-corda/corda-node-3.2-corda.jar!/reference.conf: 6
    "dataSourceProperties" : {
        # reference.conf @ jar:file:/home/parnika/workspace/checkgithubContri/PropertyListing/build/nodes/Notary/corda.jar!/reference.conf: 10
        "dataSource.password" : "",
        # merge of reference.conf @ jar:file:/home/parnika/workspace/checkgithubContri/PropertyListing/build/nodes/Notary/corda.jar!/reference.conf: 8,hardcoded value,reference.conf @ jar:file:/home/parnika/workspace/checkgithubContri/PropertyListing/build/nodes/Notary/corda.jar!/reference.conf: 8,reference.conf @ jar:file:/home/parnika/workspace/checkgithubContri/PropertyListing/build/nodes/Notary/corda.jar!/reference.conf: 17
        "dataSource.url" : "jdbc:h2:file:/home/parnika/workspace/checkgithubContri/PropertyListing/build/nodes/Notary/persistence;DB_CLOSE_ON_EXIT=FALSE;LOCK_TIMEOUT=10000;WRITE_DELAY=100;AUTO_SERVER_PORT=0",
        # reference.conf @ jar:file:/home/parnika/workspace/checkgithubContri/PropertyListing/build/nodes/Notary/corda.jar!/reference.conf: 9
        "dataSource.user" : "sa",
        # reference.conf @ jar:file:/home/parnika/workspace/checkgithubContri/PropertyListing/build/nodes/Notary/corda.jar!/reference.conf: 7
        "dataSourceClassName" : "org.h2.jdbcx.JdbcDataSource"
    },
    # reference.conf @ jar:file:/home/parnika/workspace/checkgithubContri/PropertyListing/build/nodes/Notary/corda.jar!/reference.conf: 12
    "database" : {
        # reference.conf @ jar:file:/home/parnika/workspace/checkgithubContri/PropertyListing/build/nodes/Notary/corda.jar!/reference.conf: 14
        "exportHibernateJMXStatistics" : "false",
        # reference.conf @ jar:file:/home/parnika/workspace/checkgithubContri/PropertyListing/build/nodes/Notary/corda.jar!/reference.conf: 13
        "transactionIsolationLevel" : "REPEATABLE_READ"
    },
    # reference.conf @ jar:file:/home/parnika/workspace/checkgithubContri/PropertyListing/build/nodes/Notary/corda.jar!/reference.conf: 16
    "devMode" : true,
    # reference.conf @ jar:file:/home/parnika/workspace/checkgithubContri/PropertyListing/build/nodes/Notary/corda.jar!/reference.conf: 2
    "emailAddress" : "admin@company.com",
    # reference.conf @ jar:file:/home/parnika/workspace/checkgithubContri/PropertyListing/build/nodes/Notary/corda.jar!/reference.conf: 3
    "exportJMXto" : "http",
    # reference.conf @ jar:file:/home/parnika/workspace/checkgithubContri/PropertyListing/build/nodes/Notary/corda.jar!/reference.conf: 17
    "h2port" : 0,
    # reference.conf @ jar:file:/home/parnika/workspace/checkgithubContri/PropertyListing/build/nodes/Notary/corda.jar!/reference.conf: 4
    "keyStorePassword" : "cordacadevpass",
    # /home/parnika/workspace/checkgithubContri/PropertyListing/build/nodes/Notary/node.conf: 1
    "myLegalName" : "O=Notary,L=London,C=GB",
    # /home/parnika/workspace/checkgithubContri/PropertyListing/build/nodes/Notary/node.conf: 2
    "notary" : {
        # /home/parnika/workspace/checkgithubContri/PropertyListing/build/nodes/Notary/node.conf: 3
        "validating" : false
    },
    # /home/parnika/workspace/checkgithubContri/PropertyListing/build/nodes/Notary/node.conf: 5
    "p2pAddress" : "localhost:10002",
    # merge of /home/parnika/workspace/checkgithubContri/PropertyListing/build/nodes/Notary/node.conf: 6,reference.conf @ jar:file:/home/parnika/workspace/checkgithubContri/PropertyListing/build/nodes/Notary/corda.jar!/reference.conf: 27
    "rpcSettings" : {
        # /home/parnika/workspace/checkgithubContri/PropertyListing/build/nodes/Notary/node.conf: 7
        "address" : "localhost:10003",
        # /home/parnika/workspace/checkgithubContri/PropertyListing/build/nodes/Notary/node.conf: 8
        "adminAddress" : "localhost:10043",
        # reference.conf @ jar:file:/home/parnika/workspace/checkgithubContri/PropertyListing/build/nodes/Notary/corda.jar!/reference.conf: 29
        "standAloneBroker" : false,
        # reference.conf @ jar:file:/home/parnika/workspace/checkgithubContri/PropertyListing/build/nodes/Notary/corda.jar!/reference.conf: 28
        "useSsl" : false
    },
    # /home/parnika/workspace/checkgithubContri/PropertyListing/build/nodes/Notary/node.conf: 10
    "rpcUsers" : [],
    # reference.conf @ jar:file:/home/parnika/workspace/checkgithubContri/PropertyListing/build/nodes/Notary/corda.jar!/reference.conf: 5
    "trustStorePassword" : "trustpass",
    # reference.conf @ jar:file:/home/parnika/workspace/checkgithubContri/PropertyListing/build/nodes/Notary/corda.jar!/reference.conf: 18
    "useTestClock" : false,
    # reference.conf @ jar:file:/home/parnika/workspace/checkgithubContri/PropertyListing/build/nodes/Notary/corda.jar!/reference.conf: 19
    "verifierType" : "InMemory"
}
 {}
[INFO ] 2018-08-27T07:34:19,473Z [main] internal.Node.logStartupInfo - Vendor: Corda Open Source {}
[INFO ] 2018-08-27T07:34:19,474Z [main] internal.Node.logStartupInfo - Release: 3.2-corda {}
[INFO ] 2018-08-27T07:34:19,474Z [main] internal.Node.logStartupInfo - Platform Version: 3 {}
[INFO ] 2018-08-27T07:34:19,474Z [main] internal.Node.logStartupInfo - Revision: 5ae8325980ad22df8146b983afeaca344fc03c3e {}
[INFO ] 2018-08-27T07:34:19,475Z [main] internal.Node.logStartupInfo - PID: 31926 {}
[INFO ] 2018-08-27T07:34:19,475Z [main] internal.Node.logStartupInfo - Main class: /home/parnika/.capsule/apps/net.corda.node.Corda_3.2-corda/corda-node-3.2-corda.jar {}
[INFO ] 2018-08-27T07:34:19,477Z [main] internal.Node.logStartupInfo - CommandLine Args: -Xmx200m -XX:+UseG1GC -agentlib:jdwp=transport=dt_socket,server=y,suspend=n,address=5009 -javaagent:drivers/jolokia-jvm-1.3.7-agent.jar=port=7009,logHandlerClass=net.corda.node.JolokiaSlf4Adapter -javaagent:/home/parnika/.capsule/apps/net.corda.node.Corda_3.2-corda/quasar-core-0.7.9-jdk8.jar=x(antlr**;bftsmart**;ch**;co.paralleluniverse**;com.codahale**;com.esotericsoftware**;com.fasterxml**;com.google**;com.ibm**;com.intellij**;com.jcabi**;com.nhaarman**;com.opengamma**;com.typesafe**;com.zaxxer**;de.javakaffee**;groovy**;groovyjarjarantlr**;groovyjarjarasm**;io.atomix**;io.github**;io.netty**;jdk**;joptsimple**;junit**;kotlin**;net.bytebuddy**;net.i2p**;org.apache**;org.assertj**;org.bouncycastle**;org.codehaus**;org.crsh**;org.dom4j**;org.fusesource**;org.h2**;org.hamcrest**;org.hibernate**;org.jboss**;org.jcp**;org.joda**;org.junit**;org.mockito**;org.objectweb**;org.objenesis**;org.slf4j**;org.w3c**;org.xml**;org.yaml**;reflectasm**;rx**;org.jolokia**) -Dvisualvm.display.name=Corda -Djava.library.path=/usr/java/packages/lib/amd64:/usr/lib64:/lib64:/lib:/usr/lib:/home/parnika/.capsule/apps/net.corda.node.Corda_3.2-corda -Dcapsule.app=net.corda.node.Corda_3.2-corda -Dname=Notary-corda.jar -Dcapsule.dir=/home/parnika/.capsule/apps/net.corda.node.Corda_3.2-corda -Dcapsule.jar=/home/parnika/workspace/checkgithubContri/PropertyListing/build/nodes/Notary/corda.jar {}
[INFO ] 2018-08-27T07:34:19,477Z [main] internal.Node.logStartupInfo - Application Args:  {}
[INFO ] 2018-08-27T07:34:19,477Z [main] internal.Node.logStartupInfo - bootclasspath: /usr/lib/jvm/java-8-oracle/jre/lib/resources.jar:/usr/lib/jvm/java-8-oracle/jre/lib/rt.jar:/usr/lib/jvm/java-8-oracle/jre/lib/sunrsasign.jar:/usr/lib/jvm/java-8-oracle/jre/lib/jsse.jar:/usr/lib/jvm/java-8-oracle/jre/lib/jce.jar:/usr/lib/jvm/java-8-oracle/jre/lib/charsets.jar:/usr/lib/jvm/java-8-oracle/jre/lib/jfr.jar:/usr/lib/jvm/java-8-oracle/jre/classes {}
[INFO ] 2018-08-27T07:34:19,478Z [main] internal.Node.logStartupInfo - classpath: /home/parnika/workspace/checkgithubContri/PropertyListing/build/nodes/Notary/corda.jar:/home/parnika/.capsule/apps/net.corda.node.Corda_3.2-corda/corda-rpc-3.2-corda.jar:/home/parnika/.capsule/apps/net.corda.node.Corda_3.2-corda/corda-node-api-3.2-corda.jar:/home/parnika/.capsule/apps/net.corda.node.Corda_3.2-corda/corda-confidential-identities-3.2-corda.jar:/home/parnika/.capsule/apps/net.corda.node.Corda_3.2-corda/cordform-common-3.1.0.jar:/home/parnika/.capsule/apps/net.corda.node.Corda_3.2-corda/log4j-slf4j-impl-2.9.1.jar:/home/parnika/.capsule/apps/net.corda.node.Corda_3.2-corda/log4j-web-2.9.1.jar:/home/parnika/.capsule/apps/net.corda.node.Corda_3.2-corda/jul-to-slf4j-1.7.25.jar:/home/parnika/.capsule/apps/net.corda.node.Corda_3.2-corda/corda-jackson-3.2-corda.jar:/home/parnika/.capsule/apps/net.corda.node.Corda_3.2-corda/corda-core-3.2-corda.jar:/home/parnika/.capsule/apps/net.corda.node.Corda_3.2-corda/kotlin-stdlib-jre8-1.1.60.jar:/home/parnika/.capsule/apps/net.corda.node.Corda_3.2-corda/jackson-module-kotlin-2.9.2.jar:/home/parnika/.capsule/apps/net.corda.node.Corda_3.2-corda/kotlin-reflect-1.1.60.jar:/home/parnika/.capsule/apps/net.corda.node.Corda_3.2-corda/jimfs-1.1.jar:/home/parnika/.capsule/apps/net.corda.node.Corda_3.2-corda/artemis-amqp-protocol-2.2.0.jar:/home/parnika/.capsule/apps/net.corda.node.Corda_3.2-corda/artemis-server-2.2.0.jar:/home/parnika/.capsule/apps/net.corda.node.Corda_3.2-corda/artemis-jdbc-store-2.2.0.jar:/home/parnika/.capsule/apps/net.corda.node.Corda_3.2-corda/artemis-jms-client-2.2.0.jar:/home/parnika/.capsule/apps/net.corda.node.Corda_3.2-corda/artemis-core-client-2.2.0.jar:/home/parnika/.capsule/apps/net.corda.node.Corda_3.2-corda/artemis-journal-2.2.0.jar:/home/parnika/.capsule/apps/net.corda.node.Corda_3.2-corda/artemis-commons-2.2.0.jar:/home/parnika/.capsule/apps/net.corda.node.Corda_3.2-corda/guava-21.0.jar:/home/parnika/.capsule/apps/net.corda.node.Corda_3.2-corda/jopt-simple-5.0.2.jar:/home/parnika/.capsule/apps/net.corda.node.Corda_3.2-corda/commons-collections4-4.1.jar:/home/parnika/.capsule/apps/net.corda.node.Corda_3.2-corda/shiro-core-1.4.0.jar:/home/parnika/.capsule/apps/net.corda.node.Corda_3.2-corda/shiro-config-ogdl-1.4.0.jar:/home/parnika/.capsule/apps/net.corda.node.Corda_3.2-corda/commons-beanutils-1.9.3.jar:/home/parnika/.capsule/apps/net.corda.node.Corda_3.2-corda/jansi-1.14.jar:/home/parnika/.capsule/apps/net.corda.node.Corda_3.2-corda/jcabi-manifests-1.1.jar:/home/parnika/.capsule/apps/net.corda.node.Corda_3.2-corda/forms_rt-7.0.3.jar:/home/parnika/.capsule/apps/net.corda.node.Corda_3.2-corda/metrics-core-3.1.2.jar:/home/parnika/.capsule/apps/net.corda.node.Corda_3.2-corda/config-1.3.1.jar:/home/parnika/.capsule/apps/net.corda.node.Corda_3.2-corda/h2-1.4.194.jar:/home/parnika/.capsule/apps/net.corda.node.Corda_3.2-corda/postgresql-42.1.4.jar:/home/parnika/.capsule/apps/net.corda.node.Corda_3.2-corda/HikariCP-2.5.1.jar:/home/parnika/.capsule/apps/net.corda.node.Corda_3.2-corda/hibernate-java8-5.2.6.Final.jar:/home/parnika/.capsule/apps/net.corda.node.Corda_3.2-corda/hibernate-core-5.2.6.Final.jar:/home/parnika/.capsule/apps/net.corda.node.Corda_3.2-corda/copycat-client-1.2.3.jar:/home/parnika/.capsule/apps/net.corda.node.Corda_3.2-corda/copycat-server-1.2.3.jar:/home/parnika/.capsule/apps/net.corda.node.Corda_3.2-corda/catalyst-netty-1.1.2.jar:/home/parnika/.capsule/apps/net.corda.node.Corda_3.2-corda/netty-all-4.1.9.Final.jar:/home/parnika/.capsule/apps/net.corda.node.Corda_3.2-corda/crash.connectors.ssh-cadb53544fbb3c0fb901445da614998a6a419488.jar:/home/parnika/.capsule/apps/net.corda.node.Corda_3.2-corda/crash.shell-cadb53544fbb3c0fb901445da614998a6a419488.jar:/home/parnika/.capsule/apps/net.corda.node.Corda_3.2-corda/okhttp-3.5.0.jar:/home/parnika/.capsule/apps/net.corda.node.Corda_3.2-corda/commons-codec-1.10.jar:/home/parnika/.capsule/apps/net.corda.node.Corda_3.2-corda/library-master-v1.1-beta-g6215ec8-87.jar:/home/parnika/.capsule/apps/net.corda.node.Corda_3.2-corda/jolokia-jvm-1.6.0-agent.jar:/home/parnika/.capsule/apps/net.corda.node.Corda_3.2-corda/quasar-core-0.7.9-jdk8.jar:/home/parnika/.capsule/apps/net.corda.node.Corda_3.2-corda/commons-fileupload-1.3.3.jar:/home/parnika/.capsule/apps/net.corda.node.Corda_3.2-corda/kryo-serializers-0.41.jar:/home/parnika/.capsule/apps/net.corda.node.Corda_3.2-corda/kryo-4.0.0.jar:/home/parnika/.capsule/apps/net.corda.node.Corda_3.2-corda/proton-j-0.21.0.jar:/home/parnika/.capsule/apps/net.corda.node.Corda_3.2-corda/fast-classpath-scanner-2.12.3.jar:/home/parnika/.capsule/apps/net.corda.node.Corda_3.2-corda/jsr305-3.0.2.jar:/home/parnika/.capsule/apps/net.corda.node.Corda_3.2-corda/jcabi-log-0.14.jar:/home/parnika/.capsule/apps/net.corda.node.Corda_3.2-corda/copycat-protocol-1.2.3.jar:/home/parnika/.capsule/apps/net.corda.node.Corda_3.2-corda/catalyst-transport-1.1.2.jar:/home/parnika/.capsule/apps/net.corda.node.Corda_3.2-corda/mina-core-2.0.16.jar:/home/parnika/.capsule/apps/net.corda.node.Corda_3.2-corda/shiro-cache-1.4.0.jar:/home/parnika/.capsule/apps/net.corda.node.Corda_3.2-corda/shiro-crypto-hash-1.4.0.jar:/home/parnika/.capsule/apps/net.corda.node.Corda_3.2-corda/shiro-crypto-cipher-1.4.0.jar:/home/parnika/.capsule/apps/net.corda.node.Corda_3.2-corda/shiro-config-core-1.4.0.jar:/home/parnika/.capsule/apps/net.corda.node.Corda_3.2-corda/shiro-event-1.4.0.jar:/home/parnika/.capsule/apps/net.corda.node.Corda_3.2-corda/shiro-crypto-core-1.4.0.jar:/home/parnika/.capsule/apps/net.corda.node.Corda_3.2-corda/shiro-lang-1.4.0.jar:/home/parnika/.capsule/apps/net.corda.node.Corda_3.2-corda/jcl-over-slf4j-1.7.25.jar:/home/parnika/.capsule/apps/net.corda.node.Corda_3.2-corda/catalyst-concurrent-1.1.2.jar:/home/parnika/.capsule/apps/net.corda.node.Corda_3.2-corda/catalyst-serializer-1.1.2.jar:/home/parnika/.capsule/apps/net.corda.node.Corda_3.2-corda/catalyst-buffer-1.1.2.jar:/home/parnika/.capsule/apps/net.corda.node.Corda_3.2-corda/catalyst-common-1.1.2.jar:/home/parnika/.capsule/apps/net.corda.node.Corda_3.2-corda/sshd-pam-0.11.0.jar:/home/parnika/.capsule/apps/net.corda.node.Corda_3.2-corda/sshd-core-1.6.0.jar:/home/parnika/.capsule/apps/net.corda.node.Corda_3.2-corda/slf4j-api-1.7.25.jar:/home/parnika/.capsule/apps/net.corda.node.Corda_3.2-corda/log4j-core-2.9.1.jar:/home/parnika/.capsule/apps/net.corda.node.Corda_3.2-corda/log4j-api-2.9.1.jar:/home/parnika/.capsule/apps/net.corda.node.Corda_3.2-corda/kotlin-stdlib-jre7-1.1.60.jar:/home/parnika/.capsule/apps/net.corda.node.Corda_3.2-corda/kotlin-stdlib-1.1.60.jar:/home/parnika/.capsule/apps/net.corda.node.Corda_3.2-corda/commons-collections-3.2.2.jar:/home/parnika/.capsule/apps/net.corda.node.Corda_3.2-corda/hibernate-commons-annotations-5.0.1.Final.jar:/home/parnika/.capsule/apps/net.corda.node.Corda_3.2-corda/artemis-native-2.2.0.jar:/home/parnika/.capsule/apps/net.corda.node.Corda_3.2-corda/jboss-logging-3.3.0.Final.jar:/home/parnika/.capsule/apps/net.corda.node.Corda_3.2-corda/artemis-selector-2.2.0.jar:/home/parnika/.capsule/apps/net.corda.node.Corda_3.2-corda/jgroups-3.6.13.Final.jar:/home/parnika/.capsule/apps/net.corda.node.Corda_3.2-corda/geronimo-json_1.0_spec-1.0-alpha-1.jar:/home/parnika/.capsule/apps/net.corda.node.Corda_3.2-corda/johnzon-core-0.9.5.jar:/home/parnika/.capsule/apps/net.corda.node.Corda_3.2-corda/forms-1.1-preview.jar:/home/parnika/.capsule/apps/net.corda.node.Corda_3.2-corda/jdom-1.0.jar:/home/parnika/.capsule/apps/net.corda.node.Corda_3.2-corda/jackson-dataformat-yaml-2.9.2.jar:/home/parnika/.capsule/apps/net.corda.node.Corda_3.2-corda/jackson-datatype-jsr310-2.9.2.jar:/home/parnika/.capsule/apps/net.corda.node.Corda_3.2-corda/hibernate-jpa-2.1-api-1.0.0.Final.jar:/home/parnika/.capsule/apps/net.corda.node.Corda_3.2-corda/javassist-3.20.0-GA.jar:/home/parnika/.capsule/apps/net.corda.node.Corda_3.2-corda/antlr-2.7.7.jar:/home/parnika/.capsule/apps/net.corda.node.Corda_3.2-corda/geronimo-jta_1.1_spec-1.1.1.jar:/home/parnika/.capsule/apps/net.corda.node.Corda_3.2-corda/jandex-2.0.3.Final.jar:/home/parnika/.capsule/apps/net.corda.node.Corda_3.2-corda/classmate-1.3.0.jar:/home/parnika/.capsule/apps/net.corda.node.Corda_3.2-corda/dom4j-1.6.1.jar:/home/parnika/.capsule/apps/net.corda.node.Corda_3.2-corda/cdi-api-1.1.jar:/home/parnika/.capsule/apps/net.corda.node.Corda_3.2-corda/crash.cli-cadb53544fbb3c0fb901445da614998a6a419488.jar:/home/parnika/.capsule/apps/net.corda.node.Corda_3.2-corda/groovy-all-1.8.9.jar:/home/parnika/.capsule/apps/net.corda.node.Corda_3.2-corda/okio-1.11.0.jar:/home/parnika/.capsule/apps/net.corda.node.Corda_3.2-corda/jolokia-core-1.6.0.jar:/home/parnika/.capsule/apps/net.corda.node.Corda_3.2-corda/json-simple-1.1.1.jar:/home/parnika/.capsule/apps/net.corda.node.Corda_3.2-corda/rxjava-1.2.4.jar:/home/parnika/.capsule/apps/net.corda.node.Corda_3.2-corda/commons-jexl3-3.0.jar:/home/parnika/.capsule/apps/net.corda.node.Corda_3.2-corda/jackson-databind-2.9.2.jar:/home/parnika/.capsule/apps/net.corda.node.Corda_3.2-corda/eddsa-0.2.0.jar:/home/parnika/.capsule/apps/net.corda.node.Corda_3.2-corda/bcpkix-jdk15on-1.57.jar:/home/parnika/.capsule/apps/net.corda.node.Corda_3.2-corda/bcprov-jdk15on-1.57.jar:/home/parnika/.capsule/apps/net.corda.node.Corda_3.2-corda/commons-io-2.2.jar:/home/parnika/.capsule/apps/net.corda.node.Corda_3.2-corda/reflectasm-1.11.3.jar:/home/parnika/.capsule/apps/net.corda.node.Corda_3.2-corda/minlog-1.3.0.jar:/home/parnika/.capsule/apps/net.corda.node.Corda_3.2-corda/objenesis-2.2.jar:/home/parnika/.capsule/apps/net.corda.node.Corda_3.2-corda/annotations-13.0.jar:/home/parnika/.capsule/apps/net.corda.node.Corda_3.2-corda/jackson-annotations-2.9.0.jar:/home/parnika/.capsule/apps/net.corda.node.Corda_3.2-corda/snakeyaml-1.18.jar:/home/parnika/.capsule/apps/net.corda.node.Corda_3.2-corda/jackson-core-2.9.2.jar:/home/parnika/.capsule/apps/net.corda.node.Corda_3.2-corda/el-api-2.2.jar:/home/parnika/.capsule/apps/net.corda.node.Corda_3.2-corda/jboss-interceptors-api_1.1_spec-1.0.0.Beta1.jar:/home/parnika/.capsule/apps/net.corda.node.Corda_3.2-corda/jsr250-api-1.0.jar:/home/parnika/.capsule/apps/net.corda.node.Corda_3.2-corda/javax.inject-1.jar:/home/parnika/.capsule/apps/net.corda.node.Corda_3.2-corda/jpam-1.1.jar:/home/parnika/.capsule/apps/net.corda.node.Corda_3.2-corda/geronimo-jms_2.0_spec-1.0-alpha-2.jar:/home/parnika/.capsule/apps/net.corda.node.Corda_3.2-corda/asm-5.0.4.jar:/home/parnika/.capsule/apps/net.corda.node.Corda_3.2-corda/corda-node-3.2-corda.jar:/home/parnika/workspace/checkgithubContri/PropertyListing/build/nodes/Notary/cordapps/PropertyListing-0.1.jar:/home/parnika/workspace/checkgithubContri/PropertyListing/build/nodes/Notary/cordapps/cordapp-contracts-states-0.1.jar:/home/parnika/workspace/checkgithubContri/PropertyListing/build/nodes/Notary/cordapps/cordapp-0.1.jar:drivers/jolokia-jvm-1.3.7-agent.jar:/home/parnika/.capsule/apps/net.corda.node.Corda_3.2-corda/quasar-core-0.7.9-jdk8.jar {}
[INFO ] 2018-08-27T07:34:19,479Z [main] internal.Node.logStartupInfo - VM Java HotSpot(TM) 64-Bit Server VM Oracle Corporation 25.171-b11 {}
[INFO ] 2018-08-27T07:34:19,479Z [main] internal.Node.logStartupInfo - Machine: BCSLAPY-PARNIKA {}
[INFO ] 2018-08-27T07:34:19,479Z [main] internal.Node.logStartupInfo - Working Directory: /home/parnika/workspace/checkgithubContri/PropertyListing/build/nodes/Notary {}
[INFO ] 2018-08-27T07:34:19,480Z [main] internal.Node.logStartupInfo - Debug port: dt_socket:5009 {}
[INFO ] 2018-08-27T07:34:19,481Z [main] internal.Node.logStartupInfo - Starting as node on localhost:10002 {}
[INFO ] 2018-08-27T07:34:19,702Z [main] cordapp.CordappLoader.<init> - Loading CorDapps from file:/home/parnika/workspace/checkgithubContri/PropertyListing/build/nodes/Notary/cordapps/PropertyListing-0.1.jar, file:/home/parnika/workspace/checkgithubContri/PropertyListing/build/nodes/Notary/cordapps/cordapp-contracts-states-0.1.jar, file:/home/parnika/workspace/checkgithubContri/PropertyListing/build/nodes/Notary/cordapps/cordapp-0.1.jar {}
[INFO ] 2018-08-27T07:34:19,872Z [main] cordapp.CordappLoader.scanCordapp - Scanning CorDapp in file:/home/parnika/workspace/checkgithubContri/PropertyListing/build/nodes/Notary/cordapps/PropertyListing-0.1.jar {}
[INFO ] 2018-08-27T07:34:20,144Z [main] cordapp.CordappLoader.scanCordapp - Scanning CorDapp in file:/home/parnika/workspace/checkgithubContri/PropertyListing/build/nodes/Notary/cordapps/cordapp-contracts-states-0.1.jar {}
[INFO ] 2018-08-27T07:34:20,321Z [main] cordapp.CordappLoader.scanCordapp - Scanning CorDapp in file:/home/parnika/workspace/checkgithubContri/PropertyListing/build/nodes/Notary/cordapps/cordapp-0.1.jar {}
[INFO ] 2018-08-27T07:34:20,902Z [main] internal.Node.start - Node starting up ... {}
[WARN ] 2018-08-27T07:34:20,908Z [main] internal.Node.initCertificate - Corda node is running in dev mode. {}
[INFO ] 2018-08-27T07:34:23,999Z [main] internal.NetworkParametersReader.retrieveNetworkParameters - Loaded network parameters: net.corda.core.internal.SignedDataWithCert@d4df0e {}
[INFO ] 2018-08-27T07:34:25,523Z [main] BasicInfo.printBasicNodeInfo - Database connection url is              : jdbc:h2:tcp://127.0.1.1:45153/node {}
[INFO ] 2018-08-27T07:34:25,768Z [main] hikari.HikariDataSource.<init> - HikariPool-1 - Started. {}
[INFO ] 2018-08-27T07:34:26,721Z [main] internal.Node.invoke - Connected to H2 database. {}
[INFO ] 2018-08-27T07:34:26,911Z [main] persistence.HibernateConfiguration.<init> - Init HibernateConfiguration for schemas: [CommonSchemaV1(name=net.corda.core.schemas.CommonSchema, version=1), VaultSchemaV1(name=net.corda.node.services.vault.VaultSchema, version=1), NodeInfoSchemaV1(name=net.corda.node.internal.schemas.NodeInfoSchema, version=1), NodeCoreV1(name=net.corda.node.services.schema.NodeSchemaService$NodeCore, version=1), NodeNotaryV1(name=net.corda.node.services.schema.NodeSchemaService$NodeNotary, version=1), PropertySchema1(name=com.propertylisting.states.PropertySchema, version=1)] {}
[INFO ] 2018-08-27T07:34:26,929Z [main] persistence.HibernateConfiguration.makeSessionFactoryForSchemas - Creating session factory for schemas: [CommonSchemaV1(name=net.corda.core.schemas.CommonSchema, version=1), VaultSchemaV1(name=net.corda.node.services.vault.VaultSchema, version=1), NodeInfoSchemaV1(name=net.corda.node.internal.schemas.NodeInfoSchema, version=1), NodeCoreV1(name=net.corda.node.services.schema.NodeSchemaService$NodeCore, version=1), NodeNotaryV1(name=net.corda.node.services.schema.NodeSchemaService$NodeNotary, version=1), PropertySchema1(name=com.propertylisting.states.PropertySchema, version=1)] {}
[INFO ] 2018-08-27T07:34:27,229Z [main] hibernate.Version.logVersion - HHH000412: Hibernate Core {5.2.6.Final} {}
[INFO ] 2018-08-27T07:34:27,231Z [main] cfg.Environment.<clinit> - HHH000206: hibernate.properties not found {}
[INFO ] 2018-08-27T07:34:27,332Z [main] common.Version.<clinit> - HCANN000001: Hibernate Commons Annotations {5.0.1.Final} {}
[INFO ] 2018-08-27T07:34:27,525Z [main] internal.ConnectionProviderInitiator.initiateService - HHH000130: Instantiating explicit connection provider: net.corda.nodeapi.internal.persistence.HibernateConfiguration$NodeDatabaseConnectionProvider {}
[INFO ] 2018-08-27T07:34:27,558Z [main] dialect.Dialect.<init> - HHH000400: Using dialect: org.hibernate.dialect.H2Dialect {}
[INFO ] 2018-08-27T07:34:27,690Z [main] type.BasicTypeRegistry.register - HHH000270: Type registration [materialized_blob] overrides previous : org.hibernate.type.MaterializedBlobType@76e6c070 {}
[INFO ] 2018-08-27T07:34:30,342Z [main] connections.access.getIsolatedConnection - HHH10001501: Connection obtained from JdbcConnectionAccess [org.hibernate.engine.jdbc.env.internal.JdbcEnvironmentInitiator$ConnectionProviderJdbcConnectionAccess@74a74070] for (non-JTA) DDL execution was not in auto-commit mode; the Connection 'local transaction' will be committed and the Connection will be set into auto-commit mode. {}
[INFO ] 2018-08-27T07:34:30,765Z [main] persistence.HibernateConfiguration.makeSessionFactoryForSchemas - Created session factory for schemas: [CommonSchemaV1(name=net.corda.core.schemas.CommonSchema, version=1), VaultSchemaV1(name=net.corda.node.services.vault.VaultSchema, version=1), NodeInfoSchemaV1(name=net.corda.node.internal.schemas.NodeInfoSchema, version=1), NodeCoreV1(name=net.corda.node.services.schema.NodeSchemaService$NodeCore, version=1), NodeNotaryV1(name=net.corda.node.services.schema.NodeSchemaService$NodeNotary, version=1), PropertySchema1(name=com.propertylisting.states.PropertySchema, version=1)] {}
[INFO ] 2018-08-27T07:34:31,327Z [main] internal.QueryTranslatorFactoryInitiator.initiateService - HHH000397: Using ASTQueryTranslatorFactory {}
[INFO ] 2018-08-27T07:34:32,911Z [main] persistence.NodeAttachmentService.invoke - Stored new attachment 41EF3923C1CBC81B91F2F6DEA1343C1882C158F5A96429573CF3EF0F9B64C4F5 {}
[INFO ] 2018-08-27T07:34:33,142Z [main] security.RPCSecurityManagerImpl.buildImpl - Constructing realm from list of users in config [] {}
[INFO ] 2018-08-27T07:34:33,484Z [main] BasicInfo.printBasicNodeInfo - Advertised P2P messaging addresses      : localhost:10002 {}
[INFO ] 2018-08-27T07:34:33,492Z [main] BasicInfo.printBasicNodeInfo - RPC connection address                  : localhost:10003 {}
[INFO ] 2018-08-27T07:34:33,493Z [main] BasicInfo.printBasicNodeInfo - RPC admin connection address            : localhost:10043 {}
[INFO ] 2018-08-27T07:34:33,624Z [main] internal.Node.makeNotaryService - Running core notary: net.corda.node.services.transactions.SimpleNotaryService {}
[INFO ] 2018-08-27T07:34:35,759Z [main] messaging.ArtemisMessagingServer.configureAndStartServer - P2P messaging server listening on port 10002 {}
[INFO ] 2018-08-27T07:34:37,534Z [main] internal.ArtemisMessagingClient.start - Connecting to message broker: localhost:10002 {}
[INFO ] 2018-08-27T07:34:39,446Z [main] internal.ArtemisMessagingClient.start - Connecting to message broker: localhost:10002 {}
[INFO ] 2018-08-27T07:34:40,208Z [main] internal.ArtemisMessagingClient.start - Connecting to message broker: localhost:10043 {}
[INFO ] 2018-08-27T07:34:40,620Z [main] messaging.P2PMessagingClient.start - Connecting to message broker: localhost:10002 {}
[INFO ] 2018-08-27T07:34:40,838Z [main] messaging.P2PMessagingClient.createQueueIfAbsent - Create fresh queue p2p.inbound.DL4Pm2hiH5x7bquEPT2QRFHyH58yDeJRxHwWtYrmjge95Q bound on same address {}
[INFO ] 2018-08-27T07:34:41,242Z [Thread-0 (ActiveMQ-client-global-threads)] bridging.BridgeControlListener.processControlMessage - Received bridge control message NodeToBridgeSnapshot(nodeIdentity=DL4Pm2hiH5x7bquEPT2QRFHyH58yDeJRxHwWtYrmjge95Q, inboxQueues=[p2p.inbound.DL4Pm2hiH5x7bquEPT2QRFHyH58yDeJRxHwWtYrmjge95Q], sendQueues=[]) {}
[INFO ] 2018-08-27T07:34:41,355Z [main] internal.Node.installCordaService - Installed com.propertylisting.flows.utils.CustomVaultService$Service Corda service {}
[INFO ] 2018-08-27T07:34:41,398Z [main] internal.Node.registerInitiatedFlowInternal - Registered com.propertylisting.flows.RequestPropertyListFlow$Initiator to initiate com.propertylisting.flows.SendPropertyListFlow (version 1) {}
[INFO ] 2018-08-27T07:34:41,399Z [main] internal.Node.registerInitiatedFlowInternal - Registered com.propertylisting.flows.StorePropertyListFlow$Initiator to initiate com.propertylisting.flows.StorePropertyListFlow$Responder (version 1) {}
[INFO ] 2018-08-27T07:34:42,476Z [main] plugin.PluginManager.getPlugins - Loaded plugin Plugin[type=SSHPlugin,interface=SSHPlugin] {}
[INFO ] 2018-08-27T07:34:42,479Z [main] plugin.PluginManager.getPlugins - Loaded plugin Plugin[type=SSHInlinePlugin,interface=CommandPlugin] {}
[INFO ] 2018-08-27T07:34:42,481Z [main] plugin.PluginManager.getPlugins - Loaded plugin Plugin[type=KeyAuthenticationPlugin,interface=KeyAuthenticationPlugin] {}
[INFO ] 2018-08-27T07:34:42,484Z [main] plugin.PluginManager.getPlugins - Loaded plugin Plugin[type=CRaSHShellFactory,interface=ShellFactory] {}
[INFO ] 2018-08-27T07:34:42,486Z [main] plugin.PluginManager.getPlugins - Loaded plugin Plugin[type=GroovyLanguageProxy,interface=Language] {}
[INFO ] 2018-08-27T07:34:42,487Z [main] plugin.PluginManager.getPlugins - Loaded plugin Plugin[type=JavaLanguage,interface=Language] {}
[INFO ] 2018-08-27T07:34:42,489Z [main] plugin.PluginManager.getPlugins - Loaded plugin Plugin[type=ScriptLanguage,interface=Language] {}
[INFO ] 2018-08-27T07:34:42,491Z [main] plugin.PluginManager.getPlugins - Loaded plugin Plugin[type=JaasAuthenticationPlugin,interface=AuthenticationPlugin] {}
[INFO ] 2018-08-27T07:34:42,493Z [main] plugin.PluginManager.getPlugins - Loaded plugin Plugin[type=SimpleAuthenticationPlugin,interface=AuthenticationPlugin] {}
[INFO ] 2018-08-27T07:34:42,500Z [main] ssh.SSHPlugin.init - Could not boot SSHD due to missing due to missing port configuration {}
[INFO ] 2018-08-27T07:34:42,500Z [main] plugin.PluginManager.getPlugins - Initialized plugin Plugin[type=SSHPlugin,interface=SSHPlugin] {}
[INFO ] 2018-08-27T07:34:42,501Z [main] plugin.PluginManager.getPlugins - Initialized plugin Plugin[type=SSHInlinePlugin,interface=CommandPlugin] {}
[INFO ] 2018-08-27T07:34:42,501Z [main] plugin.PluginManager.getPlugins - Initialized plugin Plugin[type=KeyAuthenticationPlugin,interface=KeyAuthenticationPlugin] {}
[INFO ] 2018-08-27T07:34:42,520Z [main] plugin.PluginManager.getPlugins - Initialized plugin Plugin[type=GroovyLanguageProxy,interface=Language] {}
[INFO ] 2018-08-27T07:34:42,521Z [main] plugin.PluginManager.getPlugins - Initialized plugin Plugin[type=ScriptLanguage,interface=Language] {}
[INFO ] 2018-08-27T07:34:42,537Z [main] plugin.PluginManager.getPlugins - Initialized plugin Plugin[type=CRaSHShellFactory,interface=ShellFactory] {}
[INFO ] 2018-08-27T07:34:42,537Z [main] plugin.PluginManager.getPlugins - Initialized plugin Plugin[type=JaasAuthenticationPlugin,interface=AuthenticationPlugin] {}
[INFO ] 2018-08-27T07:34:42,538Z [main] plugin.PluginManager.getPlugins - Initialized plugin Plugin[type=SimpleAuthenticationPlugin,interface=AuthenticationPlugin] {}
[INFO ] 2018-08-27T07:34:42,538Z [main] plugin.PluginManager.getPlugins - Initialized plugin Plugin[type=CordaAuthenticationPlugin,interface=AuthenticationPlugin] {}
[WARN ] 2018-08-27T07:34:44,535Z [main] utilities.AppendOnlyPersistentMapBase.set - Double insert in net.corda.node.utilities.AppendOnlyPersistentMap for entity class class net.corda.node.services.identity.PersistentIdentityService$PersistentIdentity key 32679F6A53A138891D6C19051575043A86B900551B81EDB91FD7A2727140A217, not inserting the second time {}
[INFO ] 2018-08-27T07:34:44,536Z [main] messaging.P2PMessagingClient.updateBridgesOnNetworkChange - Updating bridges on network map change: NodeInfo(addresses=[localhost:10002], legalIdentitiesAndCerts=[O=Notary, L=London, C=GB], platformVersion=3, serial=1535355180681) {}
[INFO ] 2018-08-27T07:34:44,903Z [main] BasicInfo.printBasicNodeInfo - Loaded CorDapps                         : PropertyListing-0.1, cordapp-contracts-states-0.1, cordapp-0.1, corda-core-3.2-corda {}
[INFO ] 2018-08-27T07:34:44,925Z [main] BasicInfo.printBasicNodeInfo - Node for "Notary" started up and registered in 31.41 sec {}
[INFO ] 2018-08-27T07:34:45,437Z [main] messaging.RPCServer.start - Starting RPC server with configuration RPCServerConfiguration(rpcThreadPoolSize=4, reapInterval=PT1S, deduplicationCacheExpiry=PT24H) {}
[INFO ] 2018-08-27T07:34:49,691Z [RxIoScheduler-2] network.PersistentNetworkMapCache.addNode - Adding node with info: NodeInfo(addresses=[localhost:10002], legalIdentitiesAndCerts=[O=Notary, L=London, C=GB], platformVersion=3, serial=1535355180681) {}
[INFO ] 2018-08-27T07:34:49,711Z [RxIoScheduler-2] network.PersistentNetworkMapCache.addNode - Previous node was identical to incoming one - doing nothing {}
[INFO ] 2018-08-27T07:34:49,711Z [RxIoScheduler-2] network.PersistentNetworkMapCache.addNode - Done adding node with info: NodeInfo(addresses=[localhost:10002], legalIdentitiesAndCerts=[O=Notary, L=London, C=GB], platformVersion=3, serial=1535355180681) {}
[INFO ] 2018-08-27T07:34:49,712Z [RxIoScheduler-2] network.PersistentNetworkMapCache.addNode - Adding node with info: NodeInfo(addresses=[localhost:10008], legalIdentitiesAndCerts=[O=PartyB, L=New York, C=US], platformVersion=3, serial=1535355180639) {}
[INFO ] 2018-08-27T07:34:49,714Z [RxIoScheduler-2] network.PersistentNetworkMapCache.addNode - No previous node found {}
[INFO ] 2018-08-27T07:34:49,786Z [RxIoScheduler-2] messaging.P2PMessagingClient.updateBridgesOnNetworkChange - Updating bridges on network map change: NodeInfo(addresses=[localhost:10008], legalIdentitiesAndCerts=[O=PartyB, L=New York, C=US], platformVersion=3, serial=1535355180639) {}
[INFO ] 2018-08-27T07:34:49,792Z [RxIoScheduler-2] network.PersistentNetworkMapCache.addNode - Done adding node with info: NodeInfo(addresses=[localhost:10008], legalIdentitiesAndCerts=[O=PartyB, L=New York, C=US], platformVersion=3, serial=1535355180639) {}
[INFO ] 2018-08-27T07:34:49,792Z [RxIoScheduler-2] network.PersistentNetworkMapCache.addNode - Adding node with info: NodeInfo(addresses=[localhost:10005], legalIdentitiesAndCerts=[O=PartyA, L=London, C=GB], platformVersion=3, serial=1535355177974) {}
[INFO ] 2018-08-27T07:34:49,794Z [RxIoScheduler-2] network.PersistentNetworkMapCache.addNode - No previous node found {}
[INFO ] 2018-08-27T07:34:49,819Z [RxIoScheduler-2] messaging.P2PMessagingClient.updateBridgesOnNetworkChange - Updating bridges on network map change: NodeInfo(addresses=[localhost:10005], legalIdentitiesAndCerts=[O=PartyA, L=London, C=GB], platformVersion=3, serial=1535355177974) {}
[INFO ] 2018-08-27T07:34:49,824Z [RxIoScheduler-2] network.PersistentNetworkMapCache.addNode - Done adding node with info: NodeInfo(addresses=[localhost:10005], legalIdentitiesAndCerts=[O=PartyA, L=London, C=GB], platformVersion=3, serial=1535355177974) {}
[INFO ] 2018-08-27T07:38:41,393Z [Thread-7] BasicInfo.printBasicNodeInfo - Shutting down ... {}
[INFO ] 2018-08-27T07:38:41,425Z [main] internal.Node.run - Node exiting successfully {}
[INFO ] 2018-08-27T07:38:43,933Z [Thread-7] pool.HikariPool.shutdown - HikariPool-1 - Close initiated... {}
[INFO ] 2018-08-27T07:38:44,003Z [Thread-7] pool.HikariPool.shutdown - HikariPool-1 - Closed. {}
[INFO ] 2018-08-27T07:38:44,006Z [Thread-7] internal.Node.stop - Shutdown complete {}
