[INFO ] 2018-08-27T07:32:53,796Z [main] manifests.Manifests.info - 111 attributes loaded from 123 stream(s) in 820ms, 111 saved, 1956 ignored: ["ActiveMQ-Version", "Agent-Class", "Ant-Version", "Application-Class", "Application-Library-Allowable-Codebase", "Application-Name", "Application-Version", "Archiver-Version", "Automatic-Module-Name", "Bnd-LastModified", "Branch", "Build-Date", "Build-Host", "Build-Id", "Build-Java-Version", "Build-Jdk", "Build-Job", "Build-Number", "Build-Timestamp", "Built-By", "Built-OS", "Built-Status", "Bundle-Activator", "Bundle-Category", "Bundle-ClassPath", "Bundle-Copyright", "Bundle-Description", "Bundle-DocURL", "Bundle-License", "Bundle-ManifestVersion", "Bundle-Name", "Bundle-RequiredExecutionEnvironment", "Bundle-SymbolicName", "Bundle-Vendor", "Bundle-Version", "Caller-Allowable-Codebase", "Can-Redefine-Classes", "Can-Retransform-Classes", "Can-Set-Native-Method-Prefix", "Caplets", "Change", "Codebase", "Corda-Platform-Version", "Corda-Release-Version", "Corda-Revision", "Corda-Vendor", "Created-By", "DynamicImport-Package", "Eclipse-BuddyPolicy", "Eclipse-LazyStart", "Export-Package", "Extension-Name", "Fragment-Host", "Gradle-Version", "Ignore-Package", "Implementation-Build", "Implementation-Build-Date", "Implementation-Title", "Implementation-URL", "Implementation-Url", "Implementation-Vendor", "Implementation-Vendor-Id", "Implementation-Version", "Import-Package", "Include-Resource", "JCabi-Build", "JCabi-Date", "JCabi-Version", "JVM-Args", "Java-Agents", "Java-Vendor", "Java-Version", "Kotlin-Runtime-Component", "Kotlin-Version", "Log4jReleaseKey", "Log4jReleaseManager", "Log4jReleaseVersion", "Main-Class", "Main-class", "Manifest-Version", "Min-Java-Version", "Min-Update-Version", "Module-Email", "Module-Origin", "Module-Owner", "Module-Source", "Multi-Release", "Originally-Created-By", "Os-Arch", "Os-Name", "Os-Version", "Package", "Permissions", "Premain-Class", "Private-Package", "Provide-Capability", "Require-Capability", "SCM-Revision", "SCM-url", "Scm-Connection", "Scm-Revision", "Scm-Url", "Service-Component", "Specification-Title", "Specification-Vendor", "Specification-Version", "System-Properties", "Tool", "Trusted-Library", "X-Compile-Source-JDK", "X-Compile-Target-JDK"] {}
[INFO ] 2018-08-27T07:32:54,194Z [main] BasicInfo.printBasicNodeInfo - Logs can be found in                    : /home/parnika/workspace/checkgithubContri/PropertyListing/build/nodes/PartyB/logs {}
[INFO ] 2018-08-27T07:32:54,335Z [main] config.ConfigHelper.loadConfig - Config:
{
    # reference.conf @ jar:file:/home/parnika/workspace/checkgithubContri/PropertyListing/build/nodes/PartyB/corda.jar!/reference.conf: 20
    "activeMQServer" : {
        # reference.conf @ jar:file:/home/parnika/workspace/checkgithubContri/PropertyListing/build/nodes/PartyB/corda.jar!/reference.conf: 21
        "bridge" : {
            # reference.conf @ jar:file:/home/parnika/workspace/checkgithubContri/PropertyListing/build/nodes/PartyB/corda.jar!/reference.conf: 24
            "maxRetryIntervalMin" : 3,
            # reference.conf @ jar:file:/home/parnika/workspace/checkgithubContri/PropertyListing/build/nodes/PartyB/corda.jar!/reference.conf: 22
            "retryIntervalMs" : 5000,
            # reference.conf @ jar:file:/home/parnika/workspace/checkgithubContri/PropertyListing/build/nodes/PartyB/corda.jar!/reference.conf: 23
            "retryIntervalMultiplier" : 1.5
        }
    },
    # hardcoded value
    "baseDirectory" : "/home/parnika/workspace/checkgithubContri/PropertyListing/build/nodes/PartyB",
    # merge of reference.conf @ jar:file:/home/parnika/workspace/checkgithubContri/PropertyListing/build/nodes/PartyB/corda.jar!/reference.conf: 6,reference.conf @ jar:file:/home/parnika/workspace/checkgithubContri/PropertyListing/build/nodes/.cache/apps/net.corda.node.Corda_3.2-corda/corda-node-3.2-corda.jar!/reference.conf: 6
    "dataSourceProperties" : {
        # reference.conf @ jar:file:/home/parnika/workspace/checkgithubContri/PropertyListing/build/nodes/PartyB/corda.jar!/reference.conf: 10
        "dataSource.password" : "",
        # merge of reference.conf @ jar:file:/home/parnika/workspace/checkgithubContri/PropertyListing/build/nodes/PartyB/corda.jar!/reference.conf: 8,hardcoded value,reference.conf @ jar:file:/home/parnika/workspace/checkgithubContri/PropertyListing/build/nodes/PartyB/corda.jar!/reference.conf: 8,reference.conf @ jar:file:/home/parnika/workspace/checkgithubContri/PropertyListing/build/nodes/PartyB/corda.jar!/reference.conf: 17
        "dataSource.url" : "jdbc:h2:file:/home/parnika/workspace/checkgithubContri/PropertyListing/build/nodes/PartyB/persistence;DB_CLOSE_ON_EXIT=FALSE;LOCK_TIMEOUT=10000;WRITE_DELAY=100;AUTO_SERVER_PORT=0",
        # reference.conf @ jar:file:/home/parnika/workspace/checkgithubContri/PropertyListing/build/nodes/PartyB/corda.jar!/reference.conf: 9
        "dataSource.user" : "sa",
        # reference.conf @ jar:file:/home/parnika/workspace/checkgithubContri/PropertyListing/build/nodes/PartyB/corda.jar!/reference.conf: 7
        "dataSourceClassName" : "org.h2.jdbcx.JdbcDataSource"
    },
    # reference.conf @ jar:file:/home/parnika/workspace/checkgithubContri/PropertyListing/build/nodes/PartyB/corda.jar!/reference.conf: 12
    "database" : {
        # reference.conf @ jar:file:/home/parnika/workspace/checkgithubContri/PropertyListing/build/nodes/PartyB/corda.jar!/reference.conf: 14
        "exportHibernateJMXStatistics" : "false",
        # reference.conf @ jar:file:/home/parnika/workspace/checkgithubContri/PropertyListing/build/nodes/PartyB/corda.jar!/reference.conf: 13
        "transactionIsolationLevel" : "REPEATABLE_READ"
    },
    # reference.conf @ jar:file:/home/parnika/workspace/checkgithubContri/PropertyListing/build/nodes/PartyB/corda.jar!/reference.conf: 16
    "devMode" : true,
    # reference.conf @ jar:file:/home/parnika/workspace/checkgithubContri/PropertyListing/build/nodes/PartyB/corda.jar!/reference.conf: 2
    "emailAddress" : "admin@company.com",
    # reference.conf @ jar:file:/home/parnika/workspace/checkgithubContri/PropertyListing/build/nodes/PartyB/corda.jar!/reference.conf: 3
    "exportJMXto" : "http",
    # reference.conf @ jar:file:/home/parnika/workspace/checkgithubContri/PropertyListing/build/nodes/PartyB/corda.jar!/reference.conf: 17
    "h2port" : 0,
    # reference.conf @ jar:file:/home/parnika/workspace/checkgithubContri/PropertyListing/build/nodes/PartyB/corda.jar!/reference.conf: 4
    "keyStorePassword" : "cordacadevpass",
    # /home/parnika/workspace/checkgithubContri/PropertyListing/build/nodes/PartyB/node.conf: 1
    "myLegalName" : "O=PartyB,L=New York,C=US",
    # /home/parnika/workspace/checkgithubContri/PropertyListing/build/nodes/PartyB/node.conf: 2
    "p2pAddress" : "localhost:10008",
    # merge of /home/parnika/workspace/checkgithubContri/PropertyListing/build/nodes/PartyB/node.conf: 3,reference.conf @ jar:file:/home/parnika/workspace/checkgithubContri/PropertyListing/build/nodes/PartyB/corda.jar!/reference.conf: 27
    "rpcSettings" : {
        # /home/parnika/workspace/checkgithubContri/PropertyListing/build/nodes/PartyB/node.conf: 4
        "address" : "localhost:10009",
        # /home/parnika/workspace/checkgithubContri/PropertyListing/build/nodes/PartyB/node.conf: 5
        "adminAddress" : "localhost:10049",
        # reference.conf @ jar:file:/home/parnika/workspace/checkgithubContri/PropertyListing/build/nodes/PartyB/corda.jar!/reference.conf: 29
        "standAloneBroker" : false,
        # reference.conf @ jar:file:/home/parnika/workspace/checkgithubContri/PropertyListing/build/nodes/PartyB/corda.jar!/reference.conf: 28
        "useSsl" : false
    },
    # /home/parnika/workspace/checkgithubContri/PropertyListing/build/nodes/PartyB/node.conf: 7
    "rpcUsers" : [
        # /home/parnika/workspace/checkgithubContri/PropertyListing/build/nodes/PartyB/node.conf: 8
        {
            # /home/parnika/workspace/checkgithubContri/PropertyListing/build/nodes/PartyB/node.conf: 9
            "password" : "test",
            # /home/parnika/workspace/checkgithubContri/PropertyListing/build/nodes/PartyB/node.conf: 10
            "permissions" : [
                # /home/parnika/workspace/checkgithubContri/PropertyListing/build/nodes/PartyB/node.conf: 11
                "ALL"
            ],
            # /home/parnika/workspace/checkgithubContri/PropertyListing/build/nodes/PartyB/node.conf: 13
            "user" : "user1"
        }
    ],
    # reference.conf @ jar:file:/home/parnika/workspace/checkgithubContri/PropertyListing/build/nodes/PartyB/corda.jar!/reference.conf: 5
    "trustStorePassword" : "trustpass",
    # reference.conf @ jar:file:/home/parnika/workspace/checkgithubContri/PropertyListing/build/nodes/PartyB/corda.jar!/reference.conf: 18
    "useTestClock" : false,
    # reference.conf @ jar:file:/home/parnika/workspace/checkgithubContri/PropertyListing/build/nodes/PartyB/corda.jar!/reference.conf: 19
    "verifierType" : "InMemory",
    # /home/parnika/workspace/checkgithubContri/PropertyListing/build/nodes/PartyB/node.conf: 16
    "webAddress" : "localhost:10010"
}
 {}
[WARN ] 2018-08-27T07:32:55,557Z [main] internal.config.defaultToOldPath - Config key user has been deprecated and will be removed in a future release. Use username instead {}
[INFO ] 2018-08-27T07:32:55,632Z [main] internal.Node.logStartupInfo - Vendor: Corda Open Source {}
[INFO ] 2018-08-27T07:32:55,633Z [main] internal.Node.logStartupInfo - Release: 3.2-corda {}
[INFO ] 2018-08-27T07:32:55,633Z [main] internal.Node.logStartupInfo - Platform Version: 3 {}
[INFO ] 2018-08-27T07:32:55,633Z [main] internal.Node.logStartupInfo - Revision: 5ae8325980ad22df8146b983afeaca344fc03c3e {}
[INFO ] 2018-08-27T07:32:55,634Z [main] internal.Node.logStartupInfo - PID: 31515 {}
[INFO ] 2018-08-27T07:32:55,634Z [main] internal.Node.logStartupInfo - Main class: /home/parnika/workspace/checkgithubContri/PropertyListing/build/nodes/.cache/apps/net.corda.node.Corda_3.2-corda/corda-node-3.2-corda.jar {}
[INFO ] 2018-08-27T07:32:55,634Z [main] internal.Node.logStartupInfo - CommandLine Args: -Xmx200m -XX:+UseG1GC -javaagent:/home/parnika/workspace/checkgithubContri/PropertyListing/build/nodes/.cache/apps/net.corda.node.Corda_3.2-corda/quasar-core-0.7.9-jdk8.jar=x(antlr**;bftsmart**;ch**;co.paralleluniverse**;com.codahale**;com.esotericsoftware**;com.fasterxml**;com.google**;com.ibm**;com.intellij**;com.jcabi**;com.nhaarman**;com.opengamma**;com.typesafe**;com.zaxxer**;de.javakaffee**;groovy**;groovyjarjarantlr**;groovyjarjarasm**;io.atomix**;io.github**;io.netty**;jdk**;joptsimple**;junit**;kotlin**;net.bytebuddy**;net.i2p**;org.apache**;org.assertj**;org.bouncycastle**;org.codehaus**;org.crsh**;org.dom4j**;org.fusesource**;org.h2**;org.hamcrest**;org.hibernate**;org.jboss**;org.jcp**;org.joda**;org.junit**;org.mockito**;org.objectweb**;org.objenesis**;org.slf4j**;org.w3c**;org.xml**;org.yaml**;reflectasm**;rx**;org.jolokia**) -Dvisualvm.display.name=Corda -Djava.library.path=/usr/java/packages/lib/amd64:/usr/lib64:/lib64:/lib:/usr/lib:/home/parnika/workspace/checkgithubContri/PropertyListing/build/nodes/.cache/apps/net.corda.node.Corda_3.2-corda -Dcapsule.app=net.corda.node.Corda_3.2-corda -Dcapsule.dir=/home/parnika/workspace/checkgithubContri/PropertyListing/build/nodes/.cache/apps/net.corda.node.Corda_3.2-corda -Dcapsule.jar=/home/parnika/workspace/checkgithubContri/PropertyListing/build/nodes/PartyB/corda.jar {}
[INFO ] 2018-08-27T07:32:55,634Z [main] internal.Node.logStartupInfo - Application Args: --just-generate-node-info {}
[INFO ] 2018-08-27T07:32:55,635Z [main] internal.Node.logStartupInfo - bootclasspath: /usr/lib/jvm/java-8-oracle/jre/lib/resources.jar:/usr/lib/jvm/java-8-oracle/jre/lib/rt.jar:/usr/lib/jvm/java-8-oracle/jre/lib/sunrsasign.jar:/usr/lib/jvm/java-8-oracle/jre/lib/jsse.jar:/usr/lib/jvm/java-8-oracle/jre/lib/jce.jar:/usr/lib/jvm/java-8-oracle/jre/lib/charsets.jar:/usr/lib/jvm/java-8-oracle/jre/lib/jfr.jar:/usr/lib/jvm/java-8-oracle/jre/classes {}
[INFO ] 2018-08-27T07:32:55,635Z [main] internal.Node.logStartupInfo - classpath: /home/parnika/workspace/checkgithubContri/PropertyListing/build/nodes/PartyB/corda.jar:/home/parnika/workspace/checkgithubContri/PropertyListing/build/nodes/.cache/apps/net.corda.node.Corda_3.2-corda/corda-rpc-3.2-corda.jar:/home/parnika/workspace/checkgithubContri/PropertyListing/build/nodes/.cache/apps/net.corda.node.Corda_3.2-corda/corda-node-api-3.2-corda.jar:/home/parnika/workspace/checkgithubContri/PropertyListing/build/nodes/.cache/apps/net.corda.node.Corda_3.2-corda/corda-confidential-identities-3.2-corda.jar:/home/parnika/workspace/checkgithubContri/PropertyListing/build/nodes/.cache/apps/net.corda.node.Corda_3.2-corda/cordform-common-3.1.0.jar:/home/parnika/workspace/checkgithubContri/PropertyListing/build/nodes/.cache/apps/net.corda.node.Corda_3.2-corda/log4j-slf4j-impl-2.9.1.jar:/home/parnika/workspace/checkgithubContri/PropertyListing/build/nodes/.cache/apps/net.corda.node.Corda_3.2-corda/log4j-web-2.9.1.jar:/home/parnika/workspace/checkgithubContri/PropertyListing/build/nodes/.cache/apps/net.corda.node.Corda_3.2-corda/jul-to-slf4j-1.7.25.jar:/home/parnika/workspace/checkgithubContri/PropertyListing/build/nodes/.cache/apps/net.corda.node.Corda_3.2-corda/corda-jackson-3.2-corda.jar:/home/parnika/workspace/checkgithubContri/PropertyListing/build/nodes/.cache/apps/net.corda.node.Corda_3.2-corda/corda-core-3.2-corda.jar:/home/parnika/workspace/checkgithubContri/PropertyListing/build/nodes/.cache/apps/net.corda.node.Corda_3.2-corda/kotlin-stdlib-jre8-1.1.60.jar:/home/parnika/workspace/checkgithubContri/PropertyListing/build/nodes/.cache/apps/net.corda.node.Corda_3.2-corda/jackson-module-kotlin-2.9.2.jar:/home/parnika/workspace/checkgithubContri/PropertyListing/build/nodes/.cache/apps/net.corda.node.Corda_3.2-corda/kotlin-reflect-1.1.60.jar:/home/parnika/workspace/checkgithubContri/PropertyListing/build/nodes/.cache/apps/net.corda.node.Corda_3.2-corda/jimfs-1.1.jar:/home/parnika/workspace/checkgithubContri/PropertyListing/build/nodes/.cache/apps/net.corda.node.Corda_3.2-corda/artemis-amqp-protocol-2.2.0.jar:/home/parnika/workspace/checkgithubContri/PropertyListing/build/nodes/.cache/apps/net.corda.node.Corda_3.2-corda/artemis-server-2.2.0.jar:/home/parnika/workspace/checkgithubContri/PropertyListing/build/nodes/.cache/apps/net.corda.node.Corda_3.2-corda/artemis-jdbc-store-2.2.0.jar:/home/parnika/workspace/checkgithubContri/PropertyListing/build/nodes/.cache/apps/net.corda.node.Corda_3.2-corda/artemis-jms-client-2.2.0.jar:/home/parnika/workspace/checkgithubContri/PropertyListing/build/nodes/.cache/apps/net.corda.node.Corda_3.2-corda/artemis-core-client-2.2.0.jar:/home/parnika/workspace/checkgithubContri/PropertyListing/build/nodes/.cache/apps/net.corda.node.Corda_3.2-corda/artemis-journal-2.2.0.jar:/home/parnika/workspace/checkgithubContri/PropertyListing/build/nodes/.cache/apps/net.corda.node.Corda_3.2-corda/artemis-commons-2.2.0.jar:/home/parnika/workspace/checkgithubContri/PropertyListing/build/nodes/.cache/apps/net.corda.node.Corda_3.2-corda/guava-21.0.jar:/home/parnika/workspace/checkgithubContri/PropertyListing/build/nodes/.cache/apps/net.corda.node.Corda_3.2-corda/jopt-simple-5.0.2.jar:/home/parnika/workspace/checkgithubContri/PropertyListing/build/nodes/.cache/apps/net.corda.node.Corda_3.2-corda/commons-collections4-4.1.jar:/home/parnika/workspace/checkgithubContri/PropertyListing/build/nodes/.cache/apps/net.corda.node.Corda_3.2-corda/shiro-core-1.4.0.jar:/home/parnika/workspace/checkgithubContri/PropertyListing/build/nodes/.cache/apps/net.corda.node.Corda_3.2-corda/shiro-config-ogdl-1.4.0.jar:/home/parnika/workspace/checkgithubContri/PropertyListing/build/nodes/.cache/apps/net.corda.node.Corda_3.2-corda/commons-beanutils-1.9.3.jar:/home/parnika/workspace/checkgithubContri/PropertyListing/build/nodes/.cache/apps/net.corda.node.Corda_3.2-corda/jansi-1.14.jar:/home/parnika/workspace/checkgithubContri/PropertyListing/build/nodes/.cache/apps/net.corda.node.Corda_3.2-corda/jcabi-manifests-1.1.jar:/home/parnika/workspace/checkgithubContri/PropertyListing/build/nodes/.cache/apps/net.corda.node.Corda_3.2-corda/forms_rt-7.0.3.jar:/home/parnika/workspace/checkgithubContri/PropertyListing/build/nodes/.cache/apps/net.corda.node.Corda_3.2-corda/metrics-core-3.1.2.jar:/home/parnika/workspace/checkgithubContri/PropertyListing/build/nodes/.cache/apps/net.corda.node.Corda_3.2-corda/config-1.3.1.jar:/home/parnika/workspace/checkgithubContri/PropertyListing/build/nodes/.cache/apps/net.corda.node.Corda_3.2-corda/h2-1.4.194.jar:/home/parnika/workspace/checkgithubContri/PropertyListing/build/nodes/.cache/apps/net.corda.node.Corda_3.2-corda/postgresql-42.1.4.jar:/home/parnika/workspace/checkgithubContri/PropertyListing/build/nodes/.cache/apps/net.corda.node.Corda_3.2-corda/HikariCP-2.5.1.jar:/home/parnika/workspace/checkgithubContri/PropertyListing/build/nodes/.cache/apps/net.corda.node.Corda_3.2-corda/hibernate-java8-5.2.6.Final.jar:/home/parnika/workspace/checkgithubContri/PropertyListing/build/nodes/.cache/apps/net.corda.node.Corda_3.2-corda/hibernate-core-5.2.6.Final.jar:/home/parnika/workspace/checkgithubContri/PropertyListing/build/nodes/.cache/apps/net.corda.node.Corda_3.2-corda/copycat-client-1.2.3.jar:/home/parnika/workspace/checkgithubContri/PropertyListing/build/nodes/.cache/apps/net.corda.node.Corda_3.2-corda/copycat-server-1.2.3.jar:/home/parnika/workspace/checkgithubContri/PropertyListing/build/nodes/.cache/apps/net.corda.node.Corda_3.2-corda/catalyst-netty-1.1.2.jar:/home/parnika/workspace/checkgithubContri/PropertyListing/build/nodes/.cache/apps/net.corda.node.Corda_3.2-corda/netty-all-4.1.9.Final.jar:/home/parnika/workspace/checkgithubContri/PropertyListing/build/nodes/.cache/apps/net.corda.node.Corda_3.2-corda/crash.connectors.ssh-cadb53544fbb3c0fb901445da614998a6a419488.jar:/home/parnika/workspace/checkgithubContri/PropertyListing/build/nodes/.cache/apps/net.corda.node.Corda_3.2-corda/crash.shell-cadb53544fbb3c0fb901445da614998a6a419488.jar:/home/parnika/workspace/checkgithubContri/PropertyListing/build/nodes/.cache/apps/net.corda.node.Corda_3.2-corda/okhttp-3.5.0.jar:/home/parnika/workspace/checkgithubContri/PropertyListing/build/nodes/.cache/apps/net.corda.node.Corda_3.2-corda/commons-codec-1.10.jar:/home/parnika/workspace/checkgithubContri/PropertyListing/build/nodes/.cache/apps/net.corda.node.Corda_3.2-corda/library-master-v1.1-beta-g6215ec8-87.jar:/home/parnika/workspace/checkgithubContri/PropertyListing/build/nodes/.cache/apps/net.corda.node.Corda_3.2-corda/jolokia-jvm-1.6.0-agent.jar:/home/parnika/workspace/checkgithubContri/PropertyListing/build/nodes/.cache/apps/net.corda.node.Corda_3.2-corda/quasar-core-0.7.9-jdk8.jar:/home/parnika/workspace/checkgithubContri/PropertyListing/build/nodes/.cache/apps/net.corda.node.Corda_3.2-corda/commons-fileupload-1.3.3.jar:/home/parnika/workspace/checkgithubContri/PropertyListing/build/nodes/.cache/apps/net.corda.node.Corda_3.2-corda/kryo-serializers-0.41.jar:/home/parnika/workspace/checkgithubContri/PropertyListing/build/nodes/.cache/apps/net.corda.node.Corda_3.2-corda/kryo-4.0.0.jar:/home/parnika/workspace/checkgithubContri/PropertyListing/build/nodes/.cache/apps/net.corda.node.Corda_3.2-corda/proton-j-0.21.0.jar:/home/parnika/workspace/checkgithubContri/PropertyListing/build/nodes/.cache/apps/net.corda.node.Corda_3.2-corda/fast-classpath-scanner-2.12.3.jar:/home/parnika/workspace/checkgithubContri/PropertyListing/build/nodes/.cache/apps/net.corda.node.Corda_3.2-corda/jsr305-3.0.2.jar:/home/parnika/workspace/checkgithubContri/PropertyListing/build/nodes/.cache/apps/net.corda.node.Corda_3.2-corda/jcabi-log-0.14.jar:/home/parnika/workspace/checkgithubContri/PropertyListing/build/nodes/.cache/apps/net.corda.node.Corda_3.2-corda/copycat-protocol-1.2.3.jar:/home/parnika/workspace/checkgithubContri/PropertyListing/build/nodes/.cache/apps/net.corda.node.Corda_3.2-corda/catalyst-transport-1.1.2.jar:/home/parnika/workspace/checkgithubContri/PropertyListing/build/nodes/.cache/apps/net.corda.node.Corda_3.2-corda/mina-core-2.0.16.jar:/home/parnika/workspace/checkgithubContri/PropertyListing/build/nodes/.cache/apps/net.corda.node.Corda_3.2-corda/shiro-cache-1.4.0.jar:/home/parnika/workspace/checkgithubContri/PropertyListing/build/nodes/.cache/apps/net.corda.node.Corda_3.2-corda/shiro-crypto-hash-1.4.0.jar:/home/parnika/workspace/checkgithubContri/PropertyListing/build/nodes/.cache/apps/net.corda.node.Corda_3.2-corda/shiro-crypto-cipher-1.4.0.jar:/home/parnika/workspace/checkgithubContri/PropertyListing/build/nodes/.cache/apps/net.corda.node.Corda_3.2-corda/shiro-config-core-1.4.0.jar:/home/parnika/workspace/checkgithubContri/PropertyListing/build/nodes/.cache/apps/net.corda.node.Corda_3.2-corda/shiro-event-1.4.0.jar:/home/parnika/workspace/checkgithubContri/PropertyListing/build/nodes/.cache/apps/net.corda.node.Corda_3.2-corda/shiro-crypto-core-1.4.0.jar:/home/parnika/workspace/checkgithubContri/PropertyListing/build/nodes/.cache/apps/net.corda.node.Corda_3.2-corda/shiro-lang-1.4.0.jar:/home/parnika/workspace/checkgithubContri/PropertyListing/build/nodes/.cache/apps/net.corda.node.Corda_3.2-corda/jcl-over-slf4j-1.7.25.jar:/home/parnika/workspace/checkgithubContri/PropertyListing/build/nodes/.cache/apps/net.corda.node.Corda_3.2-corda/catalyst-concurrent-1.1.2.jar:/home/parnika/workspace/checkgithubContri/PropertyListing/build/nodes/.cache/apps/net.corda.node.Corda_3.2-corda/catalyst-serializer-1.1.2.jar:/home/parnika/workspace/checkgithubContri/PropertyListing/build/nodes/.cache/apps/net.corda.node.Corda_3.2-corda/catalyst-buffer-1.1.2.jar:/home/parnika/workspace/checkgithubContri/PropertyListing/build/nodes/.cache/apps/net.corda.node.Corda_3.2-corda/catalyst-common-1.1.2.jar:/home/parnika/workspace/checkgithubContri/PropertyListing/build/nodes/.cache/apps/net.corda.node.Corda_3.2-corda/sshd-pam-0.11.0.jar:/home/parnika/workspace/checkgithubContri/PropertyListing/build/nodes/.cache/apps/net.corda.node.Corda_3.2-corda/sshd-core-1.6.0.jar:/home/parnika/workspace/checkgithubContri/PropertyListing/build/nodes/.cache/apps/net.corda.node.Corda_3.2-corda/slf4j-api-1.7.25.jar:/home/parnika/workspace/checkgithubContri/PropertyListing/build/nodes/.cache/apps/net.corda.node.Corda_3.2-corda/log4j-core-2.9.1.jar:/home/parnika/workspace/checkgithubContri/PropertyListing/build/nodes/.cache/apps/net.corda.node.Corda_3.2-corda/log4j-api-2.9.1.jar:/home/parnika/workspace/checkgithubContri/PropertyListing/build/nodes/.cache/apps/net.corda.node.Corda_3.2-corda/kotlin-stdlib-jre7-1.1.60.jar:/home/parnika/workspace/checkgithubContri/PropertyListing/build/nodes/.cache/apps/net.corda.node.Corda_3.2-corda/kotlin-stdlib-1.1.60.jar:/home/parnika/workspace/checkgithubContri/PropertyListing/build/nodes/.cache/apps/net.corda.node.Corda_3.2-corda/commons-collections-3.2.2.jar:/home/parnika/workspace/checkgithubContri/PropertyListing/build/nodes/.cache/apps/net.corda.node.Corda_3.2-corda/hibernate-commons-annotations-5.0.1.Final.jar:/home/parnika/workspace/checkgithubContri/PropertyListing/build/nodes/.cache/apps/net.corda.node.Corda_3.2-corda/artemis-native-2.2.0.jar:/home/parnika/workspace/checkgithubContri/PropertyListing/build/nodes/.cache/apps/net.corda.node.Corda_3.2-corda/jboss-logging-3.3.0.Final.jar:/home/parnika/workspace/checkgithubContri/PropertyListing/build/nodes/.cache/apps/net.corda.node.Corda_3.2-corda/artemis-selector-2.2.0.jar:/home/parnika/workspace/checkgithubContri/PropertyListing/build/nodes/.cache/apps/net.corda.node.Corda_3.2-corda/jgroups-3.6.13.Final.jar:/home/parnika/workspace/checkgithubContri/PropertyListing/build/nodes/.cache/apps/net.corda.node.Corda_3.2-corda/geronimo-json_1.0_spec-1.0-alpha-1.jar:/home/parnika/workspace/checkgithubContri/PropertyListing/build/nodes/.cache/apps/net.corda.node.Corda_3.2-corda/johnzon-core-0.9.5.jar:/home/parnika/workspace/checkgithubContri/PropertyListing/build/nodes/.cache/apps/net.corda.node.Corda_3.2-corda/forms-1.1-preview.jar:/home/parnika/workspace/checkgithubContri/PropertyListing/build/nodes/.cache/apps/net.corda.node.Corda_3.2-corda/jdom-1.0.jar:/home/parnika/workspace/checkgithubContri/PropertyListing/build/nodes/.cache/apps/net.corda.node.Corda_3.2-corda/jackson-dataformat-yaml-2.9.2.jar:/home/parnika/workspace/checkgithubContri/PropertyListing/build/nodes/.cache/apps/net.corda.node.Corda_3.2-corda/jackson-datatype-jsr310-2.9.2.jar:/home/parnika/workspace/checkgithubContri/PropertyListing/build/nodes/.cache/apps/net.corda.node.Corda_3.2-corda/hibernate-jpa-2.1-api-1.0.0.Final.jar:/home/parnika/workspace/checkgithubContri/PropertyListing/build/nodes/.cache/apps/net.corda.node.Corda_3.2-corda/javassist-3.20.0-GA.jar:/home/parnika/workspace/checkgithubContri/PropertyListing/build/nodes/.cache/apps/net.corda.node.Corda_3.2-corda/antlr-2.7.7.jar:/home/parnika/workspace/checkgithubContri/PropertyListing/build/nodes/.cache/apps/net.corda.node.Corda_3.2-corda/geronimo-jta_1.1_spec-1.1.1.jar:/home/parnika/workspace/checkgithubContri/PropertyListing/build/nodes/.cache/apps/net.corda.node.Corda_3.2-corda/jandex-2.0.3.Final.jar:/home/parnika/workspace/checkgithubContri/PropertyListing/build/nodes/.cache/apps/net.corda.node.Corda_3.2-corda/classmate-1.3.0.jar:/home/parnika/workspace/checkgithubContri/PropertyListing/build/nodes/.cache/apps/net.corda.node.Corda_3.2-corda/dom4j-1.6.1.jar:/home/parnika/workspace/checkgithubContri/PropertyListing/build/nodes/.cache/apps/net.corda.node.Corda_3.2-corda/cdi-api-1.1.jar:/home/parnika/workspace/checkgithubContri/PropertyListing/build/nodes/.cache/apps/net.corda.node.Corda_3.2-corda/crash.cli-cadb53544fbb3c0fb901445da614998a6a419488.jar:/home/parnika/workspace/checkgithubContri/PropertyListing/build/nodes/.cache/apps/net.corda.node.Corda_3.2-corda/groovy-all-1.8.9.jar:/home/parnika/workspace/checkgithubContri/PropertyListing/build/nodes/.cache/apps/net.corda.node.Corda_3.2-corda/okio-1.11.0.jar:/home/parnika/workspace/checkgithubContri/PropertyListing/build/nodes/.cache/apps/net.corda.node.Corda_3.2-corda/jolokia-core-1.6.0.jar:/home/parnika/workspace/checkgithubContri/PropertyListing/build/nodes/.cache/apps/net.corda.node.Corda_3.2-corda/json-simple-1.1.1.jar:/home/parnika/workspace/checkgithubContri/PropertyListing/build/nodes/.cache/apps/net.corda.node.Corda_3.2-corda/rxjava-1.2.4.jar:/home/parnika/workspace/checkgithubContri/PropertyListing/build/nodes/.cache/apps/net.corda.node.Corda_3.2-corda/commons-jexl3-3.0.jar:/home/parnika/workspace/checkgithubContri/PropertyListing/build/nodes/.cache/apps/net.corda.node.Corda_3.2-corda/jackson-databind-2.9.2.jar:/home/parnika/workspace/checkgithubContri/PropertyListing/build/nodes/.cache/apps/net.corda.node.Corda_3.2-corda/eddsa-0.2.0.jar:/home/parnika/workspace/checkgithubContri/PropertyListing/build/nodes/.cache/apps/net.corda.node.Corda_3.2-corda/bcpkix-jdk15on-1.57.jar:/home/parnika/workspace/checkgithubContri/PropertyListing/build/nodes/.cache/apps/net.corda.node.Corda_3.2-corda/bcprov-jdk15on-1.57.jar:/home/parnika/workspace/checkgithubContri/PropertyListing/build/nodes/.cache/apps/net.corda.node.Corda_3.2-corda/commons-io-2.2.jar:/home/parnika/workspace/checkgithubContri/PropertyListing/build/nodes/.cache/apps/net.corda.node.Corda_3.2-corda/reflectasm-1.11.3.jar:/home/parnika/workspace/checkgithubContri/PropertyListing/build/nodes/.cache/apps/net.corda.node.Corda_3.2-corda/minlog-1.3.0.jar:/home/parnika/workspace/checkgithubContri/PropertyListing/build/nodes/.cache/apps/net.corda.node.Corda_3.2-corda/objenesis-2.2.jar:/home/parnika/workspace/checkgithubContri/PropertyListing/build/nodes/.cache/apps/net.corda.node.Corda_3.2-corda/annotations-13.0.jar:/home/parnika/workspace/checkgithubContri/PropertyListing/build/nodes/.cache/apps/net.corda.node.Corda_3.2-corda/jackson-annotations-2.9.0.jar:/home/parnika/workspace/checkgithubContri/PropertyListing/build/nodes/.cache/apps/net.corda.node.Corda_3.2-corda/snakeyaml-1.18.jar:/home/parnika/workspace/checkgithubContri/PropertyListing/build/nodes/.cache/apps/net.corda.node.Corda_3.2-corda/jackson-core-2.9.2.jar:/home/parnika/workspace/checkgithubContri/PropertyListing/build/nodes/.cache/apps/net.corda.node.Corda_3.2-corda/el-api-2.2.jar:/home/parnika/workspace/checkgithubContri/PropertyListing/build/nodes/.cache/apps/net.corda.node.Corda_3.2-corda/jboss-interceptors-api_1.1_spec-1.0.0.Beta1.jar:/home/parnika/workspace/checkgithubContri/PropertyListing/build/nodes/.cache/apps/net.corda.node.Corda_3.2-corda/jsr250-api-1.0.jar:/home/parnika/workspace/checkgithubContri/PropertyListing/build/nodes/.cache/apps/net.corda.node.Corda_3.2-corda/javax.inject-1.jar:/home/parnika/workspace/checkgithubContri/PropertyListing/build/nodes/.cache/apps/net.corda.node.Corda_3.2-corda/jpam-1.1.jar:/home/parnika/workspace/checkgithubContri/PropertyListing/build/nodes/.cache/apps/net.corda.node.Corda_3.2-corda/geronimo-jms_2.0_spec-1.0-alpha-2.jar:/home/parnika/workspace/checkgithubContri/PropertyListing/build/nodes/.cache/apps/net.corda.node.Corda_3.2-corda/asm-5.0.4.jar:/home/parnika/workspace/checkgithubContri/PropertyListing/build/nodes/.cache/apps/net.corda.node.Corda_3.2-corda/corda-node-3.2-corda.jar:/home/parnika/workspace/checkgithubContri/PropertyListing/build/nodes/.cache/apps/net.corda.node.Corda_3.2-corda/quasar-core-0.7.9-jdk8.jar {}
[INFO ] 2018-08-27T07:32:55,637Z [main] internal.Node.logStartupInfo - VM Java HotSpot(TM) 64-Bit Server VM Oracle Corporation 25.171-b11 {}
[INFO ] 2018-08-27T07:32:55,637Z [main] internal.Node.logStartupInfo - Machine: BCSLAPY-PARNIKA {}
[INFO ] 2018-08-27T07:32:55,638Z [main] internal.Node.logStartupInfo - Working Directory: /home/parnika/workspace/checkgithubContri/PropertyListing/build/nodes/PartyB {}
[INFO ] 2018-08-27T07:32:55,639Z [main] internal.Node.logStartupInfo - Starting as node on localhost:10008 {}
[INFO ] 2018-08-27T07:32:55,853Z [main] cordapp.CordappLoader.<init> - No CorDapp paths provided {}
[INFO ] 2018-08-27T07:32:56,156Z [main] internal.Node.generateAndSaveNodeInfo - Generating nodeInfo ... {}
[WARN ] 2018-08-27T07:32:56,156Z [main] internal.Node.initCertificate - Corda node is running in dev mode. {}
[INFO ] 2018-08-27T07:32:57,211Z [main] internal.Node.obtainIdentity - identity-private-key not found in key store /home/parnika/workspace/checkgithubContri/PropertyListing/build/nodes/PartyB/certificates/nodekeystore.jks, generating fresh key! {}
[INFO ] 2018-08-27T07:32:57,669Z [main] BasicInfo.printBasicNodeInfo - Database connection url is              : jdbc:h2:tcp://127.0.1.1:42215/node {}
[INFO ] 2018-08-27T07:32:57,855Z [main] hikari.HikariDataSource.<init> - HikariPool-1 - Started. {}
[INFO ] 2018-08-27T07:32:58,150Z [main] internal.Node.invoke - Connected to H2 database. {}
[INFO ] 2018-08-27T07:32:58,246Z [main] persistence.HibernateConfiguration.<init> - Init HibernateConfiguration for schemas: [CommonSchemaV1(name=net.corda.core.schemas.CommonSchema, version=1), VaultSchemaV1(name=net.corda.node.services.vault.VaultSchema, version=1), NodeInfoSchemaV1(name=net.corda.node.internal.schemas.NodeInfoSchema, version=1), NodeCoreV1(name=net.corda.node.services.schema.NodeSchemaService$NodeCore, version=1)] {}
[INFO ] 2018-08-27T07:32:58,248Z [main] persistence.HibernateConfiguration.makeSessionFactoryForSchemas - Creating session factory for schemas: [CommonSchemaV1(name=net.corda.core.schemas.CommonSchema, version=1), VaultSchemaV1(name=net.corda.node.services.vault.VaultSchema, version=1), NodeInfoSchemaV1(name=net.corda.node.internal.schemas.NodeInfoSchema, version=1), NodeCoreV1(name=net.corda.node.services.schema.NodeSchemaService$NodeCore, version=1)] {}
[INFO ] 2018-08-27T07:32:58,522Z [main] hibernate.Version.logVersion - HHH000412: Hibernate Core {5.2.6.Final} {}
[INFO ] 2018-08-27T07:32:58,524Z [main] cfg.Environment.<clinit> - HHH000206: hibernate.properties not found {}
[INFO ] 2018-08-27T07:32:58,610Z [main] common.Version.<clinit> - HCANN000001: Hibernate Commons Annotations {5.0.1.Final} {}
[INFO ] 2018-08-27T07:32:58,735Z [main] internal.ConnectionProviderInitiator.initiateService - HHH000130: Instantiating explicit connection provider: net.corda.nodeapi.internal.persistence.HibernateConfiguration$NodeDatabaseConnectionProvider {}
[INFO ] 2018-08-27T07:32:58,752Z [main] dialect.Dialect.<init> - HHH000400: Using dialect: org.hibernate.dialect.H2Dialect {}
[INFO ] 2018-08-27T07:32:58,993Z [main] type.BasicTypeRegistry.register - HHH000270: Type registration [materialized_blob] overrides previous : org.hibernate.type.MaterializedBlobType@e784320 {}
[INFO ] 2018-08-27T07:33:00,249Z [main] connections.access.getIsolatedConnection - HHH10001501: Connection obtained from JdbcConnectionAccess [org.hibernate.engine.jdbc.env.internal.JdbcEnvironmentInitiator$ConnectionProviderJdbcConnectionAccess@4b28a7bf] for (non-JTA) DDL execution was not in auto-commit mode; the Connection 'local transaction' will be committed and the Connection will be set into auto-commit mode. {}
[INFO ] 2018-08-27T07:33:00,335Z [main] persistence.HibernateConfiguration.makeSessionFactoryForSchemas - Created session factory for schemas: [CommonSchemaV1(name=net.corda.core.schemas.CommonSchema, version=1), VaultSchemaV1(name=net.corda.node.services.vault.VaultSchema, version=1), NodeInfoSchemaV1(name=net.corda.node.internal.schemas.NodeInfoSchema, version=1), NodeCoreV1(name=net.corda.node.services.schema.NodeSchemaService$NodeCore, version=1)] {}
[INFO ] 2018-08-27T07:33:00,510Z [main] internal.QueryTranslatorFactoryInitiator.initiateService - HHH000397: Using ASTQueryTranslatorFactory {}
[INFO ] 2018-08-27T07:33:00,639Z [main] internal.Node.updateNodeInfo - Node-info has changed so submitting update. Old node-info was null {}
[INFO ] 2018-08-27T07:33:00,639Z [main] network.PersistentNetworkMapCache.addNode - Adding node with info: NodeInfo(addresses=[localhost:10008], legalIdentitiesAndCerts=[O=PartyB, L=New York, C=US], platformVersion=3, serial=1535355180639) {}
[INFO ] 2018-08-27T07:33:00,667Z [main] network.PersistentNetworkMapCache.addNode - No previous node found {}
[INFO ] 2018-08-27T07:33:01,195Z [main] network.PersistentNetworkMapCache.addNode - Done adding node with info: NodeInfo(addresses=[localhost:10008], legalIdentitiesAndCerts=[O=PartyB, L=New York, C=US], platformVersion=3, serial=1535355180639) {}
[INFO ] 2018-08-27T07:33:01,196Z [main] internal.Node.updateNodeInfo - New node-info: NodeInfo(addresses=[localhost:10008], legalIdentitiesAndCerts=[O=PartyB, L=New York, C=US], platformVersion=3, serial=1535355180639) {}
[INFO ] 2018-08-27T07:33:01,491Z [main] internal.Node.run - Node exiting successfully {}
[INFO ] 2018-08-27T07:34:16,221Z [main] manifests.Manifests.info - 111 attributes loaded from 127 stream(s) in 764ms, 111 saved, 1970 ignored: ["ActiveMQ-Version", "Agent-Class", "Ant-Version", "Application-Class", "Application-Library-Allowable-Codebase", "Application-Name", "Application-Version", "Archiver-Version", "Automatic-Module-Name", "Bnd-LastModified", "Branch", "Build-Date", "Build-Host", "Build-Id", "Build-Java-Version", "Build-Jdk", "Build-Job", "Build-Number", "Build-Timestamp", "Built-By", "Built-OS", "Built-Status", "Bundle-Activator", "Bundle-Category", "Bundle-ClassPath", "Bundle-Copyright", "Bundle-Description", "Bundle-DocURL", "Bundle-License", "Bundle-ManifestVersion", "Bundle-Name", "Bundle-RequiredExecutionEnvironment", "Bundle-SymbolicName", "Bundle-Vendor", "Bundle-Version", "Caller-Allowable-Codebase", "Can-Redefine-Classes", "Can-Retransform-Classes", "Can-Set-Native-Method-Prefix", "Caplets", "Change", "Codebase", "Corda-Platform-Version", "Corda-Release-Version", "Corda-Revision", "Corda-Vendor", "Created-By", "DynamicImport-Package", "Eclipse-BuddyPolicy", "Eclipse-LazyStart", "Export-Package", "Extension-Name", "Fragment-Host", "Gradle-Version", "Ignore-Package", "Implementation-Build", "Implementation-Build-Date", "Implementation-Title", "Implementation-URL", "Implementation-Url", "Implementation-Vendor", "Implementation-Vendor-Id", "Implementation-Version", "Import-Package", "Include-Resource", "JCabi-Build", "JCabi-Date", "JCabi-Version", "JVM-Args", "Java-Agents", "Java-Vendor", "Java-Version", "Kotlin-Runtime-Component", "Kotlin-Version", "Log4jReleaseKey", "Log4jReleaseManager", "Log4jReleaseVersion", "Main-Class", "Main-class", "Manifest-Version", "Min-Java-Version", "Min-Update-Version", "Module-Email", "Module-Origin", "Module-Owner", "Module-Source", "Multi-Release", "Originally-Created-By", "Os-Arch", "Os-Name", "Os-Version", "Package", "Permissions", "Premain-Class", "Private-Package", "Provide-Capability", "Require-Capability", "SCM-Revision", "SCM-url", "Scm-Connection", "Scm-Revision", "Scm-Url", "Service-Component", "Specification-Title", "Specification-Vendor", "Specification-Version", "System-Properties", "Tool", "Trusted-Library", "X-Compile-Source-JDK", "X-Compile-Target-JDK"] {}
[INFO ] 2018-08-27T07:34:16,967Z [main] BasicInfo.printBasicNodeInfo - Logs can be found in                    : /home/parnika/workspace/checkgithubContri/PropertyListing/build/nodes/PartyB/logs {}
[INFO ] 2018-08-27T07:34:17,262Z [main] config.ConfigHelper.loadConfig - Config:
{
    # reference.conf @ jar:file:/home/parnika/workspace/checkgithubContri/PropertyListing/build/nodes/PartyB/corda.jar!/reference.conf: 20
    "activeMQServer" : {
        # reference.conf @ jar:file:/home/parnika/workspace/checkgithubContri/PropertyListing/build/nodes/PartyB/corda.jar!/reference.conf: 21
        "bridge" : {
            # reference.conf @ jar:file:/home/parnika/workspace/checkgithubContri/PropertyListing/build/nodes/PartyB/corda.jar!/reference.conf: 24
            "maxRetryIntervalMin" : 3,
            # reference.conf @ jar:file:/home/parnika/workspace/checkgithubContri/PropertyListing/build/nodes/PartyB/corda.jar!/reference.conf: 22
            "retryIntervalMs" : 5000,
            # reference.conf @ jar:file:/home/parnika/workspace/checkgithubContri/PropertyListing/build/nodes/PartyB/corda.jar!/reference.conf: 23
            "retryIntervalMultiplier" : 1.5
        }
    },
    # hardcoded value
    "baseDirectory" : "/home/parnika/workspace/checkgithubContri/PropertyListing/build/nodes/PartyB",
    # merge of reference.conf @ jar:file:/home/parnika/workspace/checkgithubContri/PropertyListing/build/nodes/PartyB/corda.jar!/reference.conf: 6,reference.conf @ jar:file:/home/parnika/.capsule/apps/net.corda.node.Corda_3.2-corda/corda-node-3.2-corda.jar!/reference.conf: 6
    "dataSourceProperties" : {
        # reference.conf @ jar:file:/home/parnika/workspace/checkgithubContri/PropertyListing/build/nodes/PartyB/corda.jar!/reference.conf: 10
        "dataSource.password" : "",
        # merge of reference.conf @ jar:file:/home/parnika/workspace/checkgithubContri/PropertyListing/build/nodes/PartyB/corda.jar!/reference.conf: 8,hardcoded value,reference.conf @ jar:file:/home/parnika/workspace/checkgithubContri/PropertyListing/build/nodes/PartyB/corda.jar!/reference.conf: 8,reference.conf @ jar:file:/home/parnika/workspace/checkgithubContri/PropertyListing/build/nodes/PartyB/corda.jar!/reference.conf: 17
        "dataSource.url" : "jdbc:h2:file:/home/parnika/workspace/checkgithubContri/PropertyListing/build/nodes/PartyB/persistence;DB_CLOSE_ON_EXIT=FALSE;LOCK_TIMEOUT=10000;WRITE_DELAY=100;AUTO_SERVER_PORT=0",
        # reference.conf @ jar:file:/home/parnika/workspace/checkgithubContri/PropertyListing/build/nodes/PartyB/corda.jar!/reference.conf: 9
        "dataSource.user" : "sa",
        # reference.conf @ jar:file:/home/parnika/workspace/checkgithubContri/PropertyListing/build/nodes/PartyB/corda.jar!/reference.conf: 7
        "dataSourceClassName" : "org.h2.jdbcx.JdbcDataSource"
    },
    # reference.conf @ jar:file:/home/parnika/workspace/checkgithubContri/PropertyListing/build/nodes/PartyB/corda.jar!/reference.conf: 12
    "database" : {
        # reference.conf @ jar:file:/home/parnika/workspace/checkgithubContri/PropertyListing/build/nodes/PartyB/corda.jar!/reference.conf: 14
        "exportHibernateJMXStatistics" : "false",
        # reference.conf @ jar:file:/home/parnika/workspace/checkgithubContri/PropertyListing/build/nodes/PartyB/corda.jar!/reference.conf: 13
        "transactionIsolationLevel" : "REPEATABLE_READ"
    },
    # reference.conf @ jar:file:/home/parnika/workspace/checkgithubContri/PropertyListing/build/nodes/PartyB/corda.jar!/reference.conf: 16
    "devMode" : true,
    # reference.conf @ jar:file:/home/parnika/workspace/checkgithubContri/PropertyListing/build/nodes/PartyB/corda.jar!/reference.conf: 2
    "emailAddress" : "admin@company.com",
    # reference.conf @ jar:file:/home/parnika/workspace/checkgithubContri/PropertyListing/build/nodes/PartyB/corda.jar!/reference.conf: 3
    "exportJMXto" : "http",
    # reference.conf @ jar:file:/home/parnika/workspace/checkgithubContri/PropertyListing/build/nodes/PartyB/corda.jar!/reference.conf: 17
    "h2port" : 0,
    # reference.conf @ jar:file:/home/parnika/workspace/checkgithubContri/PropertyListing/build/nodes/PartyB/corda.jar!/reference.conf: 4
    "keyStorePassword" : "cordacadevpass",
    # /home/parnika/workspace/checkgithubContri/PropertyListing/build/nodes/PartyB/node.conf: 1
    "myLegalName" : "O=PartyB,L=New York,C=US",
    # /home/parnika/workspace/checkgithubContri/PropertyListing/build/nodes/PartyB/node.conf: 2
    "p2pAddress" : "localhost:10008",
    # merge of /home/parnika/workspace/checkgithubContri/PropertyListing/build/nodes/PartyB/node.conf: 3,reference.conf @ jar:file:/home/parnika/workspace/checkgithubContri/PropertyListing/build/nodes/PartyB/corda.jar!/reference.conf: 27
    "rpcSettings" : {
        # /home/parnika/workspace/checkgithubContri/PropertyListing/build/nodes/PartyB/node.conf: 4
        "address" : "localhost:10009",
        # /home/parnika/workspace/checkgithubContri/PropertyListing/build/nodes/PartyB/node.conf: 5
        "adminAddress" : "localhost:10049",
        # reference.conf @ jar:file:/home/parnika/workspace/checkgithubContri/PropertyListing/build/nodes/PartyB/corda.jar!/reference.conf: 29
        "standAloneBroker" : false,
        # reference.conf @ jar:file:/home/parnika/workspace/checkgithubContri/PropertyListing/build/nodes/PartyB/corda.jar!/reference.conf: 28
        "useSsl" : false
    },
    # /home/parnika/workspace/checkgithubContri/PropertyListing/build/nodes/PartyB/node.conf: 7
    "rpcUsers" : [
        # /home/parnika/workspace/checkgithubContri/PropertyListing/build/nodes/PartyB/node.conf: 8
        {
            # /home/parnika/workspace/checkgithubContri/PropertyListing/build/nodes/PartyB/node.conf: 9
            "password" : "test",
            # /home/parnika/workspace/checkgithubContri/PropertyListing/build/nodes/PartyB/node.conf: 10
            "permissions" : [
                # /home/parnika/workspace/checkgithubContri/PropertyListing/build/nodes/PartyB/node.conf: 11
                "ALL"
            ],
            # /home/parnika/workspace/checkgithubContri/PropertyListing/build/nodes/PartyB/node.conf: 13
            "user" : "user1"
        }
    ],
    # reference.conf @ jar:file:/home/parnika/workspace/checkgithubContri/PropertyListing/build/nodes/PartyB/corda.jar!/reference.conf: 5
    "trustStorePassword" : "trustpass",
    # reference.conf @ jar:file:/home/parnika/workspace/checkgithubContri/PropertyListing/build/nodes/PartyB/corda.jar!/reference.conf: 18
    "useTestClock" : false,
    # reference.conf @ jar:file:/home/parnika/workspace/checkgithubContri/PropertyListing/build/nodes/PartyB/corda.jar!/reference.conf: 19
    "verifierType" : "InMemory",
    # /home/parnika/workspace/checkgithubContri/PropertyListing/build/nodes/PartyB/node.conf: 16
    "webAddress" : "localhost:10010"
}
 {}
[WARN ] 2018-08-27T07:34:19,428Z [main] internal.config.defaultToOldPath - Config key user has been deprecated and will be removed in a future release. Use username instead {}
[INFO ] 2018-08-27T07:34:19,561Z [main] internal.Node.logStartupInfo - Vendor: Corda Open Source {}
[INFO ] 2018-08-27T07:34:19,561Z [main] internal.Node.logStartupInfo - Release: 3.2-corda {}
[INFO ] 2018-08-27T07:34:19,562Z [main] internal.Node.logStartupInfo - Platform Version: 3 {}
[INFO ] 2018-08-27T07:34:19,562Z [main] internal.Node.logStartupInfo - Revision: 5ae8325980ad22df8146b983afeaca344fc03c3e {}
[INFO ] 2018-08-27T07:34:19,562Z [main] internal.Node.logStartupInfo - PID: 31949 {}
[INFO ] 2018-08-27T07:34:19,563Z [main] internal.Node.logStartupInfo - Main class: /home/parnika/.capsule/apps/net.corda.node.Corda_3.2-corda/corda-node-3.2-corda.jar {}
[INFO ] 2018-08-27T07:34:19,563Z [main] internal.Node.logStartupInfo - CommandLine Args: -Xmx200m -XX:+UseG1GC -agentlib:jdwp=transport=dt_socket,server=y,suspend=n,address=5007 -javaagent:drivers/jolokia-jvm-1.3.7-agent.jar=port=7007,logHandlerClass=net.corda.node.JolokiaSlf4Adapter -javaagent:/home/parnika/.capsule/apps/net.corda.node.Corda_3.2-corda/quasar-core-0.7.9-jdk8.jar=x(antlr**;bftsmart**;ch**;co.paralleluniverse**;com.codahale**;com.esotericsoftware**;com.fasterxml**;com.google**;com.ibm**;com.intellij**;com.jcabi**;com.nhaarman**;com.opengamma**;com.typesafe**;com.zaxxer**;de.javakaffee**;groovy**;groovyjarjarantlr**;groovyjarjarasm**;io.atomix**;io.github**;io.netty**;jdk**;joptsimple**;junit**;kotlin**;net.bytebuddy**;net.i2p**;org.apache**;org.assertj**;org.bouncycastle**;org.codehaus**;org.crsh**;org.dom4j**;org.fusesource**;org.h2**;org.hamcrest**;org.hibernate**;org.jboss**;org.jcp**;org.joda**;org.junit**;org.mockito**;org.objectweb**;org.objenesis**;org.slf4j**;org.w3c**;org.xml**;org.yaml**;reflectasm**;rx**;org.jolokia**) -Dvisualvm.display.name=Corda -Djava.library.path=/usr/java/packages/lib/amd64:/usr/lib64:/lib64:/lib:/usr/lib:/home/parnika/.capsule/apps/net.corda.node.Corda_3.2-corda -Dcapsule.app=net.corda.node.Corda_3.2-corda -Dname=PartyB-corda.jar -Dcapsule.dir=/home/parnika/.capsule/apps/net.corda.node.Corda_3.2-corda -Dcapsule.jar=/home/parnika/workspace/checkgithubContri/PropertyListing/build/nodes/PartyB/corda.jar {}
[INFO ] 2018-08-27T07:34:19,563Z [main] internal.Node.logStartupInfo - Application Args:  {}
[INFO ] 2018-08-27T07:34:19,563Z [main] internal.Node.logStartupInfo - bootclasspath: /usr/lib/jvm/java-8-oracle/jre/lib/resources.jar:/usr/lib/jvm/java-8-oracle/jre/lib/rt.jar:/usr/lib/jvm/java-8-oracle/jre/lib/sunrsasign.jar:/usr/lib/jvm/java-8-oracle/jre/lib/jsse.jar:/usr/lib/jvm/java-8-oracle/jre/lib/jce.jar:/usr/lib/jvm/java-8-oracle/jre/lib/charsets.jar:/usr/lib/jvm/java-8-oracle/jre/lib/jfr.jar:/usr/lib/jvm/java-8-oracle/jre/classes {}
[INFO ] 2018-08-27T07:34:19,564Z [main] internal.Node.logStartupInfo - classpath: /home/parnika/workspace/checkgithubContri/PropertyListing/build/nodes/PartyB/corda.jar:/home/parnika/.capsule/apps/net.corda.node.Corda_3.2-corda/corda-rpc-3.2-corda.jar:/home/parnika/.capsule/apps/net.corda.node.Corda_3.2-corda/corda-node-api-3.2-corda.jar:/home/parnika/.capsule/apps/net.corda.node.Corda_3.2-corda/corda-confidential-identities-3.2-corda.jar:/home/parnika/.capsule/apps/net.corda.node.Corda_3.2-corda/cordform-common-3.1.0.jar:/home/parnika/.capsule/apps/net.corda.node.Corda_3.2-corda/log4j-slf4j-impl-2.9.1.jar:/home/parnika/.capsule/apps/net.corda.node.Corda_3.2-corda/log4j-web-2.9.1.jar:/home/parnika/.capsule/apps/net.corda.node.Corda_3.2-corda/jul-to-slf4j-1.7.25.jar:/home/parnika/.capsule/apps/net.corda.node.Corda_3.2-corda/corda-jackson-3.2-corda.jar:/home/parnika/.capsule/apps/net.corda.node.Corda_3.2-corda/corda-core-3.2-corda.jar:/home/parnika/.capsule/apps/net.corda.node.Corda_3.2-corda/kotlin-stdlib-jre8-1.1.60.jar:/home/parnika/.capsule/apps/net.corda.node.Corda_3.2-corda/jackson-module-kotlin-2.9.2.jar:/home/parnika/.capsule/apps/net.corda.node.Corda_3.2-corda/kotlin-reflect-1.1.60.jar:/home/parnika/.capsule/apps/net.corda.node.Corda_3.2-corda/jimfs-1.1.jar:/home/parnika/.capsule/apps/net.corda.node.Corda_3.2-corda/artemis-amqp-protocol-2.2.0.jar:/home/parnika/.capsule/apps/net.corda.node.Corda_3.2-corda/artemis-server-2.2.0.jar:/home/parnika/.capsule/apps/net.corda.node.Corda_3.2-corda/artemis-jdbc-store-2.2.0.jar:/home/parnika/.capsule/apps/net.corda.node.Corda_3.2-corda/artemis-jms-client-2.2.0.jar:/home/parnika/.capsule/apps/net.corda.node.Corda_3.2-corda/artemis-core-client-2.2.0.jar:/home/parnika/.capsule/apps/net.corda.node.Corda_3.2-corda/artemis-journal-2.2.0.jar:/home/parnika/.capsule/apps/net.corda.node.Corda_3.2-corda/artemis-commons-2.2.0.jar:/home/parnika/.capsule/apps/net.corda.node.Corda_3.2-corda/guava-21.0.jar:/home/parnika/.capsule/apps/net.corda.node.Corda_3.2-corda/jopt-simple-5.0.2.jar:/home/parnika/.capsule/apps/net.corda.node.Corda_3.2-corda/commons-collections4-4.1.jar:/home/parnika/.capsule/apps/net.corda.node.Corda_3.2-corda/shiro-core-1.4.0.jar:/home/parnika/.capsule/apps/net.corda.node.Corda_3.2-corda/shiro-config-ogdl-1.4.0.jar:/home/parnika/.capsule/apps/net.corda.node.Corda_3.2-corda/commons-beanutils-1.9.3.jar:/home/parnika/.capsule/apps/net.corda.node.Corda_3.2-corda/jansi-1.14.jar:/home/parnika/.capsule/apps/net.corda.node.Corda_3.2-corda/jcabi-manifests-1.1.jar:/home/parnika/.capsule/apps/net.corda.node.Corda_3.2-corda/forms_rt-7.0.3.jar:/home/parnika/.capsule/apps/net.corda.node.Corda_3.2-corda/metrics-core-3.1.2.jar:/home/parnika/.capsule/apps/net.corda.node.Corda_3.2-corda/config-1.3.1.jar:/home/parnika/.capsule/apps/net.corda.node.Corda_3.2-corda/h2-1.4.194.jar:/home/parnika/.capsule/apps/net.corda.node.Corda_3.2-corda/postgresql-42.1.4.jar:/home/parnika/.capsule/apps/net.corda.node.Corda_3.2-corda/HikariCP-2.5.1.jar:/home/parnika/.capsule/apps/net.corda.node.Corda_3.2-corda/hibernate-java8-5.2.6.Final.jar:/home/parnika/.capsule/apps/net.corda.node.Corda_3.2-corda/hibernate-core-5.2.6.Final.jar:/home/parnika/.capsule/apps/net.corda.node.Corda_3.2-corda/copycat-client-1.2.3.jar:/home/parnika/.capsule/apps/net.corda.node.Corda_3.2-corda/copycat-server-1.2.3.jar:/home/parnika/.capsule/apps/net.corda.node.Corda_3.2-corda/catalyst-netty-1.1.2.jar:/home/parnika/.capsule/apps/net.corda.node.Corda_3.2-corda/netty-all-4.1.9.Final.jar:/home/parnika/.capsule/apps/net.corda.node.Corda_3.2-corda/crash.connectors.ssh-cadb53544fbb3c0fb901445da614998a6a419488.jar:/home/parnika/.capsule/apps/net.corda.node.Corda_3.2-corda/crash.shell-cadb53544fbb3c0fb901445da614998a6a419488.jar:/home/parnika/.capsule/apps/net.corda.node.Corda_3.2-corda/okhttp-3.5.0.jar:/home/parnika/.capsule/apps/net.corda.node.Corda_3.2-corda/commons-codec-1.10.jar:/home/parnika/.capsule/apps/net.corda.node.Corda_3.2-corda/library-master-v1.1-beta-g6215ec8-87.jar:/home/parnika/.capsule/apps/net.corda.node.Corda_3.2-corda/jolokia-jvm-1.6.0-agent.jar:/home/parnika/.capsule/apps/net.corda.node.Corda_3.2-corda/quasar-core-0.7.9-jdk8.jar:/home/parnika/.capsule/apps/net.corda.node.Corda_3.2-corda/commons-fileupload-1.3.3.jar:/home/parnika/.capsule/apps/net.corda.node.Corda_3.2-corda/kryo-serializers-0.41.jar:/home/parnika/.capsule/apps/net.corda.node.Corda_3.2-corda/kryo-4.0.0.jar:/home/parnika/.capsule/apps/net.corda.node.Corda_3.2-corda/proton-j-0.21.0.jar:/home/parnika/.capsule/apps/net.corda.node.Corda_3.2-corda/fast-classpath-scanner-2.12.3.jar:/home/parnika/.capsule/apps/net.corda.node.Corda_3.2-corda/jsr305-3.0.2.jar:/home/parnika/.capsule/apps/net.corda.node.Corda_3.2-corda/jcabi-log-0.14.jar:/home/parnika/.capsule/apps/net.corda.node.Corda_3.2-corda/copycat-protocol-1.2.3.jar:/home/parnika/.capsule/apps/net.corda.node.Corda_3.2-corda/catalyst-transport-1.1.2.jar:/home/parnika/.capsule/apps/net.corda.node.Corda_3.2-corda/mina-core-2.0.16.jar:/home/parnika/.capsule/apps/net.corda.node.Corda_3.2-corda/shiro-cache-1.4.0.jar:/home/parnika/.capsule/apps/net.corda.node.Corda_3.2-corda/shiro-crypto-hash-1.4.0.jar:/home/parnika/.capsule/apps/net.corda.node.Corda_3.2-corda/shiro-crypto-cipher-1.4.0.jar:/home/parnika/.capsule/apps/net.corda.node.Corda_3.2-corda/shiro-config-core-1.4.0.jar:/home/parnika/.capsule/apps/net.corda.node.Corda_3.2-corda/shiro-event-1.4.0.jar:/home/parnika/.capsule/apps/net.corda.node.Corda_3.2-corda/shiro-crypto-core-1.4.0.jar:/home/parnika/.capsule/apps/net.corda.node.Corda_3.2-corda/shiro-lang-1.4.0.jar:/home/parnika/.capsule/apps/net.corda.node.Corda_3.2-corda/jcl-over-slf4j-1.7.25.jar:/home/parnika/.capsule/apps/net.corda.node.Corda_3.2-corda/catalyst-concurrent-1.1.2.jar:/home/parnika/.capsule/apps/net.corda.node.Corda_3.2-corda/catalyst-serializer-1.1.2.jar:/home/parnika/.capsule/apps/net.corda.node.Corda_3.2-corda/catalyst-buffer-1.1.2.jar:/home/parnika/.capsule/apps/net.corda.node.Corda_3.2-corda/catalyst-common-1.1.2.jar:/home/parnika/.capsule/apps/net.corda.node.Corda_3.2-corda/sshd-pam-0.11.0.jar:/home/parnika/.capsule/apps/net.corda.node.Corda_3.2-corda/sshd-core-1.6.0.jar:/home/parnika/.capsule/apps/net.corda.node.Corda_3.2-corda/slf4j-api-1.7.25.jar:/home/parnika/.capsule/apps/net.corda.node.Corda_3.2-corda/log4j-core-2.9.1.jar:/home/parnika/.capsule/apps/net.corda.node.Corda_3.2-corda/log4j-api-2.9.1.jar:/home/parnika/.capsule/apps/net.corda.node.Corda_3.2-corda/kotlin-stdlib-jre7-1.1.60.jar:/home/parnika/.capsule/apps/net.corda.node.Corda_3.2-corda/kotlin-stdlib-1.1.60.jar:/home/parnika/.capsule/apps/net.corda.node.Corda_3.2-corda/commons-collections-3.2.2.jar:/home/parnika/.capsule/apps/net.corda.node.Corda_3.2-corda/hibernate-commons-annotations-5.0.1.Final.jar:/home/parnika/.capsule/apps/net.corda.node.Corda_3.2-corda/artemis-native-2.2.0.jar:/home/parnika/.capsule/apps/net.corda.node.Corda_3.2-corda/jboss-logging-3.3.0.Final.jar:/home/parnika/.capsule/apps/net.corda.node.Corda_3.2-corda/artemis-selector-2.2.0.jar:/home/parnika/.capsule/apps/net.corda.node.Corda_3.2-corda/jgroups-3.6.13.Final.jar:/home/parnika/.capsule/apps/net.corda.node.Corda_3.2-corda/geronimo-json_1.0_spec-1.0-alpha-1.jar:/home/parnika/.capsule/apps/net.corda.node.Corda_3.2-corda/johnzon-core-0.9.5.jar:/home/parnika/.capsule/apps/net.corda.node.Corda_3.2-corda/forms-1.1-preview.jar:/home/parnika/.capsule/apps/net.corda.node.Corda_3.2-corda/jdom-1.0.jar:/home/parnika/.capsule/apps/net.corda.node.Corda_3.2-corda/jackson-dataformat-yaml-2.9.2.jar:/home/parnika/.capsule/apps/net.corda.node.Corda_3.2-corda/jackson-datatype-jsr310-2.9.2.jar:/home/parnika/.capsule/apps/net.corda.node.Corda_3.2-corda/hibernate-jpa-2.1-api-1.0.0.Final.jar:/home/parnika/.capsule/apps/net.corda.node.Corda_3.2-corda/javassist-3.20.0-GA.jar:/home/parnika/.capsule/apps/net.corda.node.Corda_3.2-corda/antlr-2.7.7.jar:/home/parnika/.capsule/apps/net.corda.node.Corda_3.2-corda/geronimo-jta_1.1_spec-1.1.1.jar:/home/parnika/.capsule/apps/net.corda.node.Corda_3.2-corda/jandex-2.0.3.Final.jar:/home/parnika/.capsule/apps/net.corda.node.Corda_3.2-corda/classmate-1.3.0.jar:/home/parnika/.capsule/apps/net.corda.node.Corda_3.2-corda/dom4j-1.6.1.jar:/home/parnika/.capsule/apps/net.corda.node.Corda_3.2-corda/cdi-api-1.1.jar:/home/parnika/.capsule/apps/net.corda.node.Corda_3.2-corda/crash.cli-cadb53544fbb3c0fb901445da614998a6a419488.jar:/home/parnika/.capsule/apps/net.corda.node.Corda_3.2-corda/groovy-all-1.8.9.jar:/home/parnika/.capsule/apps/net.corda.node.Corda_3.2-corda/okio-1.11.0.jar:/home/parnika/.capsule/apps/net.corda.node.Corda_3.2-corda/jolokia-core-1.6.0.jar:/home/parnika/.capsule/apps/net.corda.node.Corda_3.2-corda/json-simple-1.1.1.jar:/home/parnika/.capsule/apps/net.corda.node.Corda_3.2-corda/rxjava-1.2.4.jar:/home/parnika/.capsule/apps/net.corda.node.Corda_3.2-corda/commons-jexl3-3.0.jar:/home/parnika/.capsule/apps/net.corda.node.Corda_3.2-corda/jackson-databind-2.9.2.jar:/home/parnika/.capsule/apps/net.corda.node.Corda_3.2-corda/eddsa-0.2.0.jar:/home/parnika/.capsule/apps/net.corda.node.Corda_3.2-corda/bcpkix-jdk15on-1.57.jar:/home/parnika/.capsule/apps/net.corda.node.Corda_3.2-corda/bcprov-jdk15on-1.57.jar:/home/parnika/.capsule/apps/net.corda.node.Corda_3.2-corda/commons-io-2.2.jar:/home/parnika/.capsule/apps/net.corda.node.Corda_3.2-corda/reflectasm-1.11.3.jar:/home/parnika/.capsule/apps/net.corda.node.Corda_3.2-corda/minlog-1.3.0.jar:/home/parnika/.capsule/apps/net.corda.node.Corda_3.2-corda/objenesis-2.2.jar:/home/parnika/.capsule/apps/net.corda.node.Corda_3.2-corda/annotations-13.0.jar:/home/parnika/.capsule/apps/net.corda.node.Corda_3.2-corda/jackson-annotations-2.9.0.jar:/home/parnika/.capsule/apps/net.corda.node.Corda_3.2-corda/snakeyaml-1.18.jar:/home/parnika/.capsule/apps/net.corda.node.Corda_3.2-corda/jackson-core-2.9.2.jar:/home/parnika/.capsule/apps/net.corda.node.Corda_3.2-corda/el-api-2.2.jar:/home/parnika/.capsule/apps/net.corda.node.Corda_3.2-corda/jboss-interceptors-api_1.1_spec-1.0.0.Beta1.jar:/home/parnika/.capsule/apps/net.corda.node.Corda_3.2-corda/jsr250-api-1.0.jar:/home/parnika/.capsule/apps/net.corda.node.Corda_3.2-corda/javax.inject-1.jar:/home/parnika/.capsule/apps/net.corda.node.Corda_3.2-corda/jpam-1.1.jar:/home/parnika/.capsule/apps/net.corda.node.Corda_3.2-corda/geronimo-jms_2.0_spec-1.0-alpha-2.jar:/home/parnika/.capsule/apps/net.corda.node.Corda_3.2-corda/asm-5.0.4.jar:/home/parnika/.capsule/apps/net.corda.node.Corda_3.2-corda/corda-node-3.2-corda.jar:/home/parnika/workspace/checkgithubContri/PropertyListing/build/nodes/PartyB/cordapps/PropertyListing-0.1.jar:/home/parnika/workspace/checkgithubContri/PropertyListing/build/nodes/PartyB/cordapps/cordapp-contracts-states-0.1.jar:/home/parnika/workspace/checkgithubContri/PropertyListing/build/nodes/PartyB/cordapps/cordapp-0.1.jar:drivers/jolokia-jvm-1.3.7-agent.jar:/home/parnika/.capsule/apps/net.corda.node.Corda_3.2-corda/quasar-core-0.7.9-jdk8.jar {}
[INFO ] 2018-08-27T07:34:19,565Z [main] internal.Node.logStartupInfo - VM Java HotSpot(TM) 64-Bit Server VM Oracle Corporation 25.171-b11 {}
[INFO ] 2018-08-27T07:34:19,565Z [main] internal.Node.logStartupInfo - Machine: BCSLAPY-PARNIKA {}
[INFO ] 2018-08-27T07:34:19,566Z [main] internal.Node.logStartupInfo - Working Directory: /home/parnika/workspace/checkgithubContri/PropertyListing/build/nodes/PartyB {}
[INFO ] 2018-08-27T07:34:19,566Z [main] internal.Node.logStartupInfo - Debug port: dt_socket:5007 {}
[INFO ] 2018-08-27T07:34:19,567Z [main] internal.Node.logStartupInfo - Starting as node on localhost:10008 {}
[INFO ] 2018-08-27T07:34:19,873Z [main] cordapp.CordappLoader.<init> - Loading CorDapps from file:/home/parnika/workspace/checkgithubContri/PropertyListing/build/nodes/PartyB/cordapps/PropertyListing-0.1.jar, file:/home/parnika/workspace/checkgithubContri/PropertyListing/build/nodes/PartyB/cordapps/cordapp-contracts-states-0.1.jar, file:/home/parnika/workspace/checkgithubContri/PropertyListing/build/nodes/PartyB/cordapps/cordapp-0.1.jar {}
[INFO ] 2018-08-27T07:34:20,072Z [main] cordapp.CordappLoader.scanCordapp - Scanning CorDapp in file:/home/parnika/workspace/checkgithubContri/PropertyListing/build/nodes/PartyB/cordapps/PropertyListing-0.1.jar {}
[INFO ] 2018-08-27T07:34:20,440Z [main] cordapp.CordappLoader.scanCordapp - Scanning CorDapp in file:/home/parnika/workspace/checkgithubContri/PropertyListing/build/nodes/PartyB/cordapps/cordapp-contracts-states-0.1.jar {}
[INFO ] 2018-08-27T07:34:20,566Z [main] cordapp.CordappLoader.scanCordapp - Scanning CorDapp in file:/home/parnika/workspace/checkgithubContri/PropertyListing/build/nodes/PartyB/cordapps/cordapp-0.1.jar {}
[INFO ] 2018-08-27T07:34:21,218Z [main] internal.Node.start - Node starting up ... {}
[WARN ] 2018-08-27T07:34:21,219Z [main] internal.Node.initCertificate - Corda node is running in dev mode. {}
[INFO ] 2018-08-27T07:34:23,831Z [main] internal.NetworkParametersReader.retrieveNetworkParameters - Loaded network parameters: net.corda.core.internal.SignedDataWithCert@388d14e {}
[INFO ] 2018-08-27T07:34:25,299Z [main] BasicInfo.printBasicNodeInfo - Database connection url is              : jdbc:h2:tcp://127.0.1.1:44853/node {}
[INFO ] 2018-08-27T07:34:25,499Z [main] hikari.HikariDataSource.<init> - HikariPool-1 - Started. {}
[INFO ] 2018-08-27T07:34:26,334Z [main] internal.Node.invoke - Connected to H2 database. {}
[INFO ] 2018-08-27T07:34:26,447Z [main] persistence.HibernateConfiguration.<init> - Init HibernateConfiguration for schemas: [CommonSchemaV1(name=net.corda.core.schemas.CommonSchema, version=1), VaultSchemaV1(name=net.corda.node.services.vault.VaultSchema, version=1), NodeInfoSchemaV1(name=net.corda.node.internal.schemas.NodeInfoSchema, version=1), NodeCoreV1(name=net.corda.node.services.schema.NodeSchemaService$NodeCore, version=1), PropertySchema1(name=com.propertylisting.states.PropertySchema, version=1)] {}
[INFO ] 2018-08-27T07:34:26,449Z [main] persistence.HibernateConfiguration.makeSessionFactoryForSchemas - Creating session factory for schemas: [CommonSchemaV1(name=net.corda.core.schemas.CommonSchema, version=1), VaultSchemaV1(name=net.corda.node.services.vault.VaultSchema, version=1), NodeInfoSchemaV1(name=net.corda.node.internal.schemas.NodeInfoSchema, version=1), NodeCoreV1(name=net.corda.node.services.schema.NodeSchemaService$NodeCore, version=1), PropertySchema1(name=com.propertylisting.states.PropertySchema, version=1)] {}
[INFO ] 2018-08-27T07:34:26,675Z [main] hibernate.Version.logVersion - HHH000412: Hibernate Core {5.2.6.Final} {}
[INFO ] 2018-08-27T07:34:26,678Z [main] cfg.Environment.<clinit> - HHH000206: hibernate.properties not found {}
[INFO ] 2018-08-27T07:34:26,793Z [main] common.Version.<clinit> - HCANN000001: Hibernate Commons Annotations {5.0.1.Final} {}
[INFO ] 2018-08-27T07:34:27,014Z [main] internal.ConnectionProviderInitiator.initiateService - HHH000130: Instantiating explicit connection provider: net.corda.nodeapi.internal.persistence.HibernateConfiguration$NodeDatabaseConnectionProvider {}
[INFO ] 2018-08-27T07:34:27,054Z [main] dialect.Dialect.<init> - HHH000400: Using dialect: org.hibernate.dialect.H2Dialect {}
[INFO ] 2018-08-27T07:34:27,206Z [main] type.BasicTypeRegistry.register - HHH000270: Type registration [materialized_blob] overrides previous : org.hibernate.type.MaterializedBlobType@6775c0d1 {}
[INFO ] 2018-08-27T07:34:29,327Z [main] connections.access.getIsolatedConnection - HHH10001501: Connection obtained from JdbcConnectionAccess [org.hibernate.engine.jdbc.env.internal.JdbcEnvironmentInitiator$ConnectionProviderJdbcConnectionAccess@124ff64d] for (non-JTA) DDL execution was not in auto-commit mode; the Connection 'local transaction' will be committed and the Connection will be set into auto-commit mode. {}
[INFO ] 2018-08-27T07:34:29,719Z [main] persistence.HibernateConfiguration.makeSessionFactoryForSchemas - Created session factory for schemas: [CommonSchemaV1(name=net.corda.core.schemas.CommonSchema, version=1), VaultSchemaV1(name=net.corda.node.services.vault.VaultSchema, version=1), NodeInfoSchemaV1(name=net.corda.node.internal.schemas.NodeInfoSchema, version=1), NodeCoreV1(name=net.corda.node.services.schema.NodeSchemaService$NodeCore, version=1), PropertySchema1(name=com.propertylisting.states.PropertySchema, version=1)] {}
[INFO ] 2018-08-27T07:34:30,255Z [main] internal.QueryTranslatorFactoryInitiator.initiateService - HHH000397: Using ASTQueryTranslatorFactory {}
[INFO ] 2018-08-27T07:34:31,966Z [main] persistence.NodeAttachmentService.invoke - Stored new attachment 41EF3923C1CBC81B91F2F6DEA1343C1882C158F5A96429573CF3EF0F9B64C4F5 {}
[INFO ] 2018-08-27T07:34:32,099Z [main] security.RPCSecurityManagerImpl.buildImpl - Constructing realm from list of users in config [User(user1, permissions=[ALL])] {}
[INFO ] 2018-08-27T07:34:32,508Z [main] BasicInfo.printBasicNodeInfo - Advertised P2P messaging addresses      : localhost:10008 {}
[INFO ] 2018-08-27T07:34:32,517Z [main] BasicInfo.printBasicNodeInfo - RPC connection address                  : localhost:10009 {}
[INFO ] 2018-08-27T07:34:32,519Z [main] BasicInfo.printBasicNodeInfo - RPC admin connection address            : localhost:10049 {}
[INFO ] 2018-08-27T07:34:34,721Z [main] messaging.ArtemisMessagingServer.configureAndStartServer - P2P messaging server listening on port 10008 {}
[INFO ] 2018-08-27T07:34:36,503Z [main] internal.ArtemisMessagingClient.start - Connecting to message broker: localhost:10008 {}
[INFO ] 2018-08-27T07:34:37,575Z [main] internal.ArtemisMessagingClient.start - Connecting to message broker: localhost:10008 {}
[INFO ] 2018-08-27T07:34:38,006Z [main] internal.ArtemisMessagingClient.start - Connecting to message broker: localhost:10049 {}
[INFO ] 2018-08-27T07:34:38,362Z [main] messaging.P2PMessagingClient.start - Connecting to message broker: localhost:10008 {}
[INFO ] 2018-08-27T07:34:38,614Z [main] messaging.P2PMessagingClient.createQueueIfAbsent - Create fresh queue p2p.inbound.DLBwev8F28gQ3PPyAzY5AifbxS8sTBogpudqj2Dw5PvCky bound on same address {}
[INFO ] 2018-08-27T07:34:39,665Z [Thread-0 (ActiveMQ-client-global-threads)] bridging.BridgeControlListener.processControlMessage - Received bridge control message NodeToBridgeSnapshot(nodeIdentity=DLBwev8F28gQ3PPyAzY5AifbxS8sTBogpudqj2Dw5PvCky, inboxQueues=[p2p.inbound.DLBwev8F28gQ3PPyAzY5AifbxS8sTBogpudqj2Dw5PvCky], sendQueues=[]) {}
[INFO ] 2018-08-27T07:34:39,858Z [main] internal.Node.installCordaService - Installed com.propertylisting.flows.utils.CustomVaultService$Service Corda service {}
[INFO ] 2018-08-27T07:34:39,891Z [main] internal.Node.registerInitiatedFlowInternal - Registered com.propertylisting.flows.RequestPropertyListFlow$Initiator to initiate com.propertylisting.flows.SendPropertyListFlow (version 1) {}
[INFO ] 2018-08-27T07:34:39,892Z [main] internal.Node.registerInitiatedFlowInternal - Registered com.propertylisting.flows.StorePropertyListFlow$Initiator to initiate com.propertylisting.flows.StorePropertyListFlow$Responder (version 1) {}
[INFO ] 2018-08-27T07:34:41,143Z [main] plugin.PluginManager.getPlugins - Loaded plugin Plugin[type=SSHPlugin,interface=SSHPlugin] {}
[INFO ] 2018-08-27T07:34:41,146Z [main] plugin.PluginManager.getPlugins - Loaded plugin Plugin[type=SSHInlinePlugin,interface=CommandPlugin] {}
[INFO ] 2018-08-27T07:34:41,148Z [main] plugin.PluginManager.getPlugins - Loaded plugin Plugin[type=KeyAuthenticationPlugin,interface=KeyAuthenticationPlugin] {}
[INFO ] 2018-08-27T07:34:41,152Z [main] plugin.PluginManager.getPlugins - Loaded plugin Plugin[type=CRaSHShellFactory,interface=ShellFactory] {}
[INFO ] 2018-08-27T07:34:41,154Z [main] plugin.PluginManager.getPlugins - Loaded plugin Plugin[type=GroovyLanguageProxy,interface=Language] {}
[INFO ] 2018-08-27T07:34:41,156Z [main] plugin.PluginManager.getPlugins - Loaded plugin Plugin[type=JavaLanguage,interface=Language] {}
[INFO ] 2018-08-27T07:34:41,157Z [main] plugin.PluginManager.getPlugins - Loaded plugin Plugin[type=ScriptLanguage,interface=Language] {}
[INFO ] 2018-08-27T07:34:41,160Z [main] plugin.PluginManager.getPlugins - Loaded plugin Plugin[type=JaasAuthenticationPlugin,interface=AuthenticationPlugin] {}
[INFO ] 2018-08-27T07:34:41,162Z [main] plugin.PluginManager.getPlugins - Loaded plugin Plugin[type=SimpleAuthenticationPlugin,interface=AuthenticationPlugin] {}
[INFO ] 2018-08-27T07:34:41,168Z [main] ssh.SSHPlugin.init - Could not boot SSHD due to missing due to missing port configuration {}
[INFO ] 2018-08-27T07:34:41,168Z [main] plugin.PluginManager.getPlugins - Initialized plugin Plugin[type=SSHPlugin,interface=SSHPlugin] {}
[INFO ] 2018-08-27T07:34:41,169Z [main] plugin.PluginManager.getPlugins - Initialized plugin Plugin[type=SSHInlinePlugin,interface=CommandPlugin] {}
[INFO ] 2018-08-27T07:34:41,170Z [main] plugin.PluginManager.getPlugins - Initialized plugin Plugin[type=KeyAuthenticationPlugin,interface=KeyAuthenticationPlugin] {}
[INFO ] 2018-08-27T07:34:41,189Z [main] plugin.PluginManager.getPlugins - Initialized plugin Plugin[type=GroovyLanguageProxy,interface=Language] {}
[INFO ] 2018-08-27T07:34:41,189Z [main] plugin.PluginManager.getPlugins - Initialized plugin Plugin[type=ScriptLanguage,interface=Language] {}
[INFO ] 2018-08-27T07:34:41,199Z [main] plugin.PluginManager.getPlugins - Initialized plugin Plugin[type=CRaSHShellFactory,interface=ShellFactory] {}
[INFO ] 2018-08-27T07:34:41,200Z [main] plugin.PluginManager.getPlugins - Initialized plugin Plugin[type=JaasAuthenticationPlugin,interface=AuthenticationPlugin] {}
[INFO ] 2018-08-27T07:34:41,200Z [main] plugin.PluginManager.getPlugins - Initialized plugin Plugin[type=SimpleAuthenticationPlugin,interface=AuthenticationPlugin] {}
[INFO ] 2018-08-27T07:34:41,201Z [main] plugin.PluginManager.getPlugins - Initialized plugin Plugin[type=CordaAuthenticationPlugin,interface=AuthenticationPlugin] {}
[WARN ] 2018-08-27T07:34:42,802Z [main] utilities.AppendOnlyPersistentMapBase.set - Double insert in net.corda.node.utilities.AppendOnlyPersistentMap for entity class class net.corda.node.services.identity.PersistentIdentityService$PersistentIdentity key A2951ACA5ABEF8E10C7125F87265C8382D7CBEE030EA20CFA80CF8157DE18F2A, not inserting the second time {}
[INFO ] 2018-08-27T07:34:42,825Z [main] messaging.P2PMessagingClient.updateBridgesOnNetworkChange - Updating bridges on network map change: NodeInfo(addresses=[localhost:10008], legalIdentitiesAndCerts=[O=PartyB, L=New York, C=US], platformVersion=3, serial=1535355180639) {}
[INFO ] 2018-08-27T07:34:43,186Z [main] BasicInfo.printBasicNodeInfo - Loaded CorDapps                         : PropertyListing-0.1, cordapp-contracts-states-0.1, cordapp-0.1, corda-core-3.2-corda {}
[INFO ] 2018-08-27T07:34:43,192Z [main] BasicInfo.printBasicNodeInfo - Node for "PartyB" started up and registered in 29.71 sec {}
[INFO ] 2018-08-27T07:34:43,207Z [main] messaging.RPCServer.start - Starting RPC server with configuration RPCServerConfiguration(rpcThreadPoolSize=4, reapInterval=PT1S, deduplicationCacheExpiry=PT24H) {}
[INFO ] 2018-08-27T07:34:44,509Z [Thread-0 (ActiveMQ-client-global-threads)] messaging.RPCServer.clientArtemisMessageHandler - SUBMITTING {actor_id=user1, actor_owningIdentity=O=PartyB, L=New York, C=US, actor_store_id=NODE_CONFIG, invocation_id=006d1870-63a3-4525-8574-137463b59525, invocation_timestamp=2018-08-27T07:34:44.503Z, session_id=a3cba7ba-cfd7-4212-890a-62ecb4337007, session_timestamp=2018-08-27T07:34:36.673Z}
[INFO ] 2018-08-27T07:34:47,478Z [Thread-0 (ActiveMQ-client-global-threads)] messaging.RPCServer.clientArtemisMessageHandler - SUBMITTING {actor_id=user1, actor_owningIdentity=O=PartyB, L=New York, C=US, actor_store_id=NODE_CONFIG, invocation_id=06409feb-39a1-4bc7-9cec-a8bdd2e55d47, invocation_timestamp=2018-08-27T07:34:47.478Z, session_id=a3cba7ba-cfd7-4212-890a-62ecb4337007, session_timestamp=2018-08-27T07:34:36.673Z}
[INFO ] 2018-08-27T07:34:48,106Z [RxIoScheduler-2] network.PersistentNetworkMapCache.addNode - Adding node with info: NodeInfo(addresses=[localhost:10002], legalIdentitiesAndCerts=[O=Notary, L=London, C=GB], platformVersion=3, serial=1535355180681) {}
[INFO ] 2018-08-27T07:34:48,135Z [RxIoScheduler-2] network.PersistentNetworkMapCache.addNode - No previous node found {}
[INFO ] 2018-08-27T07:34:48,265Z [RxIoScheduler-2] messaging.P2PMessagingClient.updateBridgesOnNetworkChange - Updating bridges on network map change: NodeInfo(addresses=[localhost:10002], legalIdentitiesAndCerts=[O=Notary, L=London, C=GB], platformVersion=3, serial=1535355180681) {}
[INFO ] 2018-08-27T07:34:48,280Z [RxIoScheduler-2] network.PersistentNetworkMapCache.addNode - Done adding node with info: NodeInfo(addresses=[localhost:10002], legalIdentitiesAndCerts=[O=Notary, L=London, C=GB], platformVersion=3, serial=1535355180681) {}
[INFO ] 2018-08-27T07:34:48,280Z [RxIoScheduler-2] network.PersistentNetworkMapCache.addNode - Adding node with info: NodeInfo(addresses=[localhost:10008], legalIdentitiesAndCerts=[O=PartyB, L=New York, C=US], platformVersion=3, serial=1535355180639) {}
[INFO ] 2018-08-27T07:34:48,313Z [RxIoScheduler-2] network.PersistentNetworkMapCache.addNode - Previous node was identical to incoming one - doing nothing {}
[INFO ] 2018-08-27T07:34:48,314Z [RxIoScheduler-2] network.PersistentNetworkMapCache.addNode - Done adding node with info: NodeInfo(addresses=[localhost:10008], legalIdentitiesAndCerts=[O=PartyB, L=New York, C=US], platformVersion=3, serial=1535355180639) {}
[INFO ] 2018-08-27T07:34:48,314Z [RxIoScheduler-2] network.PersistentNetworkMapCache.addNode - Adding node with info: NodeInfo(addresses=[localhost:10005], legalIdentitiesAndCerts=[O=PartyA, L=London, C=GB], platformVersion=3, serial=1535355177974) {}
[INFO ] 2018-08-27T07:34:48,324Z [RxIoScheduler-2] network.PersistentNetworkMapCache.addNode - No previous node found {}
[INFO ] 2018-08-27T07:34:48,355Z [RxIoScheduler-2] messaging.P2PMessagingClient.updateBridgesOnNetworkChange - Updating bridges on network map change: NodeInfo(addresses=[localhost:10005], legalIdentitiesAndCerts=[O=PartyA, L=London, C=GB], platformVersion=3, serial=1535355177974) {}
[INFO ] 2018-08-27T07:34:48,362Z [RxIoScheduler-2] network.PersistentNetworkMapCache.addNode - Done adding node with info: NodeInfo(addresses=[localhost:10005], legalIdentitiesAndCerts=[O=PartyA, L=London, C=GB], platformVersion=3, serial=1535355177974) {}
[INFO ] 2018-08-27T07:35:45,202Z [Thread-0 (ActiveMQ-client-global-threads)] messaging.RPCServer.clientArtemisMessageHandler - SUBMITTING {actor_id=user1, actor_owningIdentity=O=PartyB, L=New York, C=US, actor_store_id=NODE_CONFIG, invocation_id=b2cf76a9-bafd-43ac-8e45-f116808ee567, invocation_timestamp=2018-08-27T07:35:45.202Z, session_id=a3cba7ba-cfd7-4212-890a-62ecb4337007, session_timestamp=2018-08-27T07:34:36.673Z}
[INFO ] 2018-08-27T07:35:45,244Z [Thread-0 (ActiveMQ-client-global-threads)] messaging.RPCServer.clientArtemisMessageHandler - SUBMITTING {actor_id=user1, actor_owningIdentity=O=PartyB, L=New York, C=US, actor_store_id=NODE_CONFIG, invocation_id=b3f089bd-53b1-417a-947b-acbfd59bf112, invocation_timestamp=2018-08-27T07:35:45.244Z, session_id=a3cba7ba-cfd7-4212-890a-62ecb4337007, session_timestamp=2018-08-27T07:34:36.673Z}
[INFO ] 2018-08-27T07:35:45,404Z [Node thread-1] flow.[3eafab77-b0fe-491a-9803-a801b2362abb].initiateSession - Initiating flow session with party O=PartyA, L=London, C=GB. Session id for tracing purposes is SessionId(toLong=-4045356622334123209). {}
[INFO ] 2018-08-27T07:35:45,506Z [Messaging DLBwev8F28gQ3PPyAzY5AifbxS8sTBogpudqj2Dw5PvCky] messaging.P2PMessagingClient.createQueueIfAbsent - Create fresh queue internal.peers.DLE6qjEFayMPGx9RQRu876Jw9v36muUtHBEBkpkXbk2oiu bound on same address {}
[INFO ] 2018-08-27T07:35:45,562Z [Thread-0 (ActiveMQ-client-global-threads)] bridging.BridgeControlListener.processControlMessage - Received bridge control message Create(nodeIdentity=DLBwev8F28gQ3PPyAzY5AifbxS8sTBogpudqj2Dw5PvCky, bridgeInfo=BridgeEntry(queueName=internal.peers.DLE6qjEFayMPGx9RQRu876Jw9v36muUtHBEBkpkXbk2oiu, targets=[localhost:10005], legalNames=[O=PartyA, L=London, C=GB])) {actor_id=user1, actor_owningIdentity=O=PartyB, L=New York, C=US, actor_store_id=NODE_CONFIG, invocation_id=b3f089bd-53b1-417a-947b-acbfd59bf112, invocation_timestamp=2018-08-27T07:35:45.244Z, session_id=a3cba7ba-cfd7-4212-890a-62ecb4337007, session_timestamp=2018-08-27T07:34:36.673Z}
[INFO ] 2018-08-27T07:35:45,577Z [Thread-0 (ActiveMQ-client-global-threads)] peers.DLE6qjEFayMPGx9RQRu876Jw9v36muUtHBEBkpkXbk2oiu -> localhost:10005:O=PartyA, L=London, C=GB.start - Create new AMQP bridge {actor_id=user1, actor_owningIdentity=O=PartyB, L=New York, C=US, actor_store_id=NODE_CONFIG, invocation_id=b3f089bd-53b1-417a-947b-acbfd59bf112, invocation_timestamp=2018-08-27T07:35:45.244Z, session_id=a3cba7ba-cfd7-4212-890a-62ecb4337007, session_timestamp=2018-08-27T07:34:36.673Z}
[INFO ] 2018-08-27T07:35:45,578Z [Thread-0 (ActiveMQ-client-global-threads)] netty.AMQPClient.start - connect to: localhost:10005 {actor_id=user1, actor_owningIdentity=O=PartyB, L=New York, C=US, actor_store_id=NODE_CONFIG, invocation_id=b3f089bd-53b1-417a-947b-acbfd59bf112, invocation_timestamp=2018-08-27T07:35:45.244Z, session_id=a3cba7ba-cfd7-4212-890a-62ecb4337007, session_timestamp=2018-08-27T07:34:36.673Z}
[INFO ] 2018-08-27T07:35:45,635Z [nioEventLoopGroup-2-1] netty.AMQPClient.operationComplete - Connected to localhost:10005 {}
[INFO ] 2018-08-27T07:35:45,648Z [nioEventLoopGroup-2-1] O=PartyA, L=London, C=GB.channelActive - New client connection 52410303 from localhost/127.0.0.1:10005 to /127.0.0.1:51998 {}
[INFO ] 2018-08-27T07:35:45,678Z [nioEventLoopGroup-2-1] O=PartyA, L=London, C=GB.userEventTriggered - handshake completed subject: O=PartyA, L=London, C=GB {}
[INFO ] 2018-08-27T07:35:45,778Z [nioEventLoopGroup-2-1] peers.DLE6qjEFayMPGx9RQRu876Jw9v36muUtHBEBkpkXbk2oiu -> localhost:10005:O=PartyA, L=London, C=GB.onSocketConnected - Bridge Connected {}
[INFO ] 2018-08-27T07:35:45,786Z [nioEventLoopGroup-2-1] O=PartyB, L=New York, C=US.onConnectionLocalOpen - Connection local open org.apache.qpid.proton.engine.impl.ConnectionImpl@776060be {}
[INFO ] 2018-08-27T07:35:46,501Z [Thread-0 (ActiveMQ-client-global-threads)] messaging.P2PMessagingClient.artemisToCordaMessage - Received message from: p2p.inbound.DLBwev8F28gQ3PPyAzY5AifbxS8sTBogpudqj2Dw5PvCky user: O=PartyA, L=London, C=GB topic: platform.session uuid: 0285afce-b1a5-4cc9-979b-4f9eb84ae779 {actor_id=user1, actor_owningIdentity=O=PartyB, L=New York, C=US, actor_store_id=NODE_CONFIG, invocation_id=b3f089bd-53b1-417a-947b-acbfd59bf112, invocation_timestamp=2018-08-27T07:35:45.244Z, session_id=a3cba7ba-cfd7-4212-890a-62ecb4337007, session_timestamp=2018-08-27T07:34:36.673Z}
[INFO ] 2018-08-27T07:35:46,565Z [Thread-0 (ActiveMQ-client-global-threads)] messaging.P2PMessagingClient.artemisToCordaMessage - Received message from: p2p.inbound.DLBwev8F28gQ3PPyAzY5AifbxS8sTBogpudqj2Dw5PvCky user: O=PartyA, L=London, C=GB topic: platform.session uuid: 728103af-7114-45e4-ad37-1df2b0c3676c {actor_id=user1, actor_owningIdentity=O=PartyB, L=New York, C=US, actor_store_id=NODE_CONFIG, invocation_id=b3f089bd-53b1-417a-947b-acbfd59bf112, invocation_timestamp=2018-08-27T07:35:45.244Z, session_id=a3cba7ba-cfd7-4212-890a-62ecb4337007, session_timestamp=2018-08-27T07:34:36.673Z}
[INFO ] 2018-08-27T07:35:46,581Z [Thread-0 (ActiveMQ-client-global-threads)] messaging.P2PMessagingClient.artemisToCordaMessage - Received message from: p2p.inbound.DLBwev8F28gQ3PPyAzY5AifbxS8sTBogpudqj2Dw5PvCky user: O=PartyA, L=London, C=GB topic: platform.session uuid: 3c84f8a6-c240-4f07-b8ec-d5049a07abae {actor_id=user1, actor_owningIdentity=O=PartyB, L=New York, C=US, actor_store_id=NODE_CONFIG, invocation_id=b3f089bd-53b1-417a-947b-acbfd59bf112, invocation_timestamp=2018-08-27T07:35:45.244Z, session_id=a3cba7ba-cfd7-4212-890a-62ecb4337007, session_timestamp=2018-08-27T07:34:36.673Z}
[INFO ] 2018-08-27T07:35:46,864Z [Node thread-1] flow.[3eafab77-b0fe-491a-9803-a801b2362abb].initiateSession - Initiating flow session with party O=PartyA, L=London, C=GB. Session id for tracing purposes is SessionId(toLong=4855536388373972627). {}
[INFO ] 2018-08-27T07:35:47,107Z [Thread-1 (ActiveMQ-client-global-threads)] messaging.P2PMessagingClient.artemisToCordaMessage - Received message from: p2p.inbound.DLBwev8F28gQ3PPyAzY5AifbxS8sTBogpudqj2Dw5PvCky user: O=PartyA, L=London, C=GB topic: platform.session uuid: cd8e9429-f580-4eaa-ae89-ff520b3024c8 {}
[INFO ] 2018-08-27T07:35:47,264Z [Thread-0 (ActiveMQ-client-global-threads)] messaging.P2PMessagingClient.artemisToCordaMessage - Received message from: p2p.inbound.DLBwev8F28gQ3PPyAzY5AifbxS8sTBogpudqj2Dw5PvCky user: O=PartyA, L=London, C=GB topic: platform.session uuid: 1855a31d-64e7-4f02-9abf-0061b1765511 {actor_id=user1, actor_owningIdentity=O=PartyB, L=New York, C=US, actor_store_id=NODE_CONFIG, invocation_id=b3f089bd-53b1-417a-947b-acbfd59bf112, invocation_timestamp=2018-08-27T07:35:45.244Z, session_id=a3cba7ba-cfd7-4212-890a-62ecb4337007, session_timestamp=2018-08-27T07:34:36.673Z}
[INFO ] 2018-08-27T07:35:47,406Z [Thread-0 (ActiveMQ-client-global-threads)] messaging.P2PMessagingClient.artemisToCordaMessage - Received message from: p2p.inbound.DLBwev8F28gQ3PPyAzY5AifbxS8sTBogpudqj2Dw5PvCky user: O=PartyA, L=London, C=GB topic: platform.session uuid: cb1a96a3-9ec2-489d-a7b5-210136acbedf {actor_id=user1, actor_owningIdentity=O=PartyB, L=New York, C=US, actor_store_id=NODE_CONFIG, invocation_id=b3f089bd-53b1-417a-947b-acbfd59bf112, invocation_timestamp=2018-08-27T07:35:45.244Z, session_id=a3cba7ba-cfd7-4212-890a-62ecb4337007, session_timestamp=2018-08-27T07:34:36.673Z}
[INFO ] 2018-08-27T07:35:47,469Z [Thread-1 (ActiveMQ-client-global-threads)] messaging.P2PMessagingClient.artemisToCordaMessage - Received message from: p2p.inbound.DLBwev8F28gQ3PPyAzY5AifbxS8sTBogpudqj2Dw5PvCky user: O=PartyA, L=London, C=GB topic: platform.session uuid: 7b18a36f-3cf7-4b58-8e53-428467b46a2c {}
[INFO ] 2018-08-27T07:35:47,508Z [Node thread-1] persistence.HibernateConfiguration.makeSessionFactoryForSchemas - Creating session factory for schemas: [PropertySchema1(name=com.propertylisting.states.PropertySchema, version=1)] {}
[INFO ] 2018-08-27T07:35:47,511Z [Node thread-1] internal.ConnectionProviderInitiator.initiateService - HHH000130: Instantiating explicit connection provider: net.corda.nodeapi.internal.persistence.HibernateConfiguration$NodeDatabaseConnectionProvider {}
[INFO ] 2018-08-27T07:35:47,512Z [Node thread-1] dialect.Dialect.<init> - HHH000400: Using dialect: org.hibernate.dialect.H2Dialect {}
[INFO ] 2018-08-27T07:35:47,516Z [Node thread-1] type.BasicTypeRegistry.register - HHH000270: Type registration [materialized_blob] overrides previous : org.hibernate.type.MaterializedBlobType@6775c0d1 {}
[INFO ] 2018-08-27T07:35:47,527Z [Node thread-1] connections.access.getIsolatedConnection - HHH10001501: Connection obtained from JdbcConnectionAccess [org.hibernate.engine.jdbc.env.internal.JdbcEnvironmentInitiator$ConnectionProviderJdbcConnectionAccess@db720eb] for (non-JTA) DDL execution was not in auto-commit mode; the Connection 'local transaction' will be committed and the Connection will be set into auto-commit mode. {}
[INFO ] 2018-08-27T07:35:47,537Z [Node thread-1] persistence.HibernateConfiguration.makeSessionFactoryForSchemas - Created session factory for schemas: [PropertySchema1(name=com.propertylisting.states.PropertySchema, version=1)] {}
[INFO ] 2018-08-27T07:35:47,542Z [Node thread-1] persistence.HibernateConfiguration.makeSessionFactoryForSchemas - Creating session factory for schemas: [VaultSchemaV1(name=net.corda.node.services.vault.VaultSchema, version=1)] {}
[INFO ] 2018-08-27T07:35:47,547Z [Node thread-1] internal.ConnectionProviderInitiator.initiateService - HHH000130: Instantiating explicit connection provider: net.corda.nodeapi.internal.persistence.HibernateConfiguration$NodeDatabaseConnectionProvider {}
[INFO ] 2018-08-27T07:35:47,547Z [Node thread-1] dialect.Dialect.<init> - HHH000400: Using dialect: org.hibernate.dialect.H2Dialect {}
[INFO ] 2018-08-27T07:35:47,550Z [Node thread-1] type.BasicTypeRegistry.register - HHH000270: Type registration [materialized_blob] overrides previous : org.hibernate.type.MaterializedBlobType@6775c0d1 {}
[INFO ] 2018-08-27T07:35:47,577Z [Node thread-1] connections.access.getIsolatedConnection - HHH10001501: Connection obtained from JdbcConnectionAccess [org.hibernate.engine.jdbc.env.internal.JdbcEnvironmentInitiator$ConnectionProviderJdbcConnectionAccess@2debe40f] for (non-JTA) DDL execution was not in auto-commit mode; the Connection 'local transaction' will be committed and the Connection will be set into auto-commit mode. {}
[INFO ] 2018-08-27T07:35:47,603Z [Node thread-1] persistence.HibernateConfiguration.makeSessionFactoryForSchemas - Created session factory for schemas: [VaultSchemaV1(name=net.corda.node.services.vault.VaultSchema, version=1)] {}
[INFO ] 2018-08-27T07:35:47,608Z [Node thread-1] flow.[3eafab77-b0fe-491a-9803-a801b2362abb].initiateSession - Initiating flow session with party O=PartyA, L=London, C=GB. Session id for tracing purposes is SessionId(toLong=1363082639175669684). {}
[INFO ] 2018-08-27T07:35:47,721Z [Thread-0 (ActiveMQ-client-global-threads)] messaging.P2PMessagingClient.artemisToCordaMessage - Received message from: p2p.inbound.DLBwev8F28gQ3PPyAzY5AifbxS8sTBogpudqj2Dw5PvCky user: O=PartyA, L=London, C=GB topic: platform.session uuid: 27a64efe-7627-4800-b910-b7c6d344add5 {actor_id=user1, actor_owningIdentity=O=PartyB, L=New York, C=US, actor_store_id=NODE_CONFIG, invocation_id=b3f089bd-53b1-417a-947b-acbfd59bf112, invocation_timestamp=2018-08-27T07:35:45.244Z, session_id=a3cba7ba-cfd7-4212-890a-62ecb4337007, session_timestamp=2018-08-27T07:34:36.673Z}
[INFO ] 2018-08-27T07:35:47,813Z [Thread-1 (ActiveMQ-client-global-threads)] messaging.P2PMessagingClient.artemisToCordaMessage - Received message from: p2p.inbound.DLBwev8F28gQ3PPyAzY5AifbxS8sTBogpudqj2Dw5PvCky user: O=PartyA, L=London, C=GB topic: platform.session uuid: 6f920109-d200-4059-ab70-1c25dcac0662 {}
[INFO ] 2018-08-27T07:35:47,855Z [Thread-1 (ActiveMQ-client-global-threads)] messaging.P2PMessagingClient.artemisToCordaMessage - Received message from: p2p.inbound.DLBwev8F28gQ3PPyAzY5AifbxS8sTBogpudqj2Dw5PvCky user: O=PartyA, L=London, C=GB topic: platform.session uuid: 81aaef0f-bfeb-46f3-b725-00fe2eefc403 {}
[INFO ] 2018-08-27T07:35:53,797Z [Thread-1 (ActiveMQ-client-global-threads)] messaging.RPCServer.clientArtemisMessageHandler - SUBMITTING {actor_id=user1, actor_owningIdentity=O=PartyB, L=New York, C=US, actor_store_id=NODE_CONFIG, invocation_id=7a1ba246-cede-4cdb-a6e1-216b610f2fd5, invocation_timestamp=2018-08-27T07:35:53.797Z, session_id=a3cba7ba-cfd7-4212-890a-62ecb4337007, session_timestamp=2018-08-27T07:34:36.673Z}
[INFO ] 2018-08-27T07:35:53,801Z [rpc-server-handler-pool-2] vault.NodeVaultService._queryBy - Vault Query for contract type: class com.propertylisting.states.PropertyState, criteria: VaultQueryCriteria(status=UNCONSUMED, contractStateTypes=null, stateRefs=null, notary=null, softLockingCondition=null, timeCondition=null), pagination: PageSpecification(pageNumber=-1, pageSize=200), sorting: Sort(columns=[]) {actor_id=user1, actor_owningIdentity=O=PartyB, L=New York, C=US, actor_store_id=NODE_CONFIG, invocation_id=7a1ba246-cede-4cdb-a6e1-216b610f2fd5, invocation_timestamp=2018-08-27T07:35:53.797Z, session_id=a3cba7ba-cfd7-4212-890a-62ecb4337007, session_timestamp=2018-08-27T07:34:36.673Z}
[INFO ] 2018-08-27T07:37:12,399Z [Thread-2 (ActiveMQ-client-global-threads)] messaging.RPCServer.clientArtemisMessageHandler - SUBMITTING {actor_id=user1, actor_owningIdentity=O=PartyB, L=New York, C=US, actor_store_id=NODE_CONFIG, invocation_id=f7c94844-a293-4776-a0be-32e0bd9ee1a5, invocation_timestamp=2018-08-27T07:37:12.399Z, session_id=a3cba7ba-cfd7-4212-890a-62ecb4337007, session_timestamp=2018-08-27T07:34:36.673Z}
[INFO ] 2018-08-27T07:37:12,399Z [rpc-server-handler-pool-0] vault.NodeVaultService._queryBy - Vault Query for contract type: class com.propertylisting.states.PropertyState, criteria: VaultQueryCriteria(status=UNCONSUMED, contractStateTypes=null, stateRefs=null, notary=null, softLockingCondition=null, timeCondition=null), pagination: PageSpecification(pageNumber=-1, pageSize=200), sorting: Sort(columns=[]) {actor_id=user1, actor_owningIdentity=O=PartyB, L=New York, C=US, actor_store_id=NODE_CONFIG, invocation_id=f7c94844-a293-4776-a0be-32e0bd9ee1a5, invocation_timestamp=2018-08-27T07:37:12.399Z, session_id=a3cba7ba-cfd7-4212-890a-62ecb4337007, session_timestamp=2018-08-27T07:34:36.673Z}
[INFO ] 2018-08-27T07:37:38,159Z [Thread-2 (ActiveMQ-client-global-threads)] messaging.RPCServer.clientArtemisMessageHandler - SUBMITTING {actor_id=user1, actor_owningIdentity=O=PartyB, L=New York, C=US, actor_store_id=NODE_CONFIG, invocation_id=6870f56a-6c00-4444-9b2c-1fca52a580d7, invocation_timestamp=2018-08-27T07:37:38.159Z, session_id=a3cba7ba-cfd7-4212-890a-62ecb4337007, session_timestamp=2018-08-27T07:34:36.673Z}
[INFO ] 2018-08-27T07:37:38,159Z [rpc-server-handler-pool-3] vault.NodeVaultService._queryBy - Vault Query for contract type: class com.propertylisting.states.PropertyState, criteria: VaultQueryCriteria(status=UNCONSUMED, contractStateTypes=null, stateRefs=null, notary=null, softLockingCondition=null, timeCondition=null), pagination: PageSpecification(pageNumber=-1, pageSize=200), sorting: Sort(columns=[]) {actor_id=user1, actor_owningIdentity=O=PartyB, L=New York, C=US, actor_store_id=NODE_CONFIG, invocation_id=6870f56a-6c00-4444-9b2c-1fca52a580d7, invocation_timestamp=2018-08-27T07:37:38.159Z, session_id=a3cba7ba-cfd7-4212-890a-62ecb4337007, session_timestamp=2018-08-27T07:34:36.673Z}
[INFO ] 2018-08-27T07:38:41,642Z [nioEventLoopGroup-2-1] O=PartyB, L=New York, C=US.onConnectionLocalClose - Connection local close org.apache.qpid.proton.engine.impl.ConnectionImpl@776060be {}
[INFO ] 2018-08-27T07:38:41,648Z [nioEventLoopGroup-2-1] netty.AMQPClient.operationComplete - Disconnected from localhost:10005 {}
[INFO ] 2018-08-27T07:38:41,652Z [nioEventLoopGroup-2-1] O=PartyA, L=London, C=GB.channelInactive - Closed client connection 52410303 from localhost/127.0.0.1:10005 to /127.0.0.1:51998 {}
[INFO ] 2018-08-27T07:38:41,653Z [nioEventLoopGroup-2-1] peers.DLE6qjEFayMPGx9RQRu876Jw9v36muUtHBEBkpkXbk2oiu -> localhost:10005:O=PartyA, L=London, C=GB.onSocketConnected - Bridge Disconnected {}
[INFO ] 2018-08-27T07:38:42,652Z [nioEventLoopGroup-2-2] netty.AMQPClient.run - Retry connect {}
[INFO ] 2018-08-27T07:38:42,660Z [nioEventLoopGroup-2-3] netty.AMQPClient.operationComplete - Failed to connect to localhost:10005 {}
[INFO ] 2018-08-27T07:38:43,141Z [Thread-7] BasicInfo.printBasicNodeInfo - Shutting down ... {}
[INFO ] 2018-08-27T07:38:43,236Z [main] internal.Node.run - Node exiting successfully {}
[INFO ] 2018-08-27T07:38:43,300Z [Thread-7] peers.DLE6qjEFayMPGx9RQRu876Jw9v36muUtHBEBkpkXbk2oiu -> localhost:10005:O=PartyA, L=London, C=GB.stop - Stopping AMQP bridge {}
[INFO ] 2018-08-27T07:38:43,301Z [Thread-7] netty.AMQPClient.stop - disconnect from: localhost:10005 {}
[INFO ] 2018-08-27T07:38:43,301Z [Thread-7] netty.AMQPClient.stop - stopped connection to localhost:10005 {}
[INFO ] 2018-08-27T07:38:45,795Z [Thread-7] pool.HikariPool.shutdown - HikariPool-1 - Close initiated... {}
[INFO ] 2018-08-27T07:38:45,815Z [Thread-7] pool.HikariPool.shutdown - HikariPool-1 - Closed. {}
[INFO ] 2018-08-27T07:38:45,818Z [Thread-7] internal.Node.stop - Shutdown complete {}
